{"numFailedTestSuites":0,"numFailedTests":0,"numPassedTestSuites":34,"numPassedTests":384,"numPendingTestSuites":0,"numPendingTests":0,"numRuntimeErrorTestSuites":0,"numTodoTests":0,"numTotalTestSuites":34,"numTotalTests":384,"openHandles":[],"snapshot":{"added":0,"didUpdate":false,"failure":false,"filesAdded":0,"filesRemoved":0,"filesRemovedList":[],"filesUnmatched":0,"filesUpdated":0,"matched":0,"total":0,"unchecked":0,"uncheckedKeysByFile":[],"unmatched":0,"updated":0},"startTime":1780679454457,"success":true,"testResults":[{"assertionResults":[{"ancestorTitles":["Modelo Estudiante — pruebas unitarias"],"duration":13,"failing":false,"failureDetails":[],"failureMessages":[],"fullName":"Modelo Estudiante — pruebas unitarias UT-ME01 | constructor crea instancia con todos los campos","invocations":1,"location":null,"numPassingAsserts":7,"retryReasons":[],"startAt":1780679461990,"status":"passed","title":"UT-ME01 | constructor crea instancia con todos los campos"},{"ancestorTitles":["Modelo Estudiante — pruebas unitarias"],"duration":2,"failing":false,"failureDetails":[],"failureMessages":[],"fullName":"Modelo Estudiante — pruebas unitarias UT-ME02 | instancia es de tipo Estudiante","invocations":1,"location":null,"numPassingAsserts":1,"retryReasons":[],"startAt":1780679462005,"status":"passed","title":"UT-ME02 | instancia es de tipo Estudiante"},{"ancestorTitles":["Modelo Estudiante — pruebas unitarias"],"duration":1,"failing":false,"failureDetails":[],"failureMessages":[],"fullName":"Modelo Estudiante — pruebas unitarias UT-ME03 | estado false se asigna correctamente","invocations":1,"location":null,"numPassingAsserts":1,"retryReasons":[],"startAt":1780679462007,"status":"passed","title":"UT-ME03 | estado false se asigna correctamente"},{"ancestorTitles":["Modelo Estudiante — pruebas unitarias"],"duration":2,"failing":false,"failureDetails":[],"failureMessages":[],"fullName":"Modelo Estudiante — pruebas unitarias UT-ME04 | id_estudiante undefined no lanza error","invocations":1,"location":null,"numPassingAsserts":1,"retryReasons":[],"startAt":1780679462008,"status":"passed","title":"UT-ME04 | id_estudiante undefined no lanza error"},{"ancestorTitles":["Modelo Estudiante — pruebas unitarias"],"duration":2,"failing":false,"failureDetails":[],"failureMessages":[],"fullName":"Modelo Estudiante — pruebas unitarias UT-ME05 | dos instancias con mismos datos son independientes","invocations":1,"location":null,"numPassingAsserts":1,"retryReasons":[],"startAt":1780679462011,"status":"passed","title":"UT-ME05 | dos instancias con mismos datos son independientes"},{"ancestorTitles":["Modelo Docente — pruebas unitarias"],"duration":2,"failing":false,"failureDetails":[],"failureMessages":[],"fullName":"Modelo Docente — pruebas unitarias UT-MD01 | constructor crea instancia con todos los campos","invocations":1,"location":null,"numPassingAsserts":4,"retryReasons":[],"startAt":1780679462013,"status":"passed","title":"UT-MD01 | constructor crea instancia con todos los campos"},{"ancestorTitles":["Modelo Docente — pruebas unitarias"],"duration":2,"failing":false,"failureDetails":[],"failureMessages":[],"fullName":"Modelo Docente — pruebas unitarias UT-MD02 | instancia es de tipo Docente","invocations":1,"location":null,"numPassingAsserts":1,"retryReasons":[],"startAt":1780679462015,"status":"passed","title":"UT-MD02 | instancia es de tipo Docente"},{"ancestorTitles":["Modelo Docente — pruebas unitarias"],"duration":1,"failing":false,"failureDetails":[],"failureMessages":[],"fullName":"Modelo Docente — pruebas unitarias UT-MD03 | telefono null se asigna como null","invocations":1,"location":null,"numPassingAsserts":1,"retryReasons":[],"startAt":1780679462017,"status":"passed","title":"UT-MD03 | telefono null se asigna como null"},{"ancestorTitles":["Modelo Docente — pruebas unitarias"],"duration":1,"failing":false,"failureDetails":[],"failureMessages":[],"fullName":"Modelo Docente — pruebas unitarias UT-MD04 | estado false se asigna correctamente","invocations":1,"location":null,"numPassingAsserts":1,"retryReasons":[],"startAt":1780679462019,"status":"passed","title":"UT-MD04 | estado false se asigna correctamente"},{"ancestorTitles":["Modelo Docente — pruebas unitarias"],"duration":1,"failing":false,"failureDetails":[],"failureMessages":[],"fullName":"Modelo Docente — pruebas unitarias UT-MD05 | correo se asigna correctamente","invocations":1,"location":null,"numPassingAsserts":1,"retryReasons":[],"startAt":1780679462020,"status":"passed","title":"UT-MD05 | correo se asigna correctamente"},{"ancestorTitles":["Modelo Curso — pruebas unitarias"],"duration":2,"failing":false,"failureDetails":[],"failureMessages":[],"fullName":"Modelo Curso — pruebas unitarias UT-MC01 | constructor crea instancia con todos los campos","invocations":1,"location":null,"numPassingAsserts":5,"retryReasons":[],"startAt":1780679462022,"status":"passed","title":"UT-MC01 | constructor crea instancia con todos los campos"},{"ancestorTitles":["Modelo Curso — pruebas unitarias"],"duration":1,"failing":false,"failureDetails":[],"failureMessages":[],"fullName":"Modelo Curso — pruebas unitarias UT-MC02 | instancia es de tipo Curso","invocations":1,"location":null,"numPassingAsserts":1,"retryReasons":[],"startAt":1780679462025,"status":"passed","title":"UT-MC02 | instancia es de tipo Curso"},{"ancestorTitles":["Modelo Curso — pruebas unitarias"],"duration":2,"failing":false,"failureDetails":[],"failureMessages":[],"fullName":"Modelo Curso — pruebas unitarias UT-MC03 | horario se asigna como array","invocations":1,"location":null,"numPassingAsserts":2,"retryReasons":[],"startAt":1780679462026,"status":"passed","title":"UT-MC03 | horario se asigna como array"},{"ancestorTitles":["Modelo Curso — pruebas unitarias"],"duration":1,"failing":false,"failureDetails":[],"failureMessages":[],"fullName":"Modelo Curso — pruebas unitarias UT-MC04 | múltiples horarios se asignan correctamente","invocations":1,"location":null,"numPassingAsserts":1,"retryReasons":[],"startAt":1780679462028,"status":"passed","title":"UT-MC04 | múltiples horarios se asignan correctamente"},{"ancestorTitles":["Modelo Curso — pruebas unitarias"],"duration":2,"failing":false,"failureDetails":[],"failureMessages":[],"fullName":"Modelo Curso — pruebas unitarias UT-MC05 | estado false se asigna correctamente","invocations":1,"location":null,"numPassingAsserts":1,"retryReasons":[],"startAt":1780679462029,"status":"passed","title":"UT-MC05 | estado false se asigna correctamente"},{"ancestorTitles":["Modelo Curso — pruebas unitarias"],"duration":2,"failing":false,"failureDetails":[],"failureMessages":[],"fullName":"Modelo Curso — pruebas unitarias UT-MC06 | cupo_estudiante se asigna correctamente","invocations":1,"location":null,"numPassingAsserts":1,"retryReasons":[],"startAt":1780679462031,"status":"passed","title":"UT-MC06 | cupo_estudiante se asigna correctamente"},{"ancestorTitles":["Modelo Curso — pruebas unitarias"],"duration":1,"failing":false,"failureDetails":[],"failureMessages":[],"fullName":"Modelo Curso — pruebas unitarias UT-MC07 | nombre se asigna correctamente","invocations":1,"location":null,"numPassingAsserts":1,"retryReasons":[],"startAt":1780679462033,"status":"passed","title":"UT-MC07 | nombre se asigna correctamente"},{"ancestorTitles":["Modelo Curso — pruebas unitarias"],"duration":1,"failing":false,"failureDetails":[],"failureMessages":[],"fullName":"Modelo Curso — pruebas unitarias UT-MC08 | dos instancias son independientes","invocations":1,"location":null,"numPassingAsserts":1,"retryReasons":[],"startAt":1780679462034,"status":"passed","title":"UT-MC08 | dos instancias son independientes"}],"endTime":1780679462040,"message":"","name":"C:\\Users\\Reinel Alfaro\\Desktop\\proyec-EduCampus\\EduCampus\\src\\tests\\models.test.js","startTime":1780679458276,"status":"passed","summary":""},{"assertionResults":[{"ancestorTitles":["INT — AuthContext (integración)"],"duration":91,"failing":false,"failureDetails":[],"failureMessages":[],"fullName":"INT — AuthContext (integración) INT-AC01 | useAuth lanza error fuera del AuthProvider","invocations":1,"location":null,"numPassingAsserts":1,"retryReasons":[],"startAt":1780679461958,"status":"passed","title":"INT-AC01 | useAuth lanza error fuera del AuthProvider"},{"ancestorTitles":["INT — AuthContext (integración)"],"duration":66,"failing":false,"failureDetails":[],"failureMessages":[],"fullName":"INT — AuthContext (integración) INT-AC02 | isAuthenticated inicia en false sin sesión previa","invocations":1,"location":null,"numPassingAsserts":1,"retryReasons":[],"startAt":1780679462051,"status":"passed","title":"INT-AC02 | isAuthenticated inicia en false sin sesión previa"},{"ancestorTitles":["INT — AuthContext (integración)"],"duration":43,"failing":false,"failureDetails":[],"failureMessages":[],"fullName":"INT — AuthContext (integración) INT-AC03 | iniciarSesion exitoso actualiza isAuthenticated a true","invocations":1,"location":null,"numPassingAsserts":1,"retryReasons":[],"startAt":1780679462117,"status":"passed","title":"INT-AC03 | iniciarSesion exitoso actualiza isAuthenticated a true"},{"ancestorTitles":["INT — AuthContext (integración)"],"duration":62,"failing":false,"failureDetails":[],"failureMessages":[],"fullName":"INT — AuthContext (integración) INT-AC04 | iniciarSesion fallido no cambia isAuthenticated","invocations":1,"location":null,"numPassingAsserts":1,"retryReasons":[],"startAt":1780679462160,"status":"passed","title":"INT-AC04 | iniciarSesion fallido no cambia isAuthenticated"},{"ancestorTitles":["INT — AuthContext (integración)"],"duration":16,"failing":false,"failureDetails":[],"failureMessages":[],"fullName":"INT — AuthContext (integración) INT-AC05 | cerrarSesion cambia isAuthenticated a false","invocations":1,"location":null,"numPassingAsserts":1,"retryReasons":[],"startAt":1780679462223,"status":"passed","title":"INT-AC05 | cerrarSesion cambia isAuthenticated a false"},{"ancestorTitles":["INT — AuthContext (integración)"],"duration":8,"failing":false,"failureDetails":[],"failureMessages":[],"fullName":"INT — AuthContext (integración) INT-AC06 | loading inicia en true y termina en false","invocations":1,"location":null,"numPassingAsserts":1,"retryReasons":[],"startAt":1780679462240,"status":"passed","title":"INT-AC06 | loading inicia en true y termina en false"},{"ancestorTitles":["INT — AuthContext (integración)"],"duration":70,"failing":false,"failureDetails":[],"failureMessages":[],"fullName":"INT — AuthContext (integración) INT-AC07 | AuthProvider renderiza hijos correctamente","invocations":1,"location":null,"numPassingAsserts":1,"retryReasons":[],"startAt":1780679462248,"status":"passed","title":"INT-AC07 | AuthProvider renderiza hijos correctamente"},{"ancestorTitles":["INT — AuthContext (integración)"],"duration":19,"failing":false,"failureDetails":[],"failureMessages":[],"fullName":"INT — AuthContext (integración) INT-AC08 | usuario inicia en null sin sesión","invocations":1,"location":null,"numPassingAsserts":1,"retryReasons":[],"startAt":1780679462321,"status":"passed","title":"INT-AC08 | usuario inicia en null sin sesión"}],"endTime":1780679462344,"message":"","name":"C:\\Users\\Reinel Alfaro\\Desktop\\proyec-EduCampus\\EduCampus\\src\\tests\\int_authContext.test.jsx","startTime":1780679458221,"status":"passed","summary":""},{"assertionResults":[{"ancestorTitles":["crypto — pruebas unitarias (hashPassword)"],"duration":75,"failing":false,"failureDetails":[],"failureMessages":[],"fullName":"crypto — pruebas unitarias (hashPassword) UT-CR01 | hashPassword retorna una cadena hex de 64 caracteres","invocations":1,"location":null,"numPassingAsserts":2,"retryReasons":[],"startAt":1780679462191,"status":"passed","title":"UT-CR01 | hashPassword retorna una cadena hex de 64 caracteres"},{"ancestorTitles":["crypto — pruebas unitarias (hashPassword)"],"duration":3,"failing":false,"failureDetails":[],"failureMessages":[],"fullName":"crypto — pruebas unitarias (hashPassword) UT-CR02 | hashPassword retorna solo caracteres hexadecimales","invocations":1,"location":null,"numPassingAsserts":1,"retryReasons":[],"startAt":1780679462268,"status":"passed","title":"UT-CR02 | hashPassword retorna solo caracteres hexadecimales"},{"ancestorTitles":["crypto — pruebas unitarias (hashPassword)"],"duration":5,"failing":false,"failureDetails":[],"failureMessages":[],"fullName":"crypto — pruebas unitarias (hashPassword) UT-CR03 | la misma contraseña produce el mismo hash","invocations":1,"location":null,"numPassingAsserts":1,"retryReasons":[],"startAt":1780679462272,"status":"passed","title":"UT-CR03 | la misma contraseña produce el mismo hash"},{"ancestorTitles":["crypto — pruebas unitarias (hashPassword)"],"duration":2,"failing":false,"failureDetails":[],"failureMessages":[],"fullName":"crypto — pruebas unitarias (hashPassword) UT-CR04 | contraseñas diferentes producen hashes diferentes","invocations":1,"location":null,"numPassingAsserts":1,"retryReasons":[],"startAt":1780679462278,"status":"passed","title":"UT-CR04 | contraseñas diferentes producen hashes diferentes"},{"ancestorTitles":["crypto — pruebas unitarias (hashPassword)"],"duration":2,"failing":false,"failureDetails":[],"failureMessages":[],"fullName":"crypto — pruebas unitarias (hashPassword) UT-CR05 | el hash no contiene la contraseña original","invocations":1,"location":null,"numPassingAsserts":1,"retryReasons":[],"startAt":1780679462281,"status":"passed","title":"UT-CR05 | el hash no contiene la contraseña original"},{"ancestorTitles":["crypto — pruebas unitarias (hashPassword)"],"duration":1,"failing":false,"failureDetails":[],"failureMessages":[],"fullName":"crypto — pruebas unitarias (hashPassword) UT-CR06 | hashPassword funciona con contraseña vacía","invocations":1,"location":null,"numPassingAsserts":1,"retryReasons":[],"startAt":1780679462284,"status":"passed","title":"UT-CR06 | hashPassword funciona con contraseña vacía"},{"ancestorTitles":["crypto — pruebas unitarias (hashPassword)"],"duration":2,"failing":false,"failureDetails":[],"failureMessages":[],"fullName":"crypto — pruebas unitarias (hashPassword) UT-CR07 | hashPassword funciona con caracteres especiales","invocations":1,"location":null,"numPassingAsserts":2,"retryReasons":[],"startAt":1780679462285,"status":"passed","title":"UT-CR07 | hashPassword funciona con caracteres especiales"},{"ancestorTitles":["crypto — pruebas unitarias (hashPassword)"],"duration":69,"failing":false,"failureDetails":[],"failureMessages":[],"fullName":"crypto — pruebas unitarias (hashPassword) UT-CR08 | hashPassword funciona con contraseña larga","invocations":1,"location":null,"numPassingAsserts":1,"retryReasons":[],"startAt":1780679462288,"status":"passed","title":"UT-CR08 | hashPassword funciona con contraseña larga"}],"endTime":1780679462361,"message":"","name":"C:\\Users\\Reinel Alfaro\\Desktop\\proyec-EduCampus\\EduCampus\\src\\tests\\crypto.test.js","startTime":1780679458317,"status":"passed","summary":""},{"assertionResults":[{"ancestorTitles":["estudianteService — pruebas unitarias (fetch mock)"],"duration":20,"failing":false,"failureDetails":[],"failureMessages":[],"fullName":"estudianteService — pruebas unitarias (fetch mock) UT-EST01 | listarEstudiantes retorna lista al tener éxito","invocations":1,"location":null,"numPassingAsserts":2,"retryReasons":[],"startAt":1780679462417,"status":"passed","title":"UT-EST01 | listarEstudiantes retorna lista al tener éxito"},{"ancestorTitles":["estudianteService — pruebas unitarias (fetch mock)"],"duration":31,"failing":false,"failureDetails":[],"failureMessages":[],"fullName":"estudianteService — pruebas unitarias (fetch mock) UT-EST02 | listarEstudiantes retorna error si falla la API","invocations":1,"location":null,"numPassingAsserts":1,"retryReasons":[],"startAt":1780679462438,"status":"passed","title":"UT-EST02 | listarEstudiantes retorna error si falla la API"},{"ancestorTitles":["estudianteService — pruebas unitarias (fetch mock)"],"duration":3,"failing":false,"failureDetails":[],"failureMessages":[],"fullName":"estudianteService — pruebas unitarias (fetch mock) UT-EST03 | listarEstudiantes retorna error si hay fallo de red","invocations":1,"location":null,"numPassingAsserts":1,"retryReasons":[],"startAt":1780679462469,"status":"passed","title":"UT-EST03 | listarEstudiantes retorna error si hay fallo de red"},{"ancestorTitles":["estudianteService — pruebas unitarias (fetch mock)"],"duration":2,"failing":false,"failureDetails":[],"failureMessages":[],"fullName":"estudianteService — pruebas unitarias (fetch mock) UT-EST04 | obtenerEstudiantePorId retorna el estudiante correcto","invocations":1,"location":null,"numPassingAsserts":2,"retryReasons":[],"startAt":1780679462473,"status":"passed","title":"UT-EST04 | obtenerEstudiantePorId retorna el estudiante correcto"},{"ancestorTitles":["estudianteService — pruebas unitarias (fetch mock)"],"duration":52,"failing":false,"failureDetails":[],"failureMessages":[],"fullName":"estudianteService — pruebas unitarias (fetch mock) UT-EST05 | crearEstudiante llama a fetch con método POST","invocations":1,"location":null,"numPassingAsserts":1,"retryReasons":[],"startAt":1780679462478,"status":"passed","title":"UT-EST05 | crearEstudiante llama a fetch con método POST"},{"ancestorTitles":["estudianteService — pruebas unitarias (fetch mock)"],"duration":3,"failing":false,"failureDetails":[],"failureMessages":[],"fullName":"estudianteService — pruebas unitarias (fetch mock) UT-EST06 | actualizarEstudiante llama a fetch con método PUT","invocations":1,"location":null,"numPassingAsserts":1,"retryReasons":[],"startAt":1780679462531,"status":"passed","title":"UT-EST06 | actualizarEstudiante llama a fetch con método PUT"},{"ancestorTitles":["estudianteService — pruebas unitarias (fetch mock)"],"duration":2,"failing":false,"failureDetails":[],"failureMessages":[],"fullName":"estudianteService — pruebas unitarias (fetch mock) UT-EST07 | eliminarEstudiante llama a fetch con método DELETE","invocations":1,"location":null,"numPassingAsserts":1,"retryReasons":[],"startAt":1780679462534,"status":"passed","title":"UT-EST07 | eliminarEstudiante llama a fetch con método DELETE"},{"ancestorTitles":["estudianteService — pruebas unitarias (fetch mock)"],"duration":6,"failing":false,"failureDetails":[],"failureMessages":[],"fullName":"estudianteService — pruebas unitarias (fetch mock) UT-EST08 | crearEstudiante no envía contraseña en texto plano","invocations":1,"location":null,"numPassingAsserts":2,"retryReasons":[],"startAt":1780679462537,"status":"passed","title":"UT-EST08 | crearEstudiante no envía contraseña en texto plano"}],"endTime":1780679462548,"message":"","name":"C:\\Users\\Reinel Alfaro\\Desktop\\proyec-EduCampus\\EduCampus\\src\\tests\\estudianteService.test.js","startTime":1780679458348,"status":"passed","summary":""},{"assertionResults":[{"ancestorTitles":["INT — Servicios API (integración con fetch mock)"],"duration":59,"failing":false,"failureDetails":[],"failureMessages":[],"fullName":"INT — Servicios API (integración con fetch mock) INT-SV01 | flujo completo login → sesión activa → obtener rol","invocations":1,"location":null,"numPassingAsserts":2,"retryReasons":[],"startAt":1780679462375,"status":"passed","title":"INT-SV01 | flujo completo login → sesión activa → obtener rol"},{"ancestorTitles":["INT — Servicios API (integración con fetch mock)"],"duration":10,"failing":false,"failureDetails":[],"failureMessages":[],"fullName":"INT — Servicios API (integración con fetch mock) INT-SV02 | flujo login → cerrar sesión → sesión eliminada","invocations":1,"location":null,"numPassingAsserts":3,"retryReasons":[],"startAt":1780679462436,"status":"passed","title":"INT-SV02 | flujo login → cerrar sesión → sesión eliminada"},{"ancestorTitles":["INT — Servicios API (integración con fetch mock)"],"duration":2,"failing":false,"failureDetails":[],"failureMessages":[],"fullName":"INT — Servicios API (integración con fetch mock) INT-SV03 | login fallido no guarda sesión","invocations":1,"location":null,"numPassingAsserts":1,"retryReasons":[],"startAt":1780679462450,"status":"passed","title":"INT-SV03 | login fallido no guarda sesión"},{"ancestorTitles":["INT — Servicios API (integración con fetch mock)"],"duration":3,"failing":false,"failureDetails":[],"failureMessages":[],"fullName":"INT — Servicios API (integración con fetch mock) INT-SV04 | listar estudiantes devuelve array correcto","invocations":1,"location":null,"numPassingAsserts":2,"retryReasons":[],"startAt":1780679462453,"status":"passed","title":"INT-SV04 | listar estudiantes devuelve array correcto"},{"ancestorTitles":["INT — Servicios API (integración con fetch mock)"],"duration":54,"failing":false,"failureDetails":[],"failureMessages":[],"fullName":"INT — Servicios API (integración con fetch mock) INT-SV05 | crear estudiante y listar → el nuevo aparece en la lista","invocations":1,"location":null,"numPassingAsserts":1,"retryReasons":[],"startAt":1780679462457,"status":"passed","title":"INT-SV05 | crear estudiante y listar → el nuevo aparece en la lista"},{"ancestorTitles":["INT — Servicios API (integración con fetch mock)"],"duration":6,"failing":false,"failureDetails":[],"failureMessages":[],"fullName":"INT — Servicios API (integración con fetch mock) INT-SV06 | error de red devuelve objeto con error=true","invocations":1,"location":null,"numPassingAsserts":2,"retryReasons":[],"startAt":1780679462514,"status":"passed","title":"INT-SV06 | error de red devuelve objeto con error=true"},{"ancestorTitles":["INT — Servicios API (integración con fetch mock)"],"duration":4,"failing":false,"failureDetails":[],"failureMessages":[],"fullName":"INT — Servicios API (integración con fetch mock) INT-SV07 | fetch es llamado con la URL correcta del endpoint","invocations":1,"location":null,"numPassingAsserts":1,"retryReasons":[],"startAt":1780679462521,"status":"passed","title":"INT-SV07 | fetch es llamado con la URL correcta del endpoint"},{"ancestorTitles":["INT — Servicios API (integración con fetch mock)"],"duration":43,"failing":false,"failureDetails":[],"failureMessages":[],"fullName":"INT — Servicios API (integración con fetch mock) INT-SV08 | fetch es llamado con Content-Type JSON en POST","invocations":1,"location":null,"numPassingAsserts":1,"retryReasons":[],"startAt":1780679462527,"status":"passed","title":"INT-SV08 | fetch es llamado con Content-Type JSON en POST"},{"ancestorTitles":["INT — Servicios API (integración con fetch mock)"],"duration":5,"failing":false,"failureDetails":[],"failureMessages":[],"fullName":"INT — Servicios API (integración con fetch mock) INT-SV09 | múltiples servicios pueden coexistir sin interferir","invocations":1,"location":null,"numPassingAsserts":2,"retryReasons":[],"startAt":1780679462570,"status":"passed","title":"INT-SV09 | múltiples servicios pueden coexistir sin interferir"},{"ancestorTitles":["INT — Servicios API (integración con fetch mock)"],"duration":19,"failing":false,"failureDetails":[],"failureMessages":[],"fullName":"INT — Servicios API (integración con fetch mock) INT-SV10 | login con error de servidor devuelve mensaje de error","invocations":1,"location":null,"numPassingAsserts":2,"retryReasons":[],"startAt":1780679462575,"status":"passed","title":"INT-SV10 | login con error de servidor devuelve mensaje de error"}],"endTime":1780679462601,"message":"","name":"C:\\Users\\Reinel Alfaro\\Desktop\\proyec-EduCampus\\EduCampus\\src\\tests\\int_servicios.test.js","startTime":1780679458407,"status":"passed","summary":""},{"assertionResults":[{"ancestorTitles":["authService — pruebas unitarias"],"duration":30,"failing":false,"failureDetails":[],"failureMessages":[],"fullName":"authService — pruebas unitarias UT-AS01 | cerrarSesion limpia el localStorage","invocations":1,"location":null,"numPassingAsserts":2,"retryReasons":[],"startAt":1780679462518,"status":"passed","title":"UT-AS01 | cerrarSesion limpia el localStorage"},{"ancestorTitles":["authService — pruebas unitarias"],"duration":4,"failing":false,"failureDetails":[],"failureMessages":[],"fullName":"authService — pruebas unitarias UT-AS02 | obtenerUsuarioActual retorna null sin sesión","invocations":1,"location":null,"numPassingAsserts":1,"retryReasons":[],"startAt":1780679462551,"status":"passed","title":"UT-AS02 | obtenerUsuarioActual retorna null sin sesión"},{"ancestorTitles":["authService — pruebas unitarias"],"duration":6,"failing":false,"failureDetails":[],"failureMessages":[],"fullName":"authService — pruebas unitarias UT-AS03 | obtenerUsuarioActual retorna el usuario guardado","invocations":1,"location":null,"numPassingAsserts":1,"retryReasons":[],"startAt":1780679462555,"status":"passed","title":"UT-AS03 | obtenerUsuarioActual retorna el usuario guardado"},{"ancestorTitles":["authService — pruebas unitarias"],"duration":1,"failing":false,"failureDetails":[],"failureMessages":[],"fullName":"authService — pruebas unitarias UT-AS04 | estaAutenticado retorna false sin sesión","invocations":1,"location":null,"numPassingAsserts":1,"retryReasons":[],"startAt":1780679462562,"status":"passed","title":"UT-AS04 | estaAutenticado retorna false sin sesión"},{"ancestorTitles":["authService — pruebas unitarias"],"duration":2,"failing":false,"failureDetails":[],"failureMessages":[],"fullName":"authService — pruebas unitarias UT-AS05 | estaAutenticado retorna true con sesión activa","invocations":1,"location":null,"numPassingAsserts":1,"retryReasons":[],"startAt":1780679462564,"status":"passed","title":"UT-AS05 | estaAutenticado retorna true con sesión activa"},{"ancestorTitles":["authService — pruebas unitarias"],"duration":2,"failing":false,"failureDetails":[],"failureMessages":[],"fullName":"authService — pruebas unitarias UT-AS06 | estaAutenticado retorna false con valor incorrecto","invocations":1,"location":null,"numPassingAsserts":1,"retryReasons":[],"startAt":1780679462566,"status":"passed","title":"UT-AS06 | estaAutenticado retorna false con valor incorrecto"},{"ancestorTitles":["authService — pruebas unitarias"],"duration":2,"failing":false,"failureDetails":[],"failureMessages":[],"fullName":"authService — pruebas unitarias UT-AS07 | obtenerRolUsuario retorna null sin sesión","invocations":1,"location":null,"numPassingAsserts":1,"retryReasons":[],"startAt":1780679462568,"status":"passed","title":"UT-AS07 | obtenerRolUsuario retorna null sin sesión"},{"ancestorTitles":["authService — pruebas unitarias"],"duration":1,"failing":false,"failureDetails":[],"failureMessages":[],"fullName":"authService — pruebas unitarias UT-AS08 | obtenerRolUsuario retorna el rol del usuario","invocations":1,"location":null,"numPassingAsserts":1,"retryReasons":[],"startAt":1780679462570,"status":"passed","title":"UT-AS08 | obtenerRolUsuario retorna el rol del usuario"},{"ancestorTitles":["authService — pruebas unitarias"],"duration":5,"failing":false,"failureDetails":[],"failureMessages":[],"fullName":"authService — pruebas unitarias UT-AS09 | obtenerRolUsuario retorna docente correctamente","invocations":1,"location":null,"numPassingAsserts":1,"retryReasons":[],"startAt":1780679462572,"status":"passed","title":"UT-AS09 | obtenerRolUsuario retorna docente correctamente"},{"ancestorTitles":["authService — pruebas unitarias"],"duration":14,"failing":false,"failureDetails":[],"failureMessages":[],"fullName":"authService — pruebas unitarias UT-AS10 | obtenerRolUsuario retorna estudiante correctamente","invocations":1,"location":null,"numPassingAsserts":1,"retryReasons":[],"startAt":1780679462577,"status":"passed","title":"UT-AS10 | obtenerRolUsuario retorna estudiante correctamente"},{"ancestorTitles":["authService — pruebas unitarias"],"duration":51,"failing":false,"failureDetails":[],"failureMessages":[],"fullName":"authService — pruebas unitarias UT-AS11 | iniciarSesion guarda usuario en localStorage al tener éxito","invocations":1,"location":null,"numPassingAsserts":2,"retryReasons":[],"startAt":1780679462593,"status":"passed","title":"UT-AS11 | iniciarSesion guarda usuario en localStorage al tener éxito"},{"ancestorTitles":["authService — pruebas unitarias"],"duration":4,"failing":false,"failureDetails":[],"failureMessages":[],"fullName":"authService — pruebas unitarias UT-AS12 | iniciarSesion retorna error con credenciales incorrectas","invocations":1,"location":null,"numPassingAsserts":2,"retryReasons":[],"startAt":1780679462645,"status":"passed","title":"UT-AS12 | iniciarSesion retorna error con credenciales incorrectas"}],"endTime":1780679462653,"message":"","name":"C:\\Users\\Reinel Alfaro\\Desktop\\proyec-EduCampus\\EduCampus\\src\\tests\\authService.test.js","startTime":1780679458649,"status":"passed","summary":""},{"assertionResults":[{"ancestorTitles":["useConfiguracionValidator — pruebas unitarias"],"duration":77,"failing":false,"failureDetails":[],"failureMessages":[],"fullName":"useConfiguracionValidator — pruebas unitarias UT-CF01 | datos válidos retorna true","invocations":1,"location":null,"numPassingAsserts":1,"retryReasons":[],"startAt":1780679462558,"status":"passed","title":"UT-CF01 | datos válidos retorna true"},{"ancestorTitles":["useConfiguracionValidator — pruebas unitarias"],"duration":15,"failing":false,"failureDetails":[],"failureMessages":[],"fullName":"useConfiguracionValidator — pruebas unitarias UT-CF02 | nombre institución vacío genera error","invocations":1,"location":null,"numPassingAsserts":1,"retryReasons":[],"startAt":1780679462637,"status":"passed","title":"UT-CF02 | nombre institución vacío genera error"},{"ancestorTitles":["useConfiguracionValidator — pruebas unitarias"],"duration":32,"failing":false,"failureDetails":[],"failureMessages":[],"fullName":"useConfiguracionValidator — pruebas unitarias UT-CF03 | nombre institución muy corto genera error","invocations":1,"location":null,"numPassingAsserts":1,"retryReasons":[],"startAt":1780679462652,"status":"passed","title":"UT-CF03 | nombre institución muy corto genera error"},{"ancestorTitles":["useConfiguracionValidator — pruebas unitarias"],"duration":9,"failing":false,"failureDetails":[],"failureMessages":[],"fullName":"useConfiguracionValidator — pruebas unitarias UT-CF04 | email contacto vacío genera error","invocations":1,"location":null,"numPassingAsserts":1,"retryReasons":[],"startAt":1780679462685,"status":"passed","title":"UT-CF04 | email contacto vacío genera error"},{"ancestorTitles":["useConfiguracionValidator — pruebas unitarias"],"duration":14,"failing":false,"failureDetails":[],"failureMessages":[],"fullName":"useConfiguracionValidator — pruebas unitarias UT-CF05 | email contacto inválido genera error","invocations":1,"location":null,"numPassingAsserts":1,"retryReasons":[],"startAt":1780679462694,"status":"passed","title":"UT-CF05 | email contacto inválido genera error"},{"ancestorTitles":["useConfiguracionValidator — pruebas unitarias"],"duration":7,"failing":false,"failureDetails":[],"failureMessages":[],"fullName":"useConfiguracionValidator — pruebas unitarias UT-CF06 | año académico vacío genera error","invocations":1,"location":null,"numPassingAsserts":1,"retryReasons":[],"startAt":1780679462708,"status":"passed","title":"UT-CF06 | año académico vacío genera error"},{"ancestorTitles":["useConfiguracionValidator — pruebas unitarias"],"duration":6,"failing":false,"failureDetails":[],"failureMessages":[],"fullName":"useConfiguracionValidator — pruebas unitarias UT-CF07 | año académico con formato incorrecto genera error","invocations":1,"location":null,"numPassingAsserts":1,"retryReasons":[],"startAt":1780679462715,"status":"passed","title":"UT-CF07 | año académico con formato incorrecto genera error"},{"ancestorTitles":["useConfiguracionValidator — pruebas unitarias"],"duration":13,"failing":false,"failureDetails":[],"failureMessages":[],"fullName":"useConfiguracionValidator — pruebas unitarias UT-CF08 | año académico con formato YYYY-YYYY es válido","invocations":1,"location":null,"numPassingAsserts":1,"retryReasons":[],"startAt":1780679462749,"status":"passed","title":"UT-CF08 | año académico con formato YYYY-YYYY es válido"},{"ancestorTitles":["useConfiguracionValidator — pruebas unitarias"],"duration":48,"failing":false,"failureDetails":[],"failureMessages":[],"fullName":"useConfiguracionValidator — pruebas unitarias UT-CF09 | retorna false con datos inválidos","invocations":1,"location":null,"numPassingAsserts":1,"retryReasons":[],"startAt":1780679462765,"status":"passed","title":"UT-CF09 | retorna false con datos inválidos"},{"ancestorTitles":["useConfiguracionValidator — pruebas unitarias"],"duration":18,"failing":false,"failureDetails":[],"failureMessages":[],"fullName":"useConfiguracionValidator — pruebas unitarias UT-CF10 | clearErrors limpia todos los errores","invocations":1,"location":null,"numPassingAsserts":2,"retryReasons":[],"startAt":1780679462813,"status":"passed","title":"UT-CF10 | clearErrors limpia todos los errores"},{"ancestorTitles":["useConfiguracionValidator — pruebas unitarias"],"duration":29,"failing":false,"failureDetails":[],"failureMessages":[],"fullName":"useConfiguracionValidator — pruebas unitarias UT-CF11 | múltiples errores simultáneos","invocations":1,"location":null,"numPassingAsserts":1,"retryReasons":[],"startAt":1780679462832,"status":"passed","title":"UT-CF11 | múltiples errores simultáneos"},{"ancestorTitles":["useConfiguracionValidator — pruebas unitarias"],"duration":13,"failing":false,"failureDetails":[],"failureMessages":[],"fullName":"useConfiguracionValidator — pruebas unitarias UT-CF12 | nombre con exactamente 3 caracteres es válido","invocations":1,"location":null,"numPassingAsserts":1,"retryReasons":[],"startAt":1780679462862,"status":"passed","title":"UT-CF12 | nombre con exactamente 3 caracteres es válido"},{"ancestorTitles":["useConfiguracionValidator — pruebas unitarias"],"duration":7,"failing":false,"failureDetails":[],"failureMessages":[],"fullName":"useConfiguracionValidator — pruebas unitarias UT-CF13 | año académico con letras es inválido","invocations":1,"location":null,"numPassingAsserts":1,"retryReasons":[],"startAt":1780679462875,"status":"passed","title":"UT-CF13 | año académico con letras es inválido"},{"ancestorTitles":["useConfiguracionValidator — pruebas unitarias"],"duration":8,"failing":false,"failureDetails":[],"failureMessages":[],"fullName":"useConfiguracionValidator — pruebas unitarias UT-CF14 | email con subdominio es válido","invocations":1,"location":null,"numPassingAsserts":1,"retryReasons":[],"startAt":1780679462887,"status":"passed","title":"UT-CF14 | email con subdominio es válido"},{"ancestorTitles":["useConfiguracionValidator — pruebas unitarias"],"duration":9,"failing":false,"failureDetails":[],"failureMessages":[],"fullName":"useConfiguracionValidator — pruebas unitarias UT-CF15 | errores se limpian tras validación exitosa","invocations":1,"location":null,"numPassingAsserts":2,"retryReasons":[],"startAt":1780679462897,"status":"passed","title":"UT-CF15 | errores se limpian tras validación exitosa"}],"endTime":1780679462910,"message":"","name":"C:\\Users\\Reinel Alfaro\\Desktop\\proyec-EduCampus\\EduCampus\\src\\tests\\useConfiguracionValidator.test.jsx","startTime":1780679458318,"status":"passed","summary":""},{"assertionResults":[{"ancestorTitles":["StatCard — pruebas de componente"],"duration":156,"failing":false,"failureDetails":[],"failureMessages":[],"fullName":"StatCard — pruebas de componente CP-SC01 | muestra el título correctamente","invocations":1,"location":null,"numPassingAsserts":1,"retryReasons":[],"startAt":1780679462750,"status":"passed","title":"CP-SC01 | muestra el título correctamente"},{"ancestorTitles":["StatCard — pruebas de componente"],"duration":16,"failing":false,"failureDetails":[],"failureMessages":[],"fullName":"StatCard — pruebas de componente CP-SC02 | muestra el valor correctamente","invocations":1,"location":null,"numPassingAsserts":1,"retryReasons":[],"startAt":1780679462908,"status":"passed","title":"CP-SC02 | muestra el valor correctamente"},{"ancestorTitles":["StatCard — pruebas de componente"],"duration":38,"failing":false,"failureDetails":[],"failureMessages":[],"fullName":"StatCard — pruebas de componente CP-SC03 | muestra el ícono correctamente","invocations":1,"location":null,"numPassingAsserts":1,"retryReasons":[],"startAt":1780679462924,"status":"passed","title":"CP-SC03 | muestra el ícono correctamente"},{"ancestorTitles":["StatCard — pruebas de componente"],"duration":11,"failing":false,"failureDetails":[],"failureMessages":[],"fullName":"StatCard — pruebas de componente CP-SC04 | acepta valor cero","invocations":1,"location":null,"numPassingAsserts":1,"retryReasons":[],"startAt":1780679462962,"status":"passed","title":"CP-SC04 | acepta valor cero"},{"ancestorTitles":["StatCard — pruebas de componente"],"duration":13,"failing":false,"failureDetails":[],"failureMessages":[],"fullName":"StatCard — pruebas de componente CP-SC05 | acepta valor string","invocations":1,"location":null,"numPassingAsserts":1,"retryReasons":[],"startAt":1780679462974,"status":"passed","title":"CP-SC05 | acepta valor string"},{"ancestorTitles":["StatCard — pruebas de componente"],"duration":39,"failing":false,"failureDetails":[],"failureMessages":[],"fullName":"StatCard — pruebas de componente CP-SC06 | renderiza sin errores","invocations":1,"location":null,"numPassingAsserts":1,"retryReasons":[],"startAt":1780679462988,"status":"passed","title":"CP-SC06 | renderiza sin errores"},{"ancestorTitles":["StatCard — pruebas de componente"],"duration":21,"failing":false,"failureDetails":[],"failureMessages":[],"fullName":"StatCard — pruebas de componente CP-SC07 | el título está en uppercase (CSS class)","invocations":1,"location":null,"numPassingAsserts":1,"retryReasons":[],"startAt":1780679463028,"status":"passed","title":"CP-SC07 | el título está en uppercase (CSS class)"},{"ancestorTitles":["StatCard — pruebas de componente"],"duration":25,"failing":false,"failureDetails":[],"failureMessages":[],"fullName":"StatCard — pruebas de componente CP-SC08 | acepta valores grandes","invocations":1,"location":null,"numPassingAsserts":1,"retryReasons":[],"startAt":1780679463049,"status":"passed","title":"CP-SC08 | acepta valores grandes"}],"endTime":1780679463083,"message":"","name":"C:\\Users\\Reinel Alfaro\\Desktop\\proyec-EduCampus\\EduCampus\\src\\tests\\StatCard.test.jsx","startTime":1780679458455,"status":"passed","summary":""},{"assertionResults":[{"ancestorTitles":["SIS — Pruebas de Usabilidad"],"duration":309,"failing":false,"failureDetails":[],"failureMessages":[],"fullName":"SIS — Pruebas de Usabilidad SIS-U01 | el formulario tiene un título visible","invocations":1,"location":null,"numPassingAsserts":1,"retryReasons":[],"startAt":1780679462433,"status":"passed","title":"SIS-U01 | el formulario tiene un título visible"},{"ancestorTitles":["SIS — Pruebas de Usabilidad"],"duration":59,"failing":false,"failureDetails":[],"failureMessages":[],"fullName":"SIS — Pruebas de Usabilidad SIS-U02 | los campos tienen etiquetas descriptivas","invocations":1,"location":null,"numPassingAsserts":2,"retryReasons":[],"startAt":1780679462743,"status":"passed","title":"SIS-U02 | los campos tienen etiquetas descriptivas"},{"ancestorTitles":["SIS — Pruebas de Usabilidad"],"duration":295,"failing":false,"failureDetails":[],"failureMessages":[],"fullName":"SIS — Pruebas de Usabilidad SIS-U03 | el botón principal tiene texto descriptivo","invocations":1,"location":null,"numPassingAsserts":2,"retryReasons":[],"startAt":1780679462803,"status":"passed","title":"SIS-U03 | el botón principal tiene texto descriptivo"},{"ancestorTitles":["SIS — Pruebas de Usabilidad"],"duration":131,"failing":false,"failureDetails":[],"failureMessages":[],"fullName":"SIS — Pruebas de Usabilidad SIS-U04 | existe un botón de acción secundaria (Limpiar)","invocations":1,"location":null,"numPassingAsserts":1,"retryReasons":[],"startAt":1780679463099,"status":"passed","title":"SIS-U04 | existe un botón de acción secundaria (Limpiar)"},{"ancestorTitles":["SIS — Pruebas de Usabilidad"],"duration":48,"failing":false,"failureDetails":[],"failureMessages":[],"fullName":"SIS — Pruebas de Usabilidad SIS-U05 | el campo de contraseña es de tipo password","invocations":1,"location":null,"numPassingAsserts":1,"retryReasons":[],"startAt":1780679463231,"status":"passed","title":"SIS-U05 | el campo de contraseña es de tipo password"},{"ancestorTitles":["SIS — Pruebas de Usabilidad"],"duration":96,"failing":false,"failureDetails":[],"failureMessages":[],"fullName":"SIS — Pruebas de Usabilidad SIS-U06 | muestra información de contacto en el footer","invocations":1,"location":null,"numPassingAsserts":1,"retryReasons":[],"startAt":1780679463281,"status":"passed","title":"SIS-U06 | muestra información de contacto en el footer"},{"ancestorTitles":["SIS — Pruebas de Usabilidad"],"duration":44,"failing":false,"failureDetails":[],"failureMessages":[],"fullName":"SIS — Pruebas de Usabilidad SIS-U07 | muestra los tres roles disponibles","invocations":1,"location":null,"numPassingAsserts":3,"retryReasons":[],"startAt":1780679463378,"status":"passed","title":"SIS-U07 | muestra los tres roles disponibles"},{"ancestorTitles":["SIS — Pruebas de Usabilidad"],"duration":101,"failing":false,"failureDetails":[],"failureMessages":[],"fullName":"SIS — Pruebas de Usabilidad SIS-U08 | el placeholder del correo orienta al usuario","invocations":1,"location":null,"numPassingAsserts":1,"retryReasons":[],"startAt":1780679463423,"status":"passed","title":"SIS-U08 | el placeholder del correo orienta al usuario"}],"endTime":1780679463528,"message":"","name":"C:\\Users\\Reinel Alfaro\\Desktop\\proyec-EduCampus\\EduCampus\\src\\tests\\sis_usabilidad.test.jsx","startTime":1780679458199,"status":"passed","summary":""},{"assertionResults":[{"ancestorTitles":["ACEP — Historias de Usuario extendidas"],"duration":81,"failing":false,"failureDetails":[],"failureMessages":[],"fullName":"ACEP — Historias de Usuario extendidas HU-07/P1 | admin configura institución con datos válidos","invocations":1,"location":null,"numPassingAsserts":1,"retryReasons":[],"startAt":1780679462679,"status":"passed","title":"HU-07/P1 | admin configura institución con datos válidos"},{"ancestorTitles":["ACEP — Historias de Usuario extendidas"],"duration":19,"failing":false,"failureDetails":[],"failureMessages":[],"fullName":"ACEP — Historias de Usuario extendidas HU-07/P2 | admin no puede guardar configuración con email inválido","invocations":1,"location":null,"numPassingAsserts":1,"retryReasons":[],"startAt":1780679462762,"status":"passed","title":"HU-07/P2 | admin no puede guardar configuración con email inválido"},{"ancestorTitles":["ACEP — Historias de Usuario extendidas"],"duration":30,"failing":false,"failureDetails":[],"failureMessages":[],"fullName":"ACEP — Historias de Usuario extendidas HU-07/P3 | formato año académico YYYY-YYYY es requerido","invocations":1,"location":null,"numPassingAsserts":1,"retryReasons":[],"startAt":1780679462786,"status":"passed","title":"HU-07/P3 | formato año académico YYYY-YYYY es requerido"},{"ancestorTitles":["ACEP — Historias de Usuario extendidas"],"duration":72,"failing":false,"failureDetails":[],"failureMessages":[],"fullName":"ACEP — Historias de Usuario extendidas HU-08/P1 | StatCard muestra estadísticas del sistema correctamente","invocations":1,"location":null,"numPassingAsserts":2,"retryReasons":[],"startAt":1780679462818,"status":"passed","title":"HU-08/P1 | StatCard muestra estadísticas del sistema correctamente"},{"ancestorTitles":["ACEP — Historias de Usuario extendidas"],"duration":94,"failing":false,"failureDetails":[],"failureMessages":[],"fullName":"ACEP — Historias de Usuario extendidas HU-08/P2 | múltiples StatCards se renderizan sin conflicto","invocations":1,"location":null,"numPassingAsserts":3,"retryReasons":[],"startAt":1780679462891,"status":"passed","title":"HU-08/P2 | múltiples StatCards se renderizan sin conflicto"},{"ancestorTitles":["ACEP — Historias de Usuario extendidas"],"duration":82,"failing":false,"failureDetails":[],"failureMessages":[],"fullName":"ACEP — Historias de Usuario extendidas HU-09/P1 | nota 5.0 se muestra como Aprobado","invocations":1,"location":null,"numPassingAsserts":1,"retryReasons":[],"startAt":1780679462993,"status":"passed","title":"HU-09/P1 | nota 5.0 se muestra como Aprobado"},{"ancestorTitles":["ACEP — Historias de Usuario extendidas"],"duration":36,"failing":false,"failureDetails":[],"failureMessages":[],"fullName":"ACEP — Historias de Usuario extendidas HU-09/P2 | nota 1.0 se muestra como No aprobado","invocations":1,"location":null,"numPassingAsserts":1,"retryReasons":[],"startAt":1780679463075,"status":"passed","title":"HU-09/P2 | nota 1.0 se muestra como No aprobado"},{"ancestorTitles":["ACEP — Historias de Usuario extendidas"],"duration":48,"failing":false,"failureDetails":[],"failureMessages":[],"fullName":"ACEP — Historias de Usuario extendidas HU-09/P3 | nota exactamente 3.0 es el límite de aprobación","invocations":1,"location":null,"numPassingAsserts":1,"retryReasons":[],"startAt":1780679463111,"status":"passed","title":"HU-09/P3 | nota exactamente 3.0 es el límite de aprobación"},{"ancestorTitles":["ACEP — Historias de Usuario extendidas"],"duration":12,"failing":false,"failureDetails":[],"failureMessages":[],"fullName":"ACEP — Historias de Usuario extendidas HU-09/P4 | nota 2.9 está justo bajo el límite","invocations":1,"location":null,"numPassingAsserts":1,"retryReasons":[],"startAt":1780679463160,"status":"passed","title":"HU-09/P4 | nota 2.9 está justo bajo el límite"},{"ancestorTitles":["ACEP — Historias de Usuario extendidas"],"duration":40,"failing":false,"failureDetails":[],"failureMessages":[],"fullName":"ACEP — Historias de Usuario extendidas HU-10/P1 | badge Presente se muestra correctamente","invocations":1,"location":null,"numPassingAsserts":1,"retryReasons":[],"startAt":1780679463172,"status":"passed","title":"HU-10/P1 | badge Presente se muestra correctamente"},{"ancestorTitles":["ACEP — Historias de Usuario extendidas"],"duration":11,"failing":false,"failureDetails":[],"failureMessages":[],"fullName":"ACEP — Historias de Usuario extendidas HU-10/P2 | badge Ausente se muestra correctamente","invocations":1,"location":null,"numPassingAsserts":1,"retryReasons":[],"startAt":1780679463212,"status":"passed","title":"HU-10/P2 | badge Ausente se muestra correctamente"},{"ancestorTitles":["ACEP — Historias de Usuario extendidas"],"duration":9,"failing":false,"failureDetails":[],"failureMessages":[],"fullName":"ACEP — Historias de Usuario extendidas HU-11/P1 | badge Entregado se muestra para materiales entregados","invocations":1,"location":null,"numPassingAsserts":1,"retryReasons":[],"startAt":1780679463226,"status":"passed","title":"HU-11/P1 | badge Entregado se muestra para materiales entregados"},{"ancestorTitles":["ACEP — Historias de Usuario extendidas"],"duration":9,"failing":false,"failureDetails":[],"failureMessages":[],"fullName":"ACEP — Historias de Usuario extendidas HU-11/P2 | badge Pendiente se muestra para materiales pendientes","invocations":1,"location":null,"numPassingAsserts":1,"retryReasons":[],"startAt":1780679463236,"status":"passed","title":"HU-11/P2 | badge Pendiente se muestra para materiales pendientes"},{"ancestorTitles":["ACEP — Historias de Usuario extendidas"],"duration":51,"failing":false,"failureDetails":[],"failureMessages":[],"fullName":"ACEP — Historias de Usuario extendidas HU-12/P1 | contraseña nunca viaja en texto plano","invocations":1,"location":null,"numPassingAsserts":2,"retryReasons":[],"startAt":1780679463245,"status":"passed","title":"HU-12/P1 | contraseña nunca viaja en texto plano"},{"ancestorTitles":["ACEP — Historias de Usuario extendidas"],"duration":2,"failing":false,"failureDetails":[],"failureMessages":[],"fullName":"ACEP — Historias de Usuario extendidas HU-13/P1 | usuario puede cerrar sesión y limpiar credenciales","invocations":1,"location":null,"numPassingAsserts":2,"retryReasons":[],"startAt":1780679463297,"status":"passed","title":"HU-13/P1 | usuario puede cerrar sesión y limpiar credenciales"},{"ancestorTitles":["ACEP — Historias de Usuario extendidas"],"duration":7,"failing":false,"failureDetails":[],"failureMessages":[],"fullName":"ACEP — Historias de Usuario extendidas HU-14/P1 | validación detecta todos los errores de estudiante a la vez","invocations":1,"location":null,"numPassingAsserts":1,"retryReasons":[],"startAt":1780679463299,"status":"passed","title":"HU-14/P1 | validación detecta todos los errores de estudiante a la vez"},{"ancestorTitles":["ACEP — Historias de Usuario extendidas"],"duration":425,"failing":false,"failureDetails":[],"failureMessages":[],"fullName":"ACEP — Historias de Usuario extendidas HU-14/P2 | formulario de login bloquea envío con correo vacío","invocations":1,"location":null,"numPassingAsserts":1,"retryReasons":[],"startAt":1780679463306,"status":"passed","title":"HU-14/P2 | formulario de login bloquea envío con correo vacío"}],"endTime":1780679463735,"message":"","name":"C:\\Users\\Reinel Alfaro\\Desktop\\proyec-EduCampus\\EduCampus\\src\\tests\\acep_hu_extended.test.jsx","startTime":1780679458265,"status":"passed","summary":""},{"assertionResults":[{"ancestorTitles":["AppRoles — control de acceso por rol"],"duration":142,"failing":false,"failureDetails":[],"failureMessages":[],"fullName":"AppRoles — control de acceso por rol AR-01 | usuario no autenticado es redirigido al login","invocations":1,"location":null,"numPassingAsserts":1,"retryReasons":[],"startAt":1780679463726,"status":"passed","title":"AR-01 | usuario no autenticado es redirigido al login"},{"ancestorTitles":["AppRoles — control de acceso por rol"],"duration":12,"failing":false,"failureDetails":[],"failureMessages":[],"fullName":"AppRoles — control de acceso por rol AR-02 | admin autenticado accede al panel admin","invocations":1,"location":null,"numPassingAsserts":1,"retryReasons":[],"startAt":1780679463870,"status":"passed","title":"AR-02 | admin autenticado accede al panel admin"},{"ancestorTitles":["AppRoles — control de acceso por rol"],"duration":12,"failing":false,"failureDetails":[],"failureMessages":[],"fullName":"AppRoles — control de acceso por rol AR-03 | docente autenticado accede al panel docente","invocations":1,"location":null,"numPassingAsserts":1,"retryReasons":[],"startAt":1780679463882,"status":"passed","title":"AR-03 | docente autenticado accede al panel docente"},{"ancestorTitles":["AppRoles — control de acceso por rol"],"duration":10,"failing":false,"failureDetails":[],"failureMessages":[],"fullName":"AppRoles — control de acceso por rol AR-04 | docente no puede acceder al panel admin — redirige a login","invocations":1,"location":null,"numPassingAsserts":1,"retryReasons":[],"startAt":1780679463895,"status":"passed","title":"AR-04 | docente no puede acceder al panel admin — redirige a login"},{"ancestorTitles":["AppRoles — control de acceso por rol"],"duration":11,"failing":false,"failureDetails":[],"failureMessages":[],"fullName":"AppRoles — control de acceso por rol AR-05 | admin no puede acceder al panel docente — redirige a login","invocations":1,"location":null,"numPassingAsserts":1,"retryReasons":[],"startAt":1780679463906,"status":"passed","title":"AR-05 | admin no puede acceder al panel docente — redirige a login"}],"endTime":1780679463922,"message":"","name":"C:\\Users\\Reinel Alfaro\\Desktop\\proyec-EduCampus\\EduCampus\\src\\tests\\AppRoles.test.jsx","startTime":1780679462997,"status":"passed","summary":""},{"assertionResults":[{"ancestorTitles":["SIS — Pruebas de Seguridad"],"duration":56,"failing":false,"failureDetails":[],"failureMessages":[],"fullName":"SIS — Pruebas de Seguridad SEG-01 | hashPassword produce hash irreversible (no contiene la clave)","invocations":1,"location":null,"numPassingAsserts":1,"retryReasons":[],"startAt":1780679462666,"status":"passed","title":"SEG-01 | hashPassword produce hash irreversible (no contiene la clave)"},{"ancestorTitles":["SIS — Pruebas de Seguridad"],"duration":3,"failing":false,"failureDetails":[],"failureMessages":[],"fullName":"SIS — Pruebas de Seguridad SEG-02 | hashPassword produce SHA-256 de 64 chars hex","invocations":1,"location":null,"numPassingAsserts":1,"retryReasons":[],"startAt":1780679462724,"status":"passed","title":"SEG-02 | hashPassword produce SHA-256 de 64 chars hex"},{"ancestorTitles":["SIS — Pruebas de Seguridad"],"duration":3,"failing":false,"failureDetails":[],"failureMessages":[],"fullName":"SIS — Pruebas de Seguridad SEG-03 | dos contraseñas distintas producen hashes distintos","invocations":1,"location":null,"numPassingAsserts":1,"retryReasons":[],"startAt":1780679462728,"status":"passed","title":"SEG-03 | dos contraseñas distintas producen hashes distintos"},{"ancestorTitles":["SIS — Pruebas de Seguridad"],"duration":405,"failing":false,"failureDetails":[],"failureMessages":[],"fullName":"SIS — Pruebas de Seguridad SEG-04 | el campo contraseña en el login es de tipo password (no visible)","invocations":1,"location":null,"numPassingAsserts":1,"retryReasons":[],"startAt":1780679462731,"status":"passed","title":"SEG-04 | el campo contraseña en el login es de tipo password (no visible)"},{"ancestorTitles":["SIS — Pruebas de Seguridad"],"duration":486,"failing":false,"failureDetails":[],"failureMessages":[],"fullName":"SIS — Pruebas de Seguridad SEG-05 | el login solo acepta correos @gmail.com y @outlook.com","invocations":1,"location":null,"numPassingAsserts":1,"retryReasons":[],"startAt":1780679463136,"status":"passed","title":"SEG-05 | el login solo acepta correos @gmail.com y @outlook.com"},{"ancestorTitles":["SIS — Pruebas de Seguridad"],"duration":152,"failing":false,"failureDetails":[],"failureMessages":[],"fullName":"SIS — Pruebas de Seguridad SEG-06 | inyección de script en correo no ejecuta código","invocations":1,"location":null,"numPassingAsserts":1,"retryReasons":[],"startAt":1780679463623,"status":"passed","title":"SEG-06 | inyección de script en correo no ejecuta código"},{"ancestorTitles":["SIS — Pruebas de Seguridad"],"duration":23,"failing":false,"failureDetails":[],"failureMessages":[],"fullName":"SIS — Pruebas de Seguridad SEG-07 | autocomplete del formulario está desactivado","invocations":1,"location":null,"numPassingAsserts":1,"retryReasons":[],"startAt":1780679463775,"status":"passed","title":"SEG-07 | autocomplete del formulario está desactivado"},{"ancestorTitles":["SIS — Pruebas de Seguridad"],"duration":23,"failing":false,"failureDetails":[],"failureMessages":[],"fullName":"SIS — Pruebas de Seguridad SEG-08 | localStorage no contiene contraseñas en texto plano","invocations":1,"location":null,"numPassingAsserts":1,"retryReasons":[],"startAt":1780679463798,"status":"passed","title":"SEG-08 | localStorage no contiene contraseñas en texto plano"},{"ancestorTitles":["SIS — Pruebas de Seguridad"],"duration":17,"failing":false,"failureDetails":[],"failureMessages":[],"fullName":"SIS — Pruebas de Seguridad SEG-09 | ProtectedRoute bloquea acceso sin autenticación","invocations":1,"location":null,"numPassingAsserts":1,"retryReasons":[],"startAt":1780679463822,"status":"passed","title":"SEG-09 | ProtectedRoute bloquea acceso sin autenticación"},{"ancestorTitles":["SIS — Pruebas de Seguridad"],"duration":174,"failing":false,"failureDetails":[],"failureMessages":[],"fullName":"SIS — Pruebas de Seguridad SEG-10 | correo SQL injection no pasa la validación de dominio","invocations":1,"location":null,"numPassingAsserts":1,"retryReasons":[],"startAt":1780679463839,"status":"passed","title":"SEG-10 | correo SQL injection no pasa la validación de dominio"}],"endTime":1780679464019,"message":"","name":"C:\\Users\\Reinel Alfaro\\Desktop\\proyec-EduCampus\\EduCampus\\src\\tests\\sis_seguridad.test.jsx","startTime":1780679458354,"status":"passed","summary":""},{"assertionResults":[{"ancestorTitles":["ACEP — Pruebas de Aceptación (Historias de Usuario)"],"duration":499,"failing":false,"failureDetails":[],"failureMessages":[],"fullName":"ACEP — Pruebas de Aceptación (Historias de Usuario) HU-01/P1 | administrador intenta ingresar sin datos → error de campos","invocations":1,"location":null,"numPassingAsserts":1,"retryReasons":[],"startAt":1780679462867,"status":"passed","title":"HU-01/P1 | administrador intenta ingresar sin datos → error de campos"},{"ancestorTitles":["ACEP — Pruebas de Aceptación (Historias de Usuario)"],"duration":153,"failing":false,"failureDetails":[],"failureMessages":[],"fullName":"ACEP — Pruebas de Aceptación (Historias de Usuario) HU-01/P2 | correo con dominio no permitido → error de dominio","invocations":1,"location":null,"numPassingAsserts":1,"retryReasons":[],"startAt":1780679463368,"status":"passed","title":"HU-01/P2 | correo con dominio no permitido → error de dominio"},{"ancestorTitles":["ACEP — Pruebas de Aceptación (Historias de Usuario)"],"duration":222,"failing":false,"failureDetails":[],"failureMessages":[],"fullName":"ACEP — Pruebas de Aceptación (Historias de Usuario) HU-01/P3 | credenciales correctas invocan el servicio de login","invocations":1,"location":null,"numPassingAsserts":1,"retryReasons":[],"startAt":1780679463521,"status":"passed","title":"HU-01/P3 | credenciales correctas invocan el servicio de login"},{"ancestorTitles":["ACEP — Pruebas de Aceptación (Historias de Usuario)"],"duration":15,"failing":false,"failureDetails":[],"failureMessages":[],"fullName":"ACEP — Pruebas de Aceptación (Historias de Usuario) HU-02/P1 | crear estudiante con datos válidos pasa validación","invocations":1,"location":null,"numPassingAsserts":1,"retryReasons":[],"startAt":1780679463743,"status":"passed","title":"HU-02/P1 | crear estudiante con datos válidos pasa validación"},{"ancestorTitles":["ACEP — Pruebas de Aceptación (Historias de Usuario)"],"duration":21,"failing":false,"failureDetails":[],"failureMessages":[],"fullName":"ACEP — Pruebas de Aceptación (Historias de Usuario) HU-02/P2 | crear estudiante sin nombre falla validación","invocations":1,"location":null,"numPassingAsserts":1,"retryReasons":[],"startAt":1780679463761,"status":"passed","title":"HU-02/P2 | crear estudiante sin nombre falla validación"},{"ancestorTitles":["ACEP — Pruebas de Aceptación (Historias de Usuario)"],"duration":11,"failing":false,"failureDetails":[],"failureMessages":[],"fullName":"ACEP — Pruebas de Aceptación (Historias de Usuario) HU-03/P1 | crear docente con especialidad válida pasa validación","invocations":1,"location":null,"numPassingAsserts":1,"retryReasons":[],"startAt":1780679463786,"status":"passed","title":"HU-03/P1 | crear docente con especialidad válida pasa validación"},{"ancestorTitles":["ACEP — Pruebas de Aceptación (Historias de Usuario)"],"duration":30,"failing":false,"failureDetails":[],"failureMessages":[],"fullName":"ACEP — Pruebas de Aceptación (Historias de Usuario) HU-03/P2 | crear docente sin especialidad falla validación","invocations":1,"location":null,"numPassingAsserts":1,"retryReasons":[],"startAt":1780679463797,"status":"passed","title":"HU-03/P2 | crear docente sin especialidad falla validación"},{"ancestorTitles":["ACEP — Pruebas de Aceptación (Historias de Usuario)"],"duration":16,"failing":false,"failureDetails":[],"failureMessages":[],"fullName":"ACEP — Pruebas de Aceptación (Historias de Usuario) HU-04/P1 | crear curso con todos los datos válidos pasa validación","invocations":1,"location":null,"numPassingAsserts":1,"retryReasons":[],"startAt":1780679463827,"status":"passed","title":"HU-04/P1 | crear curso con todos los datos válidos pasa validación"},{"ancestorTitles":["ACEP — Pruebas de Aceptación (Historias de Usuario)"],"duration":7,"failing":false,"failureDetails":[],"failureMessages":[],"fullName":"ACEP — Pruebas de Aceptación (Historias de Usuario) HU-04/P2 | crear curso sin docente asignado falla validación","invocations":1,"location":null,"numPassingAsserts":1,"retryReasons":[],"startAt":1780679463843,"status":"passed","title":"HU-04/P2 | crear curso sin docente asignado falla validación"},{"ancestorTitles":["ACEP — Pruebas de Aceptación (Historias de Usuario)"],"duration":67,"failing":false,"failureDetails":[],"failureMessages":[],"fullName":"ACEP — Pruebas de Aceptación (Historias de Usuario) HU-05/P1 | nota >= 3.0 muestra estado Aprobado","invocations":1,"location":null,"numPassingAsserts":1,"retryReasons":[],"startAt":1780679463851,"status":"passed","title":"HU-05/P1 | nota >= 3.0 muestra estado Aprobado"},{"ancestorTitles":["ACEP — Pruebas de Aceptación (Historias de Usuario)"],"duration":15,"failing":false,"failureDetails":[],"failureMessages":[],"fullName":"ACEP — Pruebas de Aceptación (Historias de Usuario) HU-05/P2 | nota < 3.0 muestra estado No aprobado","invocations":1,"location":null,"numPassingAsserts":1,"retryReasons":[],"startAt":1780679463919,"status":"passed","title":"HU-05/P2 | nota < 3.0 muestra estado No aprobado"},{"ancestorTitles":["ACEP — Pruebas de Aceptación (Historias de Usuario)"],"duration":56,"failing":false,"failureDetails":[],"failureMessages":[],"fullName":"ACEP — Pruebas de Aceptación (Historias de Usuario) HU-06/P1 | badge presente muestra estado correcto","invocations":1,"location":null,"numPassingAsserts":1,"retryReasons":[],"startAt":1780679463934,"status":"passed","title":"HU-06/P1 | badge presente muestra estado correcto"},{"ancestorTitles":["ACEP — Pruebas de Aceptación (Historias de Usuario)"],"duration":38,"failing":false,"failureDetails":[],"failureMessages":[],"fullName":"ACEP — Pruebas de Aceptación (Historias de Usuario) HU-06/P2 | badge ausente muestra estado correcto","invocations":1,"location":null,"numPassingAsserts":1,"retryReasons":[],"startAt":1780679463991,"status":"passed","title":"HU-06/P2 | badge ausente muestra estado correcto"}],"endTime":1780679464034,"message":"","name":"C:\\Users\\Reinel Alfaro\\Desktop\\proyec-EduCampus\\EduCampus\\src\\tests\\acep_hu.test.jsx","startTime":1780679458417,"status":"passed","summary":""},{"assertionResults":[{"ancestorTitles":["SIS — Pruebas de Portabilidad"],"duration":141,"failing":false,"failureDetails":[],"failureMessages":[],"fullName":"SIS — Pruebas de Portabilidad SIS-P01 | el componente Login renderiza sin errores","invocations":1,"location":null,"numPassingAsserts":1,"retryReasons":[],"startAt":1780679463084,"status":"passed","title":"SIS-P01 | el componente Login renderiza sin errores"},{"ancestorTitles":["SIS — Pruebas de Portabilidad"],"duration":26,"failing":false,"failureDetails":[],"failureMessages":[],"fullName":"SIS — Pruebas de Portabilidad SIS-P02 | el formulario existe en el DOM","invocations":1,"location":null,"numPassingAsserts":1,"retryReasons":[],"startAt":1780679463226,"status":"passed","title":"SIS-P02 | el formulario existe en el DOM"},{"ancestorTitles":["SIS — Pruebas de Portabilidad"],"duration":411,"failing":false,"failureDetails":[],"failureMessages":[],"fullName":"SIS — Pruebas de Portabilidad SIS-P03 | los inputs son accesibles por rol","invocations":1,"location":null,"numPassingAsserts":1,"retryReasons":[],"startAt":1780679463253,"status":"passed","title":"SIS-P03 | los inputs son accesibles por rol"},{"ancestorTitles":["SIS — Pruebas de Portabilidad"],"duration":165,"failing":false,"failureDetails":[],"failureMessages":[],"fullName":"SIS — Pruebas de Portabilidad SIS-P04 | los botones son accesibles por rol","invocations":1,"location":null,"numPassingAsserts":1,"retryReasons":[],"startAt":1780679463665,"status":"passed","title":"SIS-P04 | los botones son accesibles por rol"},{"ancestorTitles":["SIS — Pruebas de Portabilidad"],"duration":68,"failing":false,"failureDetails":[],"failureMessages":[],"fullName":"SIS — Pruebas de Portabilidad SIS-P05 | la imagen del logo tiene atributo alt","invocations":1,"location":null,"numPassingAsserts":1,"retryReasons":[],"startAt":1780679463830,"status":"passed","title":"SIS-P05 | la imagen del logo tiene atributo alt"},{"ancestorTitles":["SIS — Pruebas de Portabilidad"],"duration":46,"failing":false,"failureDetails":[],"failureMessages":[],"fullName":"SIS — Pruebas de Portabilidad SIS-P06 | el título principal está en el documento","invocations":1,"location":null,"numPassingAsserts":1,"retryReasons":[],"startAt":1780679463899,"status":"passed","title":"SIS-P06 | el título principal está en el documento"},{"ancestorTitles":["SIS — Pruebas de Portabilidad"],"duration":47,"failing":false,"failureDetails":[],"failureMessages":[],"fullName":"SIS — Pruebas de Portabilidad SIS-P07 | el componente no genera advertencias de PropTypes","invocations":1,"location":null,"numPassingAsserts":1,"retryReasons":[],"startAt":1780679463946,"status":"passed","title":"SIS-P07 | el componente no genera advertencias de PropTypes"},{"ancestorTitles":["SIS — Pruebas de Portabilidad"],"duration":105,"failing":false,"failureDetails":[],"failureMessages":[],"fullName":"SIS — Pruebas de Portabilidad SIS-P08 | el formulario tiene atributo autocomplete desactivado","invocations":1,"location":null,"numPassingAsserts":1,"retryReasons":[],"startAt":1780679463993,"status":"passed","title":"SIS-P08 | el formulario tiene atributo autocomplete desactivado"}],"endTime":1780679464138,"message":"","name":"C:\\Users\\Reinel Alfaro\\Desktop\\proyec-EduCampus\\EduCampus\\src\\tests\\sis_portabilidad.test.jsx","startTime":1780679462393,"status":"passed","summary":""},{"assertionResults":[{"ancestorTitles":["EstadoBadge — pruebas de componente"],"duration":131,"failing":false,"failureDetails":[],"failureMessages":[],"fullName":"EstadoBadge — pruebas de componente CP-EB01 | muestra 'Aprobado' con tipo aprobado","invocations":1,"location":null,"numPassingAsserts":1,"retryReasons":[],"startAt":1780679463875,"status":"passed","title":"CP-EB01 | muestra 'Aprobado' con tipo aprobado"},{"ancestorTitles":["EstadoBadge — pruebas de componente"],"duration":13,"failing":false,"failureDetails":[],"failureMessages":[],"fullName":"EstadoBadge — pruebas de componente CP-EB02 | muestra 'Reprobado' con tipo reprobado","invocations":1,"location":null,"numPassingAsserts":1,"retryReasons":[],"startAt":1780679464007,"status":"passed","title":"CP-EB02 | muestra 'Reprobado' con tipo reprobado"},{"ancestorTitles":["EstadoBadge — pruebas de componente"],"duration":10,"failing":false,"failureDetails":[],"failureMessages":[],"fullName":"EstadoBadge — pruebas de componente CP-EB03 | muestra 'En Progreso' con tipo en_progreso","invocations":1,"location":null,"numPassingAsserts":1,"retryReasons":[],"startAt":1780679464020,"status":"passed","title":"CP-EB03 | muestra 'En Progreso' con tipo en_progreso"},{"ancestorTitles":["EstadoBadge — pruebas de componente"],"duration":12,"failing":false,"failureDetails":[],"failureMessages":[],"fullName":"EstadoBadge — pruebas de componente CP-EB04 | muestra 'Presente' con tipo presente","invocations":1,"location":null,"numPassingAsserts":1,"retryReasons":[],"startAt":1780679464031,"status":"passed","title":"CP-EB04 | muestra 'Presente' con tipo presente"},{"ancestorTitles":["EstadoBadge — pruebas de componente"],"duration":37,"failing":false,"failureDetails":[],"failureMessages":[],"fullName":"EstadoBadge — pruebas de componente CP-EB05 | muestra 'Ausente' con tipo ausente","invocations":1,"location":null,"numPassingAsserts":1,"retryReasons":[],"startAt":1780679464044,"status":"passed","title":"CP-EB05 | muestra 'Ausente' con tipo ausente"},{"ancestorTitles":["EstadoBadge — pruebas de componente"],"duration":11,"failing":false,"failureDetails":[],"failureMessages":[],"fullName":"EstadoBadge — pruebas de componente CP-EB06 | muestra 'Pendiente' con tipo pendiente","invocations":1,"location":null,"numPassingAsserts":1,"retryReasons":[],"startAt":1780679464082,"status":"passed","title":"CP-EB06 | muestra 'Pendiente' con tipo pendiente"},{"ancestorTitles":["EstadoBadge — pruebas de componente"],"duration":9,"failing":false,"failureDetails":[],"failureMessages":[],"fullName":"EstadoBadge — pruebas de componente CP-EB07 | muestra 'Activo' con tipo activo","invocations":1,"location":null,"numPassingAsserts":1,"retryReasons":[],"startAt":1780679464093,"status":"passed","title":"CP-EB07 | muestra 'Activo' con tipo activo"},{"ancestorTitles":["EstadoBadge — pruebas de componente"],"duration":15,"failing":false,"failureDetails":[],"failureMessages":[],"fullName":"EstadoBadge — pruebas de componente CP-EB08 | nota >= 3.0 muestra Aprobado","invocations":1,"location":null,"numPassingAsserts":1,"retryReasons":[],"startAt":1780679464103,"status":"passed","title":"CP-EB08 | nota >= 3.0 muestra Aprobado"},{"ancestorTitles":["EstadoBadge — pruebas de componente"],"duration":17,"failing":false,"failureDetails":[],"failureMessages":[],"fullName":"EstadoBadge — pruebas de componente CP-EB09 | nota < 3.0 muestra No aprobado","invocations":1,"location":null,"numPassingAsserts":1,"retryReasons":[],"startAt":1780679464118,"status":"passed","title":"CP-EB09 | nota < 3.0 muestra No aprobado"},{"ancestorTitles":["EstadoBadge — pruebas de componente"],"duration":10,"failing":false,"failureDetails":[],"failureMessages":[],"fullName":"EstadoBadge — pruebas de componente CP-EB10 | nota exactamente 3.0 muestra Aprobado","invocations":1,"location":null,"numPassingAsserts":1,"retryReasons":[],"startAt":1780679464135,"status":"passed","title":"CP-EB10 | nota exactamente 3.0 muestra Aprobado"},{"ancestorTitles":["EstadoBadge — pruebas de componente"],"duration":5,"failing":false,"failureDetails":[],"failureMessages":[],"fullName":"EstadoBadge — pruebas de componente CP-EB11 | tipo desconocido no renderiza nada","invocations":1,"location":null,"numPassingAsserts":1,"retryReasons":[],"startAt":1780679464145,"status":"passed","title":"CP-EB11 | tipo desconocido no renderiza nada"},{"ancestorTitles":["EstadoBadge — pruebas de componente"],"duration":17,"failing":false,"failureDetails":[],"failureMessages":[],"fullName":"EstadoBadge — pruebas de componente CP-EB12 | nota formatea el número con un decimal","invocations":1,"location":null,"numPassingAsserts":1,"retryReasons":[],"startAt":1780679464150,"status":"passed","title":"CP-EB12 | nota formatea el número con un decimal"}],"endTime":1780679464170,"message":"","name":"C:\\Users\\Reinel Alfaro\\Desktop\\proyec-EduCampus\\EduCampus\\src\\tests\\EstadoBadge.test.jsx","startTime":1780679463237,"status":"passed","summary":""},{"assertionResults":[{"ancestorTitles":["INT — Flujo de login"],"duration":580,"failing":false,"failureDetails":[],"failureMessages":[],"fullName":"INT — Flujo de login INT-L01 | campos vacíos bloquean el envío","invocations":1,"location":null,"numPassingAsserts":2,"retryReasons":[],"startAt":1780679462586,"status":"passed","title":"INT-L01 | campos vacíos bloquean el envío"},{"ancestorTitles":["INT — Flujo de login"],"duration":267,"failing":false,"failureDetails":[],"failureMessages":[],"fullName":"INT — Flujo de login INT-L02 | correo no gmail/outlook bloquea el envío","invocations":1,"location":null,"numPassingAsserts":2,"retryReasons":[],"startAt":1780679463168,"status":"passed","title":"INT-L02 | correo no gmail/outlook bloquea el envío"},{"ancestorTitles":["INT — Flujo de login"],"duration":338,"failing":false,"failureDetails":[],"failureMessages":[],"fullName":"INT — Flujo de login INT-L03 | credenciales correctas llaman al servicio de autenticación","invocations":1,"location":null,"numPassingAsserts":1,"retryReasons":[],"startAt":1780679463436,"status":"passed","title":"INT-L03 | credenciales correctas llaman al servicio de autenticación"},{"ancestorTitles":["INT — Flujo de login"],"duration":199,"failing":false,"failureDetails":[],"failureMessages":[],"fullName":"INT — Flujo de login INT-L04 | error del servidor muestra mensaje de error","invocations":1,"location":null,"numPassingAsserts":1,"retryReasons":[],"startAt":1780679463777,"status":"passed","title":"INT-L04 | error del servidor muestra mensaje de error"},{"ancestorTitles":["INT — Flujo de login"],"duration":207,"failing":false,"failureDetails":[],"failureMessages":[],"fullName":"INT — Flujo de login INT-L05 | botón Limpiar resetea todos los campos y errores","invocations":1,"location":null,"numPassingAsserts":2,"retryReasons":[],"startAt":1780679463977,"status":"passed","title":"INT-L05 | botón Limpiar resetea todos los campos y errores"}],"endTime":1780679464188,"message":"","name":"C:\\Users\\Reinel Alfaro\\Desktop\\proyec-EduCampus\\EduCampus\\src\\tests\\int_flujo_login.test.jsx","startTime":1780679458329,"status":"passed","summary":""},{"assertionResults":[{"ancestorTitles":["Login — pruebas de componente"],"duration":192,"failing":false,"failureDetails":[],"failureMessages":[],"fullName":"Login — pruebas de componente CP-L01 | muestra el título EduCampus","invocations":1,"location":null,"numPassingAsserts":1,"retryReasons":[],"startAt":1780679463038,"status":"passed","title":"CP-L01 | muestra el título EduCampus"},{"ancestorTitles":["Login — pruebas de componente"],"duration":98,"failing":false,"failureDetails":[],"failureMessages":[],"fullName":"Login — pruebas de componente CP-L02 | muestra campo de correo","invocations":1,"location":null,"numPassingAsserts":1,"retryReasons":[],"startAt":1780679463233,"status":"passed","title":"CP-L02 | muestra campo de correo"},{"ancestorTitles":["Login — pruebas de componente"],"duration":53,"failing":false,"failureDetails":[],"failureMessages":[],"fullName":"Login — pruebas de componente CP-L03 | muestra campo de contraseña","invocations":1,"location":null,"numPassingAsserts":1,"retryReasons":[],"startAt":1780679463335,"status":"passed","title":"CP-L03 | muestra campo de contraseña"},{"ancestorTitles":["Login — pruebas de componente"],"duration":351,"failing":false,"failureDetails":[],"failureMessages":[],"fullName":"Login — pruebas de componente CP-L04 | muestra botón Ingresar","invocations":1,"location":null,"numPassingAsserts":1,"retryReasons":[],"startAt":1780679463388,"status":"passed","title":"CP-L04 | muestra botón Ingresar"},{"ancestorTitles":["Login — pruebas de componente"],"duration":92,"failing":false,"failureDetails":[],"failureMessages":[],"fullName":"Login — pruebas de componente CP-L05 | muestra botón Limpiar","invocations":1,"location":null,"numPassingAsserts":1,"retryReasons":[],"startAt":1780679463740,"status":"passed","title":"CP-L05 | muestra botón Limpiar"},{"ancestorTitles":["Login — pruebas de componente"],"duration":169,"failing":false,"failureDetails":[],"failureMessages":[],"fullName":"Login — pruebas de componente CP-L06 | correo inválido muestra error","invocations":1,"location":null,"numPassingAsserts":1,"retryReasons":[],"startAt":1780679463832,"status":"passed","title":"CP-L06 | correo inválido muestra error"},{"ancestorTitles":["Login — pruebas de componente"],"duration":149,"failing":false,"failureDetails":[],"failureMessages":[],"fullName":"Login — pruebas de componente CP-L07 | campos vacíos muestran error de validación","invocations":1,"location":null,"numPassingAsserts":1,"retryReasons":[],"startAt":1780679464002,"status":"passed","title":"CP-L07 | campos vacíos muestran error de validación"},{"ancestorTitles":["Login — pruebas de componente"],"duration":188,"failing":false,"failureDetails":[],"failureMessages":[],"fullName":"Login — pruebas de componente CP-L08 | botón Limpiar vacía los campos","invocations":1,"location":null,"numPassingAsserts":1,"retryReasons":[],"startAt":1780679464151,"status":"passed","title":"CP-L08 | botón Limpiar vacía los campos"}],"endTime":1780679464347,"message":"","name":"C:\\Users\\Reinel Alfaro\\Desktop\\proyec-EduCampus\\EduCampus\\src\\tests\\Login.test.jsx","startTime":1780679458309,"status":"passed","summary":""},{"assertionResults":[{"ancestorTitles":["FormModal — pruebas de componente"],"duration":64,"failing":false,"failureDetails":[],"failureMessages":[],"fullName":"FormModal — pruebas de componente CP-FM01 | no renderiza nada cuando isOpen es false","invocations":1,"location":null,"numPassingAsserts":1,"retryReasons":[],"startAt":1780679463727,"status":"passed","title":"CP-FM01 | no renderiza nada cuando isOpen es false"},{"ancestorTitles":["FormModal — pruebas de componente"],"duration":137,"failing":false,"failureDetails":[],"failureMessages":[],"fullName":"FormModal — pruebas de componente CP-FM02 | renderiza el título cuando isOpen es true","invocations":1,"location":null,"numPassingAsserts":1,"retryReasons":[],"startAt":1780679463792,"status":"passed","title":"CP-FM02 | renderiza el título cuando isOpen es true"},{"ancestorTitles":["FormModal — pruebas de componente"],"duration":80,"failing":false,"failureDetails":[],"failureMessages":[],"fullName":"FormModal — pruebas de componente CP-FM03 | renderiza los campos del formulario","invocations":1,"location":null,"numPassingAsserts":2,"retryReasons":[],"startAt":1780679463930,"status":"passed","title":"CP-FM03 | renderiza los campos del formulario"},{"ancestorTitles":["FormModal — pruebas de componente"],"duration":60,"failing":false,"failureDetails":[],"failureMessages":[],"fullName":"FormModal — pruebas de componente CP-FM04 | llama onClose cuando se hace click en Cancelar","invocations":1,"location":null,"numPassingAsserts":1,"retryReasons":[],"startAt":1780679464010,"status":"passed","title":"CP-FM04 | llama onClose cuando se hace click en Cancelar"},{"ancestorTitles":["FormModal — pruebas de componente"],"duration":19,"failing":false,"failureDetails":[],"failureMessages":[],"fullName":"FormModal — pruebas de componente CP-FM05 | muestra el ícono cuando se proporciona","invocations":1,"location":null,"numPassingAsserts":1,"retryReasons":[],"startAt":1780679464070,"status":"passed","title":"CP-FM05 | muestra el ícono cuando se proporciona"},{"ancestorTitles":["FormModal — pruebas de componente"],"duration":23,"failing":false,"failureDetails":[],"failureMessages":[],"fullName":"FormModal — pruebas de componente CP-FM06 | muestra errores de validación","invocations":1,"location":null,"numPassingAsserts":1,"retryReasons":[],"startAt":1780679464090,"status":"passed","title":"CP-FM06 | muestra errores de validación"},{"ancestorTitles":["FormModal — pruebas de componente"],"duration":95,"failing":false,"failureDetails":[],"failureMessages":[],"fullName":"FormModal — pruebas de componente CP-FM07 | renderiza sin errores con campos mínimos","invocations":1,"location":null,"numPassingAsserts":1,"retryReasons":[],"startAt":1780679464116,"status":"passed","title":"CP-FM07 | renderiza sin errores con campos mínimos"},{"ancestorTitles":["HorarioSelector — pruebas de componente"],"duration":11,"failing":false,"failureDetails":[],"failureMessages":[],"fullName":"HorarioSelector — pruebas de componente CP-HS01 | renderiza sin errores","invocations":1,"location":null,"numPassingAsserts":1,"retryReasons":[],"startAt":1780679464211,"status":"passed","title":"CP-HS01 | renderiza sin errores"},{"ancestorTitles":["HorarioSelector — pruebas de componente"],"duration":186,"failing":false,"failureDetails":[],"failureMessages":[],"fullName":"HorarioSelector — pruebas de componente CP-HS02 | muestra el botón para agregar horario","invocations":1,"location":null,"numPassingAsserts":1,"retryReasons":[],"startAt":1780679464223,"status":"passed","title":"CP-HS02 | muestra el botón para agregar horario"},{"ancestorTitles":["HorarioSelector — pruebas de componente"],"duration":68,"failing":false,"failureDetails":[],"failureMessages":[],"fullName":"HorarioSelector — pruebas de componente CP-HS03 | al agregar horario aparece selector de día","invocations":1,"location":null,"numPassingAsserts":1,"retryReasons":[],"startAt":1780679464410,"status":"passed","title":"CP-HS03 | al agregar horario aparece selector de día"},{"ancestorTitles":["HorarioSelector — pruebas de componente"],"duration":14,"failing":false,"failureDetails":[],"failureMessages":[],"fullName":"HorarioSelector — pruebas de componente CP-HS04 | muestra mensaje de error cuando se proporciona","invocations":1,"location":null,"numPassingAsserts":1,"retryReasons":[],"startAt":1780679464479,"status":"passed","title":"CP-HS04 | muestra mensaje de error cuando se proporciona"},{"ancestorTitles":["HorarioSelector — pruebas de compo
[...]
ruebas unitarias UT-C08 | sin docente genera error","invocations":1,"location":null,"numPassingAsserts":1,"retryReasons":[],"startAt":1780679464903,"status":"passed","title":"UT-C08 | sin docente genera error"},{"ancestorTitles":["useCursoValidator — pruebas unitarias"],"duration":6,"failing":false,"failureDetails":[],"failureMessages":[],"fullName":"useCursoValidator — pruebas unitarias UT-C09 | horario vacío genera error","invocations":1,"location":null,"numPassingAsserts":1,"retryReasons":[],"startAt":1780679464908,"status":"passed","title":"UT-C09 | horario vacío genera error"},{"ancestorTitles":["useCursoValidator — pruebas unitarias"],"duration":10,"failing":false,"failureDetails":[],"failureMessages":[],"fullName":"useCursoValidator — pruebas unitarias UT-C10 | horario null genera error","invocations":1,"location":null,"numPassingAsserts":1,"retryReasons":[],"startAt":1780679464915,"status":"passed","title":"UT-C10 | horario null genera error"},{"ancestorTitles":["useCursoValidator — pruebas unitarias"],"duration":6,"failing":false,"failureDetails":[],"failureMessages":[],"fullName":"useCursoValidator — pruebas unitarias UT-C11 | horario no array genera error","invocations":1,"location":null,"numPassingAsserts":1,"retryReasons":[],"startAt":1780679464925,"status":"passed","title":"UT-C11 | horario no array genera error"},{"ancestorTitles":["useCursoValidator — pruebas unitarias"],"duration":5,"failing":false,"failureDetails":[],"failureMessages":[],"fullName":"useCursoValidator — pruebas unitarias UT-C12 | estado no booleano genera error","invocations":1,"location":null,"numPassingAsserts":1,"retryReasons":[],"startAt":1780679464932,"status":"passed","title":"UT-C12 | estado no booleano genera error"},{"ancestorTitles":["useCursoValidator — pruebas unitarias"],"duration":7,"failing":false,"failureDetails":[],"failureMessages":[],"fullName":"useCursoValidator — pruebas unitarias UT-C13 | estado false es válido","invocations":1,"location":null,"numPassingAsserts":1,"retryReasons":[],"startAt":1780679464938,"status":"passed","title":"UT-C13 | estado false es válido"},{"ancestorTitles":["useCursoValidator — pruebas unitarias"],"duration":5,"failing":false,"failureDetails":[],"failureMessages":[],"fullName":"useCursoValidator — pruebas unitarias UT-C14 | cupo mínimo de 1 es válido","invocations":1,"location":null,"numPassingAsserts":1,"retryReasons":[],"startAt":1780679464946,"status":"passed","title":"UT-C14 | cupo mínimo de 1 es válido"},{"ancestorTitles":["useCursoValidator — pruebas unitarias"],"duration":6,"failing":false,"failureDetails":[],"failureMessages":[],"fullName":"useCursoValidator — pruebas unitarias UT-C15 | múltiples horarios son válidos","invocations":1,"location":null,"numPassingAsserts":1,"retryReasons":[],"startAt":1780679464951,"status":"passed","title":"UT-C15 | múltiples horarios son válidos"},{"ancestorTitles":["useCursoValidator — pruebas unitarias"],"duration":5,"failing":false,"failureDetails":[],"failureMessages":[],"fullName":"useCursoValidator — pruebas unitarias UT-C16 | retorna false con datos inválidos","invocations":1,"location":null,"numPassingAsserts":1,"retryReasons":[],"startAt":1780679464957,"status":"passed","title":"UT-C16 | retorna false con datos inválidos"},{"ancestorTitles":["useCursoValidator — pruebas unitarias"],"duration":7,"failing":false,"failureDetails":[],"failureMessages":[],"fullName":"useCursoValidator — pruebas unitarias UT-C17 | errores se limpian tras validación exitosa","invocations":1,"location":null,"numPassingAsserts":2,"retryReasons":[],"startAt":1780679464962,"status":"passed","title":"UT-C17 | errores se limpian tras validación exitosa"}],"endTime":1780679464972,"message":"","name":"C:\\Users\\Reinel Alfaro\\Desktop\\proyec-EduCampus\\EduCampus\\src\\tests\\useCursoValidator.test.jsx","startTime":1780679464098,"status":"passed","summary":""},{"assertionResults":[{"ancestorTitles":["docenteService — pruebas unitarias"],"duration":4,"failing":false,"failureDetails":[],"failureMessages":[],"fullName":"docenteService — pruebas unitarias UT-DS01 | listarDocentes retorna lista al tener éxito","invocations":1,"location":null,"numPassingAsserts":2,"retryReasons":[],"startAt":1780679464968,"status":"passed","title":"UT-DS01 | listarDocentes retorna lista al tener éxito"},{"ancestorTitles":["docenteService — pruebas unitarias"],"duration":2,"failing":false,"failureDetails":[],"failureMessages":[],"fullName":"docenteService — pruebas unitarias UT-DS02 | listarDocentes retorna error si falla la API","invocations":1,"location":null,"numPassingAsserts":1,"retryReasons":[],"startAt":1780679464972,"status":"passed","title":"UT-DS02 | listarDocentes retorna error si falla la API"},{"ancestorTitles":["docenteService — pruebas unitarias"],"duration":1,"failing":false,"failureDetails":[],"failureMessages":[],"fullName":"docenteService — pruebas unitarias UT-DS03 | listarDocentes retorna error en fallo de red","invocations":1,"location":null,"numPassingAsserts":1,"retryReasons":[],"startAt":1780679464974,"status":"passed","title":"UT-DS03 | listarDocentes retorna error en fallo de red"},{"ancestorTitles":["docenteService — pruebas unitarias"],"duration":0,"failing":false,"failureDetails":[],"failureMessages":[],"fullName":"docenteService — pruebas unitarias UT-DS04 | obtenerDocentePorId retorna docente correcto","invocations":1,"location":null,"numPassingAsserts":1,"retryReasons":[],"startAt":1780679464976,"status":"passed","title":"UT-DS04 | obtenerDocentePorId retorna docente correcto"},{"ancestorTitles":["docenteService — pruebas unitarias"],"duration":17,"failing":false,"failureDetails":[],"failureMessages":[],"fullName":"docenteService — pruebas unitarias UT-DS05 | crearDocente usa método POST","invocations":1,"location":null,"numPassingAsserts":1,"retryReasons":[],"startAt":1780679464977,"status":"passed","title":"UT-DS05 | crearDocente usa método POST"},{"ancestorTitles":["docenteService — pruebas unitarias"],"duration":3,"failing":false,"failureDetails":[],"failureMessages":[],"fullName":"docenteService — pruebas unitarias UT-DS06 | crearDocente no envía contraseña en texto plano","invocations":1,"location":null,"numPassingAsserts":1,"retryReasons":[],"startAt":1780679464995,"status":"passed","title":"UT-DS06 | crearDocente no envía contraseña en texto plano"},{"ancestorTitles":["docenteService — pruebas unitarias"],"duration":2,"failing":false,"failureDetails":[],"failureMessages":[],"fullName":"docenteService — pruebas unitarias UT-DS07 | actualizarDocente usa método PUT","invocations":1,"location":null,"numPassingAsserts":1,"retryReasons":[],"startAt":1780679464998,"status":"passed","title":"UT-DS07 | actualizarDocente usa método PUT"},{"ancestorTitles":["docenteService — pruebas unitarias"],"duration":2,"failing":false,"failureDetails":[],"failureMessages":[],"fullName":"docenteService — pruebas unitarias UT-DS08 | eliminarDocente usa método DELETE","invocations":1,"location":null,"numPassingAsserts":1,"retryReasons":[],"startAt":1780679465000,"status":"passed","title":"UT-DS08 | eliminarDocente usa método DELETE"},{"ancestorTitles":["cursoService — pruebas unitarias"],"duration":1,"failing":false,"failureDetails":[],"failureMessages":[],"fullName":"cursoService — pruebas unitarias UT-CS01 | listarCursos retorna lista al tener éxito","invocations":1,"location":null,"numPassingAsserts":2,"retryReasons":[],"startAt":1780679465003,"status":"passed","title":"UT-CS01 | listarCursos retorna lista al tener éxito"},{"ancestorTitles":["cursoService — pruebas unitarias"],"duration":1,"failing":false,"failureDetails":[],"failureMessages":[],"fullName":"cursoService — pruebas unitarias UT-CS02 | listarCursos retorna error si falla la API","invocations":1,"location":null,"numPassingAsserts":1,"retryReasons":[],"startAt":1780679465005,"status":"passed","title":"UT-CS02 | listarCursos retorna error si falla la API"},{"ancestorTitles":["cursoService — pruebas unitarias"],"duration":1,"failing":false,"failureDetails":[],"failureMessages":[],"fullName":"cursoService — pruebas unitarias UT-CS03 | obtenerCursoPorId retorna curso correcto","invocations":1,"location":null,"numPassingAsserts":1,"retryReasons":[],"startAt":1780679465006,"status":"passed","title":"UT-CS03 | obtenerCursoPorId retorna curso correcto"},{"ancestorTitles":["cursoService — pruebas unitarias"],"duration":2,"failing":false,"failureDetails":[],"failureMessages":[],"fullName":"cursoService — pruebas unitarias UT-CS04 | crearCurso usa método POST","invocations":1,"location":null,"numPassingAsserts":1,"retryReasons":[],"startAt":1780679465007,"status":"passed","title":"UT-CS04 | crearCurso usa método POST"},{"ancestorTitles":["cursoService — pruebas unitarias"],"duration":2,"failing":false,"failureDetails":[],"failureMessages":[],"fullName":"cursoService — pruebas unitarias UT-CS05 | actualizarCurso usa método PUT","invocations":1,"location":null,"numPassingAsserts":1,"retryReasons":[],"startAt":1780679465009,"status":"passed","title":"UT-CS05 | actualizarCurso usa método PUT"},{"ancestorTitles":["cursoService — pruebas unitarias"],"duration":1,"failing":false,"failureDetails":[],"failureMessages":[],"fullName":"cursoService — pruebas unitarias UT-CS06 | eliminarCurso usa método DELETE","invocations":1,"location":null,"numPassingAsserts":1,"retryReasons":[],"startAt":1780679465011,"status":"passed","title":"UT-CS06 | eliminarCurso usa método DELETE"},{"ancestorTitles":["cursoService — pruebas unitarias"],"duration":1,"failing":false,"failureDetails":[],"failureMessages":[],"fullName":"cursoService — pruebas unitarias UT-CS07 | listarCursos retorna error en fallo de red","invocations":1,"location":null,"numPassingAsserts":1,"retryReasons":[],"startAt":1780679465013,"status":"passed","title":"UT-CS07 | listarCursos retorna error en fallo de red"}],"endTime":1780679465015,"message":"","name":"C:\\Users\\Reinel Alfaro\\Desktop\\proyec-EduCampus\\EduCampus\\src\\tests\\services_docente_curso.test.js","startTime":1780679464401,"status":"passed","summary":""},{"assertionResults":[{"ancestorTitles":["asistenciaService — pruebas unitarias"],"duration":3,"failing":false,"failureDetails":[],"failureMessages":[],"fullName":"asistenciaService — pruebas unitarias UT-ASIS01 | obtenerReporteAsistenciaGeneral retorna datos","invocations":1,"location":null,"numPassingAsserts":1,"retryReasons":[],"startAt":1780679465011,"status":"passed","title":"UT-ASIS01 | obtenerReporteAsistenciaGeneral retorna datos"},{"ancestorTitles":["asistenciaService — pruebas unitarias"],"duration":2,"failing":false,"failureDetails":[],"failureMessages":[],"fullName":"asistenciaService — pruebas unitarias UT-ASIS02 | obtenerReporteAsistenciaGeneral retorna error si falla","invocations":1,"location":null,"numPassingAsserts":1,"retryReasons":[],"startAt":1780679465014,"status":"passed","title":"UT-ASIS02 | obtenerReporteAsistenciaGeneral retorna error si falla"},{"ancestorTitles":["asistenciaService — pruebas unitarias"],"duration":2,"failing":false,"failureDetails":[],"failureMessages":[],"fullName":"asistenciaService — pruebas unitarias UT-ASIS03 | obtenerAsistenciaPorCurso llama al endpoint correcto","invocations":1,"location":null,"numPassingAsserts":1,"retryReasons":[],"startAt":1780679465016,"status":"passed","title":"UT-ASIS03 | obtenerAsistenciaPorCurso llama al endpoint correcto"},{"ancestorTitles":["asistenciaService — pruebas unitarias"],"duration":1,"failing":false,"failureDetails":[],"failureMessages":[],"fullName":"asistenciaService — pruebas unitarias UT-ASIS04 | obtenerAsistenciaPorEstudiante llama al endpoint correcto","invocations":1,"location":null,"numPassingAsserts":1,"retryReasons":[],"startAt":1780679465018,"status":"passed","title":"UT-ASIS04 | obtenerAsistenciaPorEstudiante llama al endpoint correcto"},{"ancestorTitles":["asistenciaService — pruebas unitarias"],"duration":1,"failing":false,"failureDetails":[],"failureMessages":[],"fullName":"asistenciaService — pruebas unitarias UT-ASIS05 | obtenerAsistenciaPorCurso retorna error en fallo de red","invocations":1,"location":null,"numPassingAsserts":1,"retryReasons":[],"startAt":1780679465019,"status":"passed","title":"UT-ASIS05 | obtenerAsistenciaPorCurso retorna error en fallo de red"},{"ancestorTitles":["materialService — pruebas unitarias"],"duration":1,"failing":false,"failureDetails":[],"failureMessages":[],"fullName":"materialService — pruebas unitarias UT-MAT01 | subirMaterial usa método POST","invocations":1,"location":null,"numPassingAsserts":1,"retryReasons":[],"startAt":1780679465020,"status":"passed","title":"UT-MAT01 | subirMaterial usa método POST"},{"ancestorTitles":["materialService — pruebas unitarias"],"duration":0,"failing":false,"failureDetails":[],"failureMessages":[],"fullName":"materialService — pruebas unitarias UT-MAT02 | obtenerMaterialPorCurso retorna lista","invocations":1,"location":null,"numPassingAsserts":2,"retryReasons":[],"startAt":1780679465022,"status":"passed","title":"UT-MAT02 | obtenerMaterialPorCurso retorna lista"},{"ancestorTitles":["materialService — pruebas unitarias"],"duration":1,"failing":false,"failureDetails":[],"failureMessages":[],"fullName":"materialService — pruebas unitarias UT-MAT03 | obtenerMaterialPorDocente retorna lista","invocations":1,"location":null,"numPassingAsserts":1,"retryReasons":[],"startAt":1780679465023,"status":"passed","title":"UT-MAT03 | obtenerMaterialPorDocente retorna lista"},{"ancestorTitles":["materialService — pruebas unitarias"],"duration":1,"failing":false,"failureDetails":[],"failureMessages":[],"fullName":"materialService — pruebas unitarias UT-MAT04 | eliminarMaterial usa método DELETE","invocations":1,"location":null,"numPassingAsserts":1,"retryReasons":[],"startAt":1780679465025,"status":"passed","title":"UT-MAT04 | eliminarMaterial usa método DELETE"},{"ancestorTitles":["materialService — pruebas unitarias"],"duration":2,"failing":false,"failureDetails":[],"failureMessages":[],"fullName":"materialService — pruebas unitarias UT-MAT05 | subirMaterial retorna error si falla la API","invocations":1,"location":null,"numPassingAsserts":1,"retryReasons":[],"startAt":1780679465026,"status":"passed","title":"UT-MAT05 | subirMaterial retorna error si falla la API"}],"endTime":1780679465029,"message":"","name":"C:\\Users\\Reinel Alfaro\\Desktop\\proyec-EduCampus\\EduCampus\\src\\tests\\services_asistencia_material.test.js","startTime":1780679464555,"status":"passed","summary":""},{"assertionResults":[{"ancestorTitles":["DashboardAdmin — pruebas unitarias"],"duration":2,"failing":false,"failureDetails":[],"failureMessages":[],"fullName":"DashboardAdmin — pruebas unitarias UT-DA01 | constructor crea instancia con valores por defecto","invocations":1,"location":null,"numPassingAsserts":6,"retryReasons":[],"startAt":1780679465040,"status":"passed","title":"UT-DA01 | constructor crea instancia con valores por defecto"},{"ancestorTitles":["DashboardAdmin — pruebas unitarias"],"duration":2,"failing":false,"failureDetails":[],"failureMessages":[],"fullName":"DashboardAdmin — pruebas unitarias UT-DA02 | constructor asigna valores proporcionados","invocations":1,"location":null,"numPassingAsserts":4,"retryReasons":[],"startAt":1780679465042,"status":"passed","title":"UT-DA02 | constructor asigna valores proporcionados"},{"ancestorTitles":["DashboardAdmin — pruebas unitarias"],"duration":1,"failing":false,"failureDetails":[],"failureMessages":[],"fullName":"DashboardAdmin — pruebas unitarias UT-DA03 | instancia es de tipo DashboardAdmin","invocations":1,"location":null,"numPassingAsserts":1,"retryReasons":[],"startAt":1780679465044,"status":"passed","title":"UT-DA03 | instancia es de tipo DashboardAdmin"},{"ancestorTitles":["DashboardAdmin — pruebas unitarias"],"duration":0,"failing":false,"failureDetails":[],"failureMessages":[],"fullName":"DashboardAdmin — pruebas unitarias UT-DA04 | acepta porcentaje_asistencia como número","invocations":1,"location":null,"numPassingAsserts":1,"retryReasons":[],"startAt":1780679465045,"status":"passed","title":"UT-DA04 | acepta porcentaje_asistencia como número"},{"ancestorTitles":["DashboardAdmin — pruebas unitarias"],"duration":0,"failing":false,"failureDetails":[],"failureMessages":[],"fullName":"DashboardAdmin — pruebas unitarias UT-DA05 | valores parciales usan defecto 0 para los faltantes","invocations":1,"location":null,"numPassingAsserts":2,"retryReasons":[],"startAt":1780679465046,"status":"passed","title":"UT-DA05 | valores parciales usan defecto 0 para los faltantes"},{"ancestorTitles":["DashboardAdmin — pruebas unitarias"],"duration":1,"failing":false,"failureDetails":[],"failureMessages":[],"fullName":"DashboardAdmin — pruebas unitarias UT-DA06 | dos instancias son independientes","invocations":1,"location":null,"numPassingAsserts":2,"retryReasons":[],"startAt":1780679465046,"status":"passed","title":"UT-DA06 | dos instancias son independientes"},{"ancestorTitles":["Configuracion — pruebas unitarias"],"duration":0,"failing":false,"failureDetails":[],"failureMessages":[],"fullName":"Configuracion — pruebas unitarias UT-CO01 | constructor crea instancia con valores por defecto","invocations":1,"location":null,"numPassingAsserts":4,"retryReasons":[],"startAt":1780679465047,"status":"passed","title":"UT-CO01 | constructor crea instancia con valores por defecto"},{"ancestorTitles":["Configuracion — pruebas unitarias"],"duration":0,"failing":false,"failureDetails":[],"failureMessages":[],"fullName":"Configuracion — pruebas unitarias UT-CO02 | constructor asigna valores proporcionados","invocations":1,"location":null,"numPassingAsserts":3,"retryReasons":[],"startAt":1780679465048,"status":"passed","title":"UT-CO02 | constructor asigna valores proporcionados"},{"ancestorTitles":["Configuracion — pruebas unitarias"],"duration":1,"failing":false,"failureDetails":[],"failureMessages":[],"fullName":"Configuracion — pruebas unitarias UT-CO03 | esValido retorna true con todos los campos","invocations":1,"location":null,"numPassingAsserts":1,"retryReasons":[],"startAt":1780679465048,"status":"passed","title":"UT-CO03 | esValido retorna true con todos los campos"},{"ancestorTitles":["Configuracion — pruebas unitarias"],"duration":0,"failing":false,"failureDetails":[],"failureMessages":[],"fullName":"Configuracion — pruebas unitarias UT-CO04 | esValido retorna false con nombre vacío","invocations":1,"location":null,"numPassingAsserts":1,"retryReasons":[],"startAt":1780679465049,"status":"passed","title":"UT-CO04 | esValido retorna false con nombre vacío"},{"ancestorTitles":["Configuracion — pruebas unitarias"],"duration":1,"failing":false,"failureDetails":[],"failureMessages":[],"fullName":"Configuracion — pruebas unitarias UT-CO05 | tieneEmailValido retorna true con email correcto","invocations":1,"location":null,"numPassingAsserts":1,"retryReasons":[],"startAt":1780679465049,"status":"passed","title":"UT-CO05 | tieneEmailValido retorna true con email correcto"},{"ancestorTitles":["Configuracion — pruebas unitarias"],"duration":0,"failing":false,"failureDetails":[],"failureMessages":[],"fullName":"Configuracion — pruebas unitarias UT-CO06 | tieneEmailValido retorna false con email inválido","invocations":1,"location":null,"numPassingAsserts":1,"retryReasons":[],"startAt":1780679465050,"status":"passed","title":"UT-CO06 | tieneEmailValido retorna false con email inválido"},{"ancestorTitles":["Configuracion — pruebas unitarias"],"duration":0,"failing":false,"failureDetails":[],"failureMessages":[],"fullName":"Configuracion — pruebas unitarias UT-CO07 | instancia es de tipo Configuracion","invocations":1,"location":null,"numPassingAsserts":1,"retryReasons":[],"startAt":1780679465050,"status":"passed","title":"UT-CO07 | instancia es de tipo Configuracion"}],"endTime":1780679465051,"message":"","name":"C:\\Users\\Reinel Alfaro\\Desktop\\proyec-EduCampus\\EduCampus\\src\\tests\\models_extended.test.js","startTime":1780679464622,"status":"passed","summary":""}],"wasInterrupted":false}
