{"numFailedTestSuites":0,"numFailedTests":0,"numPassedTestSuites":34,"numPassedTests":384,"numPendingTestSuites":0,"numPendingTests":0,"numRuntimeErrorTestSuites":0,"numTodoTests":0,"numTotalTestSuites":34,"numTotalTests":384,"openHandles":[],"snapshot":{"added":0,"didUpdate":false,"failure":false,"filesAdded":0,"filesRemoved":0,"filesRemovedList":[],"filesUnmatched":0,"filesUpdated":0,"matched":0,"total":0,"unchecked":0,"uncheckedKeysByFile":[],"unmatched":0,"updated":0},"startTime":1780679319315,"success":true,"testResults":[{"assertionResults":[{"ancestorTitles":["authService — pruebas unitarias"],"duration":15,"failing":false,"failureDetails":[],"failureMessages":[],"fullName":"authService — pruebas unitarias UT-AS01 | cerrarSesion limpia el localStorage","invocations":1,"location":null,"numPassingAsserts":2,"retryReasons":[],"startAt":1780679326584,"status":"passed","title":"UT-AS01 | cerrarSesion limpia el localStorage"},{"ancestorTitles":["authService — pruebas unitarias"],"duration":23,"failing":false,"failureDetails":[],"failureMessages":[],"fullName":"authService — pruebas unitarias UT-AS02 | obtenerUsuarioActual retorna null sin sesión","invocations":1,"location":null,"numPassingAsserts":1,"retryReasons":[],"startAt":1780679326602,"status":"passed","title":"UT-AS02 | obtenerUsuarioActual retorna null sin sesión"},{"ancestorTitles":["authService — pruebas unitarias"],"duration":4,"failing":false,"failureDetails":[],"failureMessages":[],"fullName":"authService — pruebas unitarias UT-AS03 | obtenerUsuarioActual retorna el usuario guardado","invocations":1,"location":null,"numPassingAsserts":1,"retryReasons":[],"startAt":1780679326625,"status":"passed","title":"UT-AS03 | obtenerUsuarioActual retorna el usuario guardado"},{"ancestorTitles":["authService — pruebas unitarias"],"duration":2,"failing":false,"failureDetails":[],"failureMessages":[],"fullName":"authService — pruebas unitarias UT-AS04 | estaAutenticado retorna false sin sesión","invocations":1,"location":null,"numPassingAsserts":1,"retryReasons":[],"startAt":1780679326631,"status":"passed","title":"UT-AS04 | estaAutenticado retorna false sin sesión"},{"ancestorTitles":["authService — pruebas unitarias"],"duration":3,"failing":false,"failureDetails":[],"failureMessages":[],"fullName":"authService — pruebas unitarias UT-AS05 | estaAutenticado retorna true con sesión activa","invocations":1,"location":null,"numPassingAsserts":1,"retryReasons":[],"startAt":1780679326634,"status":"passed","title":"UT-AS05 | estaAutenticado retorna true con sesión activa"},{"ancestorTitles":["authService — pruebas unitarias"],"duration":1,"failing":false,"failureDetails":[],"failureMessages":[],"fullName":"authService — pruebas unitarias UT-AS06 | estaAutenticado retorna false con valor incorrecto","invocations":1,"location":null,"numPassingAsserts":1,"retryReasons":[],"startAt":1780679326638,"status":"passed","title":"UT-AS06 | estaAutenticado retorna false con valor incorrecto"},{"ancestorTitles":["authService — pruebas unitarias"],"duration":2,"failing":false,"failureDetails":[],"failureMessages":[],"fullName":"authService — pruebas unitarias UT-AS07 | obtenerRolUsuario retorna null sin sesión","invocations":1,"location":null,"numPassingAsserts":1,"retryReasons":[],"startAt":1780679326639,"status":"passed","title":"UT-AS07 | obtenerRolUsuario retorna null sin sesión"},{"ancestorTitles":["authService — pruebas unitarias"],"duration":2,"failing":false,"failureDetails":[],"failureMessages":[],"fullName":"authService — pruebas unitarias UT-AS08 | obtenerRolUsuario retorna el rol del usuario","invocations":1,"location":null,"numPassingAsserts":1,"retryReasons":[],"startAt":1780679326642,"status":"passed","title":"UT-AS08 | obtenerRolUsuario retorna el rol del usuario"},{"ancestorTitles":["authService — pruebas unitarias"],"duration":2,"failing":false,"failureDetails":[],"failureMessages":[],"fullName":"authService — pruebas unitarias UT-AS09 | obtenerRolUsuario retorna docente correctamente","invocations":1,"location":null,"numPassingAsserts":1,"retryReasons":[],"startAt":1780679326644,"status":"passed","title":"UT-AS09 | obtenerRolUsuario retorna docente correctamente"},{"ancestorTitles":["authService — pruebas unitarias"],"duration":10,"failing":false,"failureDetails":[],"failureMessages":[],"fullName":"authService — pruebas unitarias UT-AS10 | obtenerRolUsuario retorna estudiante correctamente","invocations":1,"location":null,"numPassingAsserts":1,"retryReasons":[],"startAt":1780679326646,"status":"passed","title":"UT-AS10 | obtenerRolUsuario retorna estudiante correctamente"},{"ancestorTitles":["authService — pruebas unitarias"],"duration":51,"failing":false,"failureDetails":[],"failureMessages":[],"fullName":"authService — pruebas unitarias UT-AS11 | iniciarSesion guarda usuario en localStorage al tener éxito","invocations":1,"location":null,"numPassingAsserts":2,"retryReasons":[],"startAt":1780679326659,"status":"passed","title":"UT-AS11 | iniciarSesion guarda usuario en localStorage al tener éxito"},{"ancestorTitles":["authService — pruebas unitarias"],"duration":4,"failing":false,"failureDetails":[],"failureMessages":[],"fullName":"authService — pruebas unitarias UT-AS12 | iniciarSesion retorna error con credenciales incorrectas","invocations":1,"location":null,"numPassingAsserts":2,"retryReasons":[],"startAt":1780679326710,"status":"passed","title":"UT-AS12 | iniciarSesion retorna error con credenciales incorrectas"}],"endTime":1780679326718,"message":"","name":"C:\\Users\\Reinel Alfaro\\Desktop\\proyec-EduCampus\\EduCampus\\src\\tests\\authService.test.js","startTime":1780679323130,"status":"passed","summary":""},{"assertionResults":[{"ancestorTitles":["estudianteService — pruebas unitarias (fetch mock)"],"duration":28,"failing":false,"failureDetails":[],"failureMessages":[],"fullName":"estudianteService — pruebas unitarias (fetch mock) UT-EST01 | listarEstudiantes retorna lista al tener éxito","invocations":1,"location":null,"numPassingAsserts":2,"retryReasons":[],"startAt":1780679326625,"status":"passed","title":"UT-EST01 | listarEstudiantes retorna lista al tener éxito"},{"ancestorTitles":["estudianteService — pruebas unitarias (fetch mock)"],"duration":3,"failing":false,"failureDetails":[],"failureMessages":[],"fullName":"estudianteService — pruebas unitarias (fetch mock) UT-EST02 | listarEstudiantes retorna error si falla la API","invocations":1,"location":null,"numPassingAsserts":1,"retryReasons":[],"startAt":1780679326655,"status":"passed","title":"UT-EST02 | listarEstudiantes retorna error si falla la API"},{"ancestorTitles":["estudianteService — pruebas unitarias (fetch mock)"],"duration":12,"failing":false,"failureDetails":[],"failureMessages":[],"fullName":"estudianteService — pruebas unitarias (fetch mock) UT-EST03 | listarEstudiantes retorna error si hay fallo de red","invocations":1,"location":null,"numPassingAsserts":1,"retryReasons":[],"startAt":1780679326659,"status":"passed","title":"UT-EST03 | listarEstudiantes retorna error si hay fallo de red"},{"ancestorTitles":["estudianteService — pruebas unitarias (fetch mock)"],"duration":1,"failing":false,"failureDetails":[],"failureMessages":[],"fullName":"estudianteService — pruebas unitarias (fetch mock) UT-EST04 | obtenerEstudiantePorId retorna el estudiante correcto","invocations":1,"location":null,"numPassingAsserts":2,"retryReasons":[],"startAt":1780679326671,"status":"passed","title":"UT-EST04 | obtenerEstudiantePorId retorna el estudiante correcto"},{"ancestorTitles":["estudianteService — pruebas unitarias (fetch mock)"],"duration":82,"failing":false,"failureDetails":[],"failureMessages":[],"fullName":"estudianteService — pruebas unitarias (fetch mock) UT-EST05 | crearEstudiante llama a fetch con método POST","invocations":1,"location":null,"numPassingAsserts":1,"retryReasons":[],"startAt":1780679326673,"status":"passed","title":"UT-EST05 | crearEstudiante llama a fetch con método POST"},{"ancestorTitles":["estudianteService — pruebas unitarias (fetch mock)"],"duration":2,"failing":false,"failureDetails":[],"failureMessages":[],"fullName":"estudianteService — pruebas unitarias (fetch mock) UT-EST06 | actualizarEstudiante llama a fetch con método PUT","invocations":1,"location":null,"numPassingAsserts":1,"retryReasons":[],"startAt":1780679326755,"status":"passed","title":"UT-EST06 | actualizarEstudiante llama a fetch con método PUT"},{"ancestorTitles":["estudianteService — pruebas unitarias (fetch mock)"],"duration":2,"failing":false,"failureDetails":[],"failureMessages":[],"fullName":"estudianteService — pruebas unitarias (fetch mock) UT-EST07 | eliminarEstudiante llama a fetch con método DELETE","invocations":1,"location":null,"numPassingAsserts":1,"retryReasons":[],"startAt":1780679326758,"status":"passed","title":"UT-EST07 | eliminarEstudiante llama a fetch con método DELETE"},{"ancestorTitles":["estudianteService — pruebas unitarias (fetch mock)"],"duration":4,"failing":false,"failureDetails":[],"failureMessages":[],"fullName":"estudianteService — pruebas unitarias (fetch mock) UT-EST08 | crearEstudiante no envía contraseña en texto plano","invocations":1,"location":null,"numPassingAsserts":2,"retryReasons":[],"startAt":1780679326760,"status":"passed","title":"UT-EST08 | crearEstudiante no envía contraseña en texto plano"}],"endTime":1780679326767,"message":"","name":"C:\\Users\\Reinel Alfaro\\Desktop\\proyec-EduCampus\\EduCampus\\src\\tests\\estudianteService.test.js","startTime":1780679323102,"status":"passed","summary":""},{"assertionResults":[{"ancestorTitles":["crypto — pruebas unitarias (hashPassword)"],"duration":67,"failing":false,"failureDetails":[],"failureMessages":[],"fullName":"crypto — pruebas unitarias (hashPassword) UT-CR01 | hashPassword retorna una cadena hex de 64 caracteres","invocations":1,"location":null,"numPassingAsserts":2,"retryReasons":[],"startAt":1780679326643,"status":"passed","title":"UT-CR01 | hashPassword retorna una cadena hex de 64 caracteres"},{"ancestorTitles":["crypto — pruebas unitarias (hashPassword)"],"duration":3,"failing":false,"failureDetails":[],"failureMessages":[],"fullName":"crypto — pruebas unitarias (hashPassword) UT-CR02 | hashPassword retorna solo caracteres hexadecimales","invocations":1,"location":null,"numPassingAsserts":1,"retryReasons":[],"startAt":1780679326711,"status":"passed","title":"UT-CR02 | hashPassword retorna solo caracteres hexadecimales"},{"ancestorTitles":["crypto — pruebas unitarias (hashPassword)"],"duration":2,"failing":false,"failureDetails":[],"failureMessages":[],"fullName":"crypto — pruebas unitarias (hashPassword) UT-CR03 | la misma contraseña produce el mismo hash","invocations":1,"location":null,"numPassingAsserts":1,"retryReasons":[],"startAt":1780679326715,"status":"passed","title":"UT-CR03 | la misma contraseña produce el mismo hash"},{"ancestorTitles":["crypto — pruebas unitarias (hashPassword)"],"duration":3,"failing":false,"failureDetails":[],"failureMessages":[],"fullName":"crypto — pruebas unitarias (hashPassword) UT-CR04 | contraseñas diferentes producen hashes diferentes","invocations":1,"location":null,"numPassingAsserts":1,"retryReasons":[],"startAt":1780679326717,"status":"passed","title":"UT-CR04 | contraseñas diferentes producen hashes diferentes"},{"ancestorTitles":["crypto — pruebas unitarias (hashPassword)"],"duration":2,"failing":false,"failureDetails":[],"failureMessages":[],"fullName":"crypto — pruebas unitarias (hashPassword) UT-CR05 | el hash no contiene la contraseña original","invocations":1,"location":null,"numPassingAsserts":1,"retryReasons":[],"startAt":1780679326721,"status":"passed","title":"UT-CR05 | el hash no contiene la contraseña original"},{"ancestorTitles":["crypto — pruebas unitarias (hashPassword)"],"duration":2,"failing":false,"failureDetails":[],"failureMessages":[],"fullName":"crypto — pruebas unitarias (hashPassword) UT-CR06 | hashPassword funciona con contraseña vacía","invocations":1,"location":null,"numPassingAsserts":1,"retryReasons":[],"startAt":1780679326723,"status":"passed","title":"UT-CR06 | hashPassword funciona con contraseña vacía"},{"ancestorTitles":["crypto — pruebas unitarias (hashPassword)"],"duration":5,"failing":false,"failureDetails":[],"failureMessages":[],"fullName":"crypto — pruebas unitarias (hashPassword) UT-CR07 | hashPassword funciona con caracteres especiales","invocations":1,"location":null,"numPassingAsserts":2,"retryReasons":[],"startAt":1780679326725,"status":"passed","title":"UT-CR07 | hashPassword funciona con caracteres especiales"},{"ancestorTitles":["crypto — pruebas unitarias (hashPassword)"],"duration":2,"failing":false,"failureDetails":[],"failureMessages":[],"fullName":"crypto — pruebas unitarias (hashPassword) UT-CR08 | hashPassword funciona con contraseña larga","invocations":1,"location":null,"numPassingAsserts":1,"retryReasons":[],"startAt":1780679326731,"status":"passed","title":"UT-CR08 | hashPassword funciona con contraseña larga"}],"endTime":1780679326742,"message":"","name":"C:\\Users\\Reinel Alfaro\\Desktop\\proyec-EduCampus\\EduCampus\\src\\tests\\crypto.test.js","startTime":1780679323095,"status":"passed","summary":""},{"assertionResults":[{"ancestorTitles":["INT — Servicios API (integración con fetch mock)"],"duration":52,"failing":false,"failureDetails":[],"failureMessages":[],"fullName":"INT — Servicios API (integración con fetch mock) INT-SV01 | flujo completo login → sesión activa → obtener rol","invocations":1,"location":null,"numPassingAsserts":2,"retryReasons":[],"startAt":1780679326627,"status":"passed","title":"INT-SV01 | flujo completo login → sesión activa → obtener rol"},{"ancestorTitles":["INT — Servicios API (integración con fetch mock)"],"duration":6,"failing":false,"failureDetails":[],"failureMessages":[],"fullName":"INT — Servicios API (integración con fetch mock) INT-SV02 | flujo login → cerrar sesión → sesión eliminada","invocations":1,"location":null,"numPassingAsserts":3,"retryReasons":[],"startAt":1780679326681,"status":"passed","title":"INT-SV02 | flujo login → cerrar sesión → sesión eliminada"},{"ancestorTitles":["INT — Servicios API (integración con fetch mock)"],"duration":2,"failing":false,"failureDetails":[],"failureMessages":[],"fullName":"INT — Servicios API (integración con fetch mock) INT-SV03 | login fallido no guarda sesión","invocations":1,"location":null,"numPassingAsserts":1,"retryReasons":[],"startAt":1780679326687,"status":"passed","title":"INT-SV03 | login fallido no guarda sesión"},{"ancestorTitles":["INT — Servicios API (integración con fetch mock)"],"duration":3,"failing":false,"failureDetails":[],"failureMessages":[],"fullName":"INT — Servicios API (integración con fetch mock) INT-SV04 | listar estudiantes devuelve array correcto","invocations":1,"location":null,"numPassingAsserts":2,"retryReasons":[],"startAt":1780679326689,"status":"passed","title":"INT-SV04 | listar estudiantes devuelve array correcto"},{"ancestorTitles":["INT — Servicios API (integración con fetch mock)"],"duration":2,"failing":false,"failureDetails":[],"failureMessages":[],"fullName":"INT — Servicios API (integración con fetch mock) INT-SV05 | crear estudiante y listar → el nuevo aparece en la lista","invocations":1,"location":null,"numPassingAsserts":1,"retryReasons":[],"startAt":1780679326693,"status":"passed","title":"INT-SV05 | crear estudiante y listar → el nuevo aparece en la lista"},{"ancestorTitles":["INT — Servicios API (integración con fetch mock)"],"duration":2,"failing":false,"failureDetails":[],"failureMessages":[],"fullName":"INT — Servicios API (integración con fetch mock) INT-SV06 | error de red devuelve objeto con error=true","invocations":1,"location":null,"numPassingAsserts":2,"retryReasons":[],"startAt":1780679326696,"status":"passed","title":"INT-SV06 | error de red devuelve objeto con error=true"},{"ancestorTitles":["INT — Servicios API (integración con fetch mock)"],"duration":49,"failing":false,"failureDetails":[],"failureMessages":[],"fullName":"INT — Servicios API (integración con fetch mock) INT-SV07 | fetch es llamado con la URL correcta del endpoint","invocations":1,"location":null,"numPassingAsserts":1,"retryReasons":[],"startAt":1780679326699,"status":"passed","title":"INT-SV07 | fetch es llamado con la URL correcta del endpoint"},{"ancestorTitles":["INT — Servicios API (integración con fetch mock)"],"duration":3,"failing":false,"failureDetails":[],"failureMessages":[],"fullName":"INT — Servicios API (integración con fetch mock) INT-SV08 | fetch es llamado con Content-Type JSON en POST","invocations":1,"location":null,"numPassingAsserts":1,"retryReasons":[],"startAt":1780679326749,"status":"passed","title":"INT-SV08 | fetch es llamado con Content-Type JSON en POST"},{"ancestorTitles":["INT — Servicios API (integración con fetch mock)"],"duration":2,"failing":false,"failureDetails":[],"failureMessages":[],"fullName":"INT — Servicios API (integración con fetch mock) INT-SV09 | múltiples servicios pueden coexistir sin interferir","invocations":1,"location":null,"numPassingAsserts":2,"retryReasons":[],"startAt":1780679326752,"status":"passed","title":"INT-SV09 | múltiples servicios pueden coexistir sin interferir"},{"ancestorTitles":["INT — Servicios API (integración con fetch mock)"],"duration":2,"failing":false,"failureDetails":[],"failureMessages":[],"fullName":"INT — Servicios API (integración con fetch mock) INT-SV10 | login con error de servidor devuelve mensaje de error","invocations":1,"location":null,"numPassingAsserts":2,"retryReasons":[],"startAt":1780679326755,"status":"passed","title":"INT-SV10 | login con error de servidor devuelve mensaje de error"}],"endTime":1780679326799,"message":"","name":"C:\\Users\\Reinel Alfaro\\Desktop\\proyec-EduCampus\\EduCampus\\src\\tests\\int_servicios.test.js","startTime":1780679323105,"status":"passed","summary":""},{"assertionResults":[{"ancestorTitles":["Modelo Estudiante — pruebas unitarias"],"duration":40,"failing":false,"failureDetails":[],"failureMessages":[],"fullName":"Modelo Estudiante — pruebas unitarias UT-ME01 | constructor crea instancia con todos los campos","invocations":1,"location":null,"numPassingAsserts":7,"retryReasons":[],"startAt":1780679326699,"status":"passed","title":"UT-ME01 | constructor crea instancia con todos los campos"},{"ancestorTitles":["Modelo Estudiante — pruebas unitarias"],"duration":37,"failing":false,"failureDetails":[],"failureMessages":[],"fullName":"Modelo Estudiante — pruebas unitarias UT-ME02 | instancia es de tipo Estudiante","invocations":1,"location":null,"numPassingAsserts":1,"retryReasons":[],"startAt":1780679326740,"status":"passed","title":"UT-ME02 | instancia es de tipo Estudiante"},{"ancestorTitles":["Modelo Estudiante — pruebas unitarias"],"duration":1,"failing":false,"failureDetails":[],"failureMessages":[],"fullName":"Modelo Estudiante — pruebas unitarias UT-ME03 | estado false se asigna correctamente","invocations":1,"location":null,"numPassingAsserts":1,"retryReasons":[],"startAt":1780679326778,"status":"passed","title":"UT-ME03 | estado false se asigna correctamente"},{"ancestorTitles":["Modelo Estudiante — pruebas unitarias"],"duration":4,"failing":false,"failureDetails":[],"failureMessages":[],"fullName":"Modelo Estudiante — pruebas unitarias UT-ME04 | id_estudiante undefined no lanza error","invocations":1,"location":null,"numPassingAsserts":1,"retryReasons":[],"startAt":1780679326779,"status":"passed","title":"UT-ME04 | id_estudiante undefined no lanza error"},{"ancestorTitles":["Modelo Estudiante — pruebas unitarias"],"duration":1,"failing":false,"failureDetails":[],"failureMessages":[],"fullName":"Modelo Estudiante — pruebas unitarias UT-ME05 | dos instancias con mismos datos son independientes","invocations":1,"location":null,"numPassingAsserts":1,"retryReasons":[],"startAt":1780679326784,"status":"passed","title":"UT-ME05 | dos instancias con mismos datos son independientes"},{"ancestorTitles":["Modelo Docente — pruebas unitarias"],"duration":3,"failing":false,"failureDetails":[],"failureMessages":[],"fullName":"Modelo Docente — pruebas unitarias UT-MD01 | constructor crea instancia con todos los campos","invocations":1,"location":null,"numPassingAsserts":4,"retryReasons":[],"startAt":1780679326786,"status":"passed","title":"UT-MD01 | constructor crea instancia con todos los campos"},{"ancestorTitles":["Modelo Docente — pruebas unitarias"],"duration":1,"failing":false,"failureDetails":[],"failureMessages":[],"fullName":"Modelo Docente — pruebas unitarias UT-MD02 | instancia es de tipo Docente","invocations":1,"location":null,"numPassingAsserts":1,"retryReasons":[],"startAt":1780679326790,"status":"passed","title":"UT-MD02 | instancia es de tipo Docente"},{"ancestorTitles":["Modelo Docente — pruebas unitarias"],"duration":1,"failing":false,"failureDetails":[],"failureMessages":[],"fullName":"Modelo Docente — pruebas unitarias UT-MD03 | telefono null se asigna como null","invocations":1,"location":null,"numPassingAsserts":1,"retryReasons":[],"startAt":1780679326791,"status":"passed","title":"UT-MD03 | telefono null se asigna como null"},{"ancestorTitles":["Modelo Docente — pruebas unitarias"],"duration":1,"failing":false,"failureDetails":[],"failureMessages":[],"fullName":"Modelo Docente — pruebas unitarias UT-MD04 | estado false se asigna correctamente","invocations":1,"location":null,"numPassingAsserts":1,"retryReasons":[],"startAt":1780679326793,"status":"passed","title":"UT-MD04 | estado false se asigna correctamente"},{"ancestorTitles":["Modelo Docente — pruebas unitarias"],"duration":2,"failing":false,"failureDetails":[],"failureMessages":[],"fullName":"Modelo Docente — pruebas unitarias UT-MD05 | correo se asigna correctamente","invocations":1,"location":null,"numPassingAsserts":1,"retryReasons":[],"startAt":1780679326795,"status":"passed","title":"UT-MD05 | correo se asigna correctamente"},{"ancestorTitles":["Modelo Curso — pruebas unitarias"],"duration":2,"failing":false,"failureDetails":[],"failureMessages":[],"fullName":"Modelo Curso — pruebas unitarias UT-MC01 | constructor crea instancia con todos los campos","invocations":1,"location":null,"numPassingAsserts":5,"retryReasons":[],"startAt":1780679326798,"status":"passed","title":"UT-MC01 | constructor crea instancia con todos los campos"},{"ancestorTitles":["Modelo Curso — pruebas unitarias"],"duration":1,"failing":false,"failureDetails":[],"failureMessages":[],"fullName":"Modelo Curso — pruebas unitarias UT-MC02 | instancia es de tipo Curso","invocations":1,"location":null,"numPassingAsserts":1,"retryReasons":[],"startAt":1780679326800,"status":"passed","title":"UT-MC02 | instancia es de tipo Curso"},{"ancestorTitles":["Modelo Curso — pruebas unitarias"],"duration":1,"failing":false,"failureDetails":[],"failureMessages":[],"fullName":"Modelo Curso — pruebas unitarias UT-MC03 | horario se asigna como array","invocations":1,"location":null,"numPassingAsserts":2,"retryReasons":[],"startAt":1780679326801,"status":"passed","title":"UT-MC03 | horario se asigna como array"},{"ancestorTitles":["Modelo Curso — pruebas unitarias"],"duration":0,"failing":false,"failureDetails":[],"failureMessages":[],"fullName":"Modelo Curso — pruebas unitarias UT-MC04 | múltiples horarios se asignan correctamente","invocations":1,"location":null,"numPassingAsserts":1,"retryReasons":[],"startAt":1780679326802,"status":"passed","title":"UT-MC04 | múltiples horarios se asignan correctamente"},{"ancestorTitles":["Modelo Curso — pruebas unitarias"],"duration":1,"failing":false,"failureDetails":[],"failureMessages":[],"fullName":"Modelo Curso — pruebas unitarias UT-MC05 | estado false se asigna correctamente","invocations":1,"location":null,"numPassingAsserts":1,"retryReasons":[],"startAt":1780679326802,"status":"passed","title":"UT-MC05 | estado false se asigna correctamente"},{"ancestorTitles":["Modelo Curso — pruebas unitarias"],"duration":0,"failing":false,"failureDetails":[],"failureMessages":[],"fullName":"Modelo Curso — pruebas unitarias UT-MC06 | cupo_estudiante se asigna correctamente","invocations":1,"location":null,"numPassingAsserts":1,"retryReasons":[],"startAt":1780679326803,"status":"passed","title":"UT-MC06 | cupo_estudiante se asigna correctamente"},{"ancestorTitles":["Modelo Curso — pruebas unitarias"],"duration":1,"failing":false,"failureDetails":[],"failureMessages":[],"fullName":"Modelo Curso — pruebas unitarias UT-MC07 | nombre se asigna correctamente","invocations":1,"location":null,"numPassingAsserts":1,"retryReasons":[],"startAt":1780679326803,"status":"passed","title":"UT-MC07 | nombre se asigna correctamente"},{"ancestorTitles":["Modelo Curso — pruebas unitarias"],"duration":0,"failing":false,"failureDetails":[],"failureMessages":[],"fullName":"Modelo Curso — pruebas unitarias UT-MC08 | dos instancias son independientes","invocations":1,"location":null,"numPassingAsserts":1,"retryReasons":[],"startAt":1780679326804,"status":"passed","title":"UT-MC08 | dos instancias son independientes"}],"endTime":1780679326807,"message":"","name":"C:\\Users\\Reinel Alfaro\\Desktop\\proyec-EduCampus\\EduCampus\\src\\tests\\models.test.js","startTime":1780679323095,"status":"passed","summary":""},{"assertionResults":[{"ancestorTitles":["StatCard — pruebas de componente"],"duration":163,"failing":false,"failureDetails":[],"failureMessages":[],"fullName":"StatCard — pruebas de componente CP-SC01 | muestra el título correctamente","invocations":1,"location":null,"numPassingAsserts":1,"retryReasons":[],"startAt":1780679327053,"status":"passed","title":"CP-SC01 | muestra el título correctamente"},{"ancestorTitles":["StatCard — pruebas de componente"],"duration":28,"failing":false,"failureDetails":[],"failureMessages":[],"fullName":"StatCard — pruebas de componente CP-SC02 | muestra el valor correctamente","invocations":1,"location":null,"numPassingAsserts":1,"retryReasons":[],"startAt":1780679327217,"status":"passed","title":"CP-SC02 | muestra el valor correctamente"},{"ancestorTitles":["StatCard — pruebas de componente"],"duration":14,"failing":false,"failureDetails":[],"failureMessages":[],"fullName":"StatCard — pruebas de componente CP-SC03 | muestra el ícono correctamente","invocations":1,"location":null,"numPassingAsserts":1,"retryReasons":[],"startAt":1780679327245,"status":"passed","title":"CP-SC03 | muestra el ícono correctamente"},{"ancestorTitles":["StatCard — pruebas de componente"],"duration":12,"failing":false,"failureDetails":[],"failureMessages":[],"fullName":"StatCard — pruebas de componente CP-SC04 | acepta valor cero","invocations":1,"location":null,"numPassingAsserts":1,"retryReasons":[],"startAt":1780679327259,"status":"passed","title":"CP-SC04 | acepta valor cero"},{"ancestorTitles":["StatCard — pruebas de componente"],"duration":18,"failing":false,"failureDetails":[],"failureMessages":[],"fullName":"StatCard — pruebas de componente CP-SC05 | acepta valor string","invocations":1,"location":null,"numPassingAsserts":1,"retryReasons":[],"startAt":1780679327271,"status":"passed","title":"CP-SC05 | acepta valor string"},{"ancestorTitles":["StatCard — pruebas de componente"],"duration":6,"failing":false,"failureDetails":[],"failureMessages":[],"fullName":"StatCard — pruebas de componente CP-SC06 | renderiza sin errores","invocations":1,"location":null,"numPassingAsserts":1,"retryReasons":[],"startAt":1780679327289,"status":"passed","title":"CP-SC06 | renderiza sin errores"},{"ancestorTitles":["StatCard — pruebas de componente"],"duration":33,"failing":false,"failureDetails":[],"failureMessages":[],"fullName":"StatCard — pruebas de componente CP-SC07 | el título está en uppercase (CSS class)","invocations":1,"location":null,"numPassingAsserts":1,"retryReasons":[],"startAt":1780679327296,"status":"passed","title":"CP-SC07 | el título está en uppercase (CSS class)"},{"ancestorTitles":["StatCard — pruebas de componente"],"duration":10,"failing":false,"failureDetails":[],"failureMessages":[],"fullName":"StatCard — pruebas de componente CP-SC08 | acepta valores grandes","invocations":1,"location":null,"numPassingAsserts":1,"retryReasons":[],"startAt":1780679327329,"status":"passed","title":"CP-SC08 | acepta valores grandes"}],"endTime":1780679327344,"message":"","name":"C:\\Users\\Reinel Alfaro\\Desktop\\proyec-EduCampus\\EduCampus\\src\\tests\\StatCard.test.jsx","startTime":1780679323101,"status":"passed","summary":""},{"assertionResults":[{"ancestorTitles":["INT — AuthContext (integración)"],"duration":61,"failing":false,"failureDetails":[],"failureMessages":[],"fullName":"INT — AuthContext (integración) INT-AC01 | useAuth lanza error fuera del AuthProvider","invocations":1,"location":null,"numPassingAsserts":1,"retryReasons":[],"startAt":1780679327040,"status":"passed","title":"INT-AC01 | useAuth lanza error fuera del AuthProvider"},{"ancestorTitles":["INT — AuthContext (integración)"],"duration":19,"failing":false,"failureDetails":[],"failureMessages":[],"fullName":"INT — AuthContext (integración) INT-AC02 | isAuthenticated inicia en false sin sesión previa","invocations":1,"location":null,"numPassingAsserts":1,"retryReasons":[],"startAt":1780679327103,"status":"passed","title":"INT-AC02 | isAuthenticated inicia en false sin sesión previa"},{"ancestorTitles":["INT — AuthContext (integración)"],"duration":47,"failing":false,"failureDetails":[],"failureMessages":[],"fullName":"INT — AuthContext (integración) INT-AC03 | iniciarSesion exitoso actualiza isAuthenticated a true","invocations":1,"location":null,"numPassingAsserts":1,"retryReasons":[],"startAt":1780679327122,"status":"passed","title":"INT-AC03 | iniciarSesion exitoso actualiza isAuthenticated a true"},{"ancestorTitles":["INT — AuthContext (integración)"],"duration":84,"failing":false,"failureDetails":[],"failureMessages":[],"fullName":"INT — AuthContext (integración) INT-AC04 | iniciarSesion fallido no cambia isAuthenticated","invocations":1,"location":null,"numPassingAsserts":1,"retryReasons":[],"startAt":1780679327174,"status":"passed","title":"INT-AC04 | iniciarSesion fallido no cambia isAuthenticated"},{"ancestorTitles":["INT — AuthContext (integración)"],"duration":13,"failing":false,"failureDetails":[],"failureMessages":[],"fullName":"INT — AuthContext (integración) INT-AC05 | cerrarSesion cambia isAuthenticated a false","invocations":1,"location":null,"numPassingAsserts":1,"retryReasons":[],"startAt":1780679327259,"status":"passed","title":"INT-AC05 | cerrarSesion cambia isAuthenticated a false"},{"ancestorTitles":["INT — AuthContext (integración)"],"duration":7,"failing":false,"failureDetails":[],"failureMessages":[],"fullName":"INT — AuthContext (integración) INT-AC06 | loading inicia en true y termina en false","invocations":1,"location":null,"numPassingAsserts":1,"retryReasons":[],"startAt":1780679327272,"status":"passed","title":"INT-AC06 | loading inicia en true y termina en false"},{"ancestorTitles":["INT — AuthContext (integración)"],"duration":39,"failing":false,"failureDetails":[],"failureMessages":[],"fullName":"INT — AuthContext (integración) INT-AC07 | AuthProvider renderiza hijos correctamente","invocations":1,"location":null,"numPassingAsserts":1,"retryReasons":[],"startAt":1780679327279,"status":"passed","title":"INT-AC07 | AuthProvider renderiza hijos correctamente"},{"ancestorTitles":["INT — AuthContext (integración)"],"duration":43,"failing":false,"failureDetails":[],"failureMessages":[],"fullName":"INT — AuthContext (integración) INT-AC08 | usuario inicia en null sin sesión","invocations":1,"location":null,"numPassingAsserts":1,"retryReasons":[],"startAt":1780679327318,"status":"passed","title":"INT-AC08 | usuario inicia en null sin sesión"}],"endTime":1780679327368,"message":"","name":"C:\\Users\\Reinel Alfaro\\Desktop\\proyec-EduCampus\\EduCampus\\src\\tests\\int_authContext.test.jsx","startTime":1780679323157,"status":"passed","summary":""},{"assertionResults":[{"ancestorTitles":["useConfiguracionValidator — pruebas unitarias"],"duration":69,"failing":false,"failureDetails":[],"failureMessages":[],"fullName":"useConfiguracionValidator — pruebas unitarias UT-CF01 | datos válidos retorna true","invocations":1,"location":null,"numPassingAsserts":1,"retryReasons":[],"startAt":1780679327276,"status":"passed","title":"UT-CF01 | datos válidos retorna true"},{"ancestorTitles":["useConfiguracionValidator — pruebas unitarias"],"duration":9,"failing":false,"failureDetails":[],"failureMessages":[],"fullName":"useConfiguracionValidator — pruebas unitarias UT-CF02 | nombre institución vacío genera error","invocations":1,"location":null,"numPassingAsserts":1,"retryReasons":[],"startAt":1780679327347,"status":"passed","title":"UT-CF02 | nombre institución vacío genera error"},{"ancestorTitles":["useConfiguracionValidator — pruebas unitarias"],"duration":11,"failing":false,"failureDetails":[],"failureMessages":[],"fullName":"useConfiguracionValidator — pruebas unitarias UT-CF03 | nombre institución muy corto genera error","invocations":1,"location":null,"numPassingAsserts":1,"retryReasons":[],"startAt":1780679327356,"status":"passed","title":"UT-CF03 | nombre institución muy corto genera error"},{"ancestorTitles":["useConfiguracionValidator — pruebas unitarias"],"duration":29,"failing":false,"failureDetails":[],"failureMessages":[],"fullName":"useConfiguracionValidator — pruebas unitarias UT-CF04 | email contacto vacío genera error","invocations":1,"location":null,"numPassingAsserts":1,"retryReasons":[],"startAt":1780679327367,"status":"passed","title":"UT-CF04 | email contacto vacío genera error"},{"ancestorTitles":["useConfiguracionValidator — pruebas unitarias"],"duration":11,"failing":false,"failureDetails":[],"failureMessages":[],"fullName":"useConfiguracionValidator — pruebas unitarias UT-CF05 | email contacto inválido genera error","invocations":1,"location":null,"numPassingAsserts":1,"retryReasons":[],"startAt":1780679327397,"status":"passed","title":"UT-CF05 | email contacto inválido genera error"},{"ancestorTitles":["useConfiguracionValidator — pruebas unitarias"],"duration":53,"failing":false,"failureDetails":[],"failureMessages":[],"fullName":"useConfiguracionValidator — pruebas unitarias UT-CF06 | año académico vacío genera error","invocations":1,"location":null,"numPassingAsserts":1,"retryReasons":[],"startAt":1780679327408,"status":"passed","title":"UT-CF06 | año académico vacío genera error"},{"ancestorTitles":["useConfiguracionValidator — pruebas unitarias"],"duration":24,"failing":false,"failureDetails":[],"failureMessages":[],"fullName":"useConfiguracionValidator — pruebas unitarias UT-CF07 | año académico con formato incorrecto genera error","invocations":1,"location":null,"numPassingAsserts":1,"retryReasons":[],"startAt":1780679327462,"status":"passed","title":"UT-CF07 | año académico con formato incorrecto genera error"},{"ancestorTitles":["useConfiguracionValidator — pruebas unitarias"],"duration":32,"failing":false,"failureDetails":[],"failureMessages":[],"fullName":"useConfiguracionValidator — pruebas unitarias UT-CF08 | año académico con formato YYYY-YYYY es válido","invocations":1,"location":null,"numPassingAsserts":1,"retryReasons":[],"startAt":1780679327487,"status":"passed","title":"UT-CF08 | año académico con formato YYYY-YYYY es válido"},{"ancestorTitles":["useConfiguracionValidator — pruebas unitarias"],"duration":20,"failing":false,"failureDetails":[],"failureMessages":[],"fullName":"useConfiguracionValidator — pruebas unitarias UT-CF09 | retorna false con datos inválidos","invocations":1,"location":null,"numPassingAsserts":1,"retryReasons":[],"startAt":1780679327521,"status":"passed","title":"UT-CF09 | retorna false con datos inválidos"},{"ancestorTitles":["useConfiguracionValidator — pruebas unitarias"],"duration":12,"failing":false,"failureDetails":[],"failureMessages":[],"fullName":"useConfiguracionValidator — pruebas unitarias UT-CF10 | clearErrors limpia todos los errores","invocations":1,"location":null,"numPassingAsserts":2,"retryReasons":[],"startAt":1780679327542,"status":"passed","title":"UT-CF10 | clearErrors limpia todos los errores"},{"ancestorTitles":["useConfiguracionValidator — pruebas unitarias"],"duration":5,"failing":false,"failureDetails":[],"failureMessages":[],"fullName":"useConfiguracionValidator — pruebas unitarias UT-CF11 | múltiples errores simultáneos","invocations":1,"location":null,"numPassingAsserts":1,"retryReasons":[],"startAt":1780679327554,"status":"passed","title":"UT-CF11 | múltiples errores simultáneos"},{"ancestorTitles":["useConfiguracionValidator — pruebas unitarias"],"duration":5,"failing":false,"failureDetails":[],"failureMessages":[],"fullName":"useConfiguracionValidator — pruebas unitarias UT-CF12 | nombre con exactamente 3 caracteres es válido","invocations":1,"location":null,"numPassingAsserts":1,"retryReasons":[],"startAt":1780679327559,"status":"passed","title":"UT-CF12 | nombre con exactamente 3 caracteres es válido"},{"ancestorTitles":["useConfiguracionValidator — pruebas unitarias"],"duration":5,"failing":false,"failureDetails":[],"failureMessages":[],"fullName":"useConfiguracionValidator — pruebas unitarias UT-CF13 | año académico con letras es inválido","invocations":1,"location":null,"numPassingAsserts":1,"retryReasons":[],"startAt":1780679327564,"status":"passed","title":"UT-CF13 | año académico con letras es inválido"},{"ancestorTitles":["useConfiguracionValidator — pruebas unitarias"],"duration":5,"failing":false,"failureDetails":[],"failureMessages":[],"fullName":"useConfiguracionValidator — pruebas unitarias UT-CF14 | email con subdominio es válido","invocations":1,"location":null,"numPassingAsserts":1,"retryReasons":[],"startAt":1780679327569,"status":"passed","title":"UT-CF14 | email con subdominio es válido"},{"ancestorTitles":["useConfiguracionValidator — pruebas unitarias"],"duration":5,"failing":false,"failureDetails":[],"failureMessages":[],"fullName":"useConfiguracionValidator — pruebas unitarias UT-CF15 | errores se limpian tras validación exitosa","invocations":1,"location":null,"numPassingAsserts":2,"retryReasons":[],"startAt":1780679327574,"status":"passed","title":"UT-CF15 | errores se limpian tras validación exitosa"}],"endTime":1780679327583,"message":"","name":"C:\\Users\\Reinel Alfaro\\Desktop\\proyec-EduCampus\\EduCampus\\src\\tests\\useConfiguracionValidator.test.jsx","startTime":1780679323140,"status":"passed","summary":""},{"assertionResults":[{"ancestorTitles":["SIS — Pruebas de Usabilidad"],"duration":147,"failing":false,"failureDetails":[],"failureMessages":[],"fullName":"SIS — Pruebas de Usabilidad SIS-U01 | el formulario tiene un título visible","invocations":1,"location":null,"numPassingAsserts":1,"retryReasons":[],"startAt":1780679327222,"status":"passed","title":"SIS-U01 | el formulario tiene un título visible"},{"ancestorTitles":["SIS — Pruebas de Usabilidad"],"duration":141,"failing":false,"failureDetails":[],"failureMessages":[],"fullName":"SIS — Pruebas de Usabilidad SIS-U02 | los campos tienen etiquetas descriptivas","invocations":1,"location":null,"numPassingAsserts":2,"retryReasons":[],"startAt":1780679327370,"status":"passed","title":"SIS-U02 | los campos tienen etiquetas descriptivas"},{"ancestorTitles":["SIS — Pruebas de Usabilidad"],"duration":362,"failing":false,"failureDetails":[],"failureMessages":[],"fullName":"SIS — Pruebas de Usabilidad SIS-U03 | el botón principal tiene texto descriptivo","invocations":1,"location":null,"numPassingAsserts":2,"retryReasons":[],"startAt":1780679327511,"status":"passed","title":"SIS-U03 | el botón principal tiene texto descriptivo"},{"ancestorTitles":["SIS — Pruebas de Usabilidad"],"duration":60,"failing":false,"failureDetails":[],"failureMessages":[],"fullName":"SIS — Pruebas de Usabilidad SIS-U04 | existe un botón de acción secundaria (Limpiar)","invocations":1,"location":null,"numPassingAsserts":1,"retryReasons":[],"startAt":1780679327875,"status":"passed","title":"SIS-U04 | existe un botón de acción secundaria (Limpiar)"},{"ancestorTitles":["SIS — Pruebas de Usabilidad"],"duration":33,"failing":false,"failureDetails":[],"failureMessages":[],"fullName":"SIS — Pruebas de Usabilidad SIS-U05 | el campo de contraseña es de tipo password","invocations":1,"location":null,"numPassingAsserts":1,"retryReasons":[],"startAt":1780679327935,"status":"passed","title":"SIS-U05 | el campo de contraseña es de tipo password"},{"ancestorTitles":["SIS — Pruebas de Usabilidad"],"duration":23,"failing":false,"failureDetails":[],"failureMessages":[],"fullName":"SIS — Pruebas de Usabilidad SIS-U06 | muestra información de contacto en el footer","invocations":1,"location":null,"numPassingAsserts":1,"retryReasons":[],"startAt":1780679327969,"status":"passed","title":"SIS-U06 | muestra información de contacto en el footer"},{"ancestorTitles":["SIS — Pruebas de Usabilidad"],"duration":76,"failing":false,"failureDetails":[],"failureMessages":[],"fullName":"SIS — Pruebas de Usabilidad SIS-U07 | muestra los tres roles disponibles","invocations":1,"location":null,"numPassingAsserts":3,"retryReasons":[],"startAt":1780679327992,"status":"passed","title":"SIS-U07 | muestra los tres roles disponibles"},{"ancestorTitles":["SIS — Pruebas de Usabilidad"],"duration":86,"failing":false,"failureDetails":[],"failureMessages":[],"fullName":"SIS — Pruebas de Usabilidad SIS-U08 | el placeholder del correo orienta al usuario","invocations":1,"location":null,"numPassingAsserts":1,"retryReasons":[],"startAt":1780679328069,"status":"passed","title":"SIS-U08 | el placeholder del correo orienta al usuario"}],"endTime":1780679328160,"message":"","name":"C:\\Users\\Reinel Alfaro\\Desktop\\proyec-EduCampus\\EduCampus\\src\\tests\\sis_usabilidad.test.jsx","startTime":1780679323150,"status":"passed","summary":""},{"assertionResults":[{"ancestorTitles":["INT — Flujo de login"],"duration":564,"failing":false,"failureDetails":[],"failureMessages":[],"fullName":"INT — Flujo de login INT-L01 | campos vacíos bloquean el envío","invocations":1,"location":null,"numPassingAsserts":2,"retryReasons":[],"startAt":1780679327026,"status":"passed","title":"INT-L01 | campos vacíos bloquean el envío"},{"ancestorTitles":["INT — Flujo de login"],"duration":154,"failing":false,"failureDetails":[],"failureMessages":[],"fullName":"INT — Flujo de login INT-L02 | correo no gmail/outlook bloquea el envío","invocations":1,"location":null,"numPassingAsserts":2,"retryReasons":[],"startAt":1780679327591,"status":"passed","title":"INT-L02 | correo no gmail/outlook bloquea el envío"},{"ancestorTitles":["INT — Flujo de login"],"duration":191,"failing":false,"failureDetails":[],"failureMessages":[],"fullName":"INT — Flujo de login INT-L03 | credenciales correctas llaman al servicio de autenticación","invocations":1,"location":null,"numPassingAsserts":1,"retryReasons":[],"startAt":1780679327746,"status":"passed","title":"INT-L03 | credenciales correctas llaman al servicio de autenticación"},{"ancestorTitles":["INT — Flujo de login"],"duration":252,"failing":false,"failureDetails":[],"failureMessages":[],"fullName":"INT — Flujo de login INT-L04 | error del servidor muestra mensaje de error","invocations":1,"location":null,"numPassingAsserts":1,"retryReasons":[],"startAt":1780679327937,"status":"passed","title":"INT-L04 | error del servidor muestra mensaje de error"},{"ancestorTitles":["INT — Flujo de login"],"duration":203,"failing":false,"failureDetails":[],"failureMessages":[],"fullName":"INT — Flujo de login INT-L05 | botón Limpiar resetea todos los campos y errores","invocations":1,"location":null,"numPassingAsserts":2,"retryReasons":[],"startAt":1780679328190,"status":"passed","title":"INT-L05 | botón Limpiar resetea todos los campos y errores"}],"endTime":1780679328398,"message":"","name":"C:\\Users\\Reinel Alfaro\\Desktop\\proyec-EduCampus\\EduCampus\\src\\tests\\int_flujo_login.test.jsx","startTime":1780679323104,"status":"passed","summary":""},{"assertionResults":[{"ancestorTitles":["ACEP — Historias de Usuario extendidas"],"duration":84,"failing":false,"failureDetails":[],"failureMessages":[],"fullName":"ACEP — Historias de Usuario extendidas HU-07/P1 | admin configura institución con datos válidos","invocations":1,"location":null,"numPassingAsserts":1,"retryReasons":[],"startAt":1780679327370,"status":"passed","title":"HU-07/P1 | admin configura institución con datos válidos"},{"ancestorTitles":["ACEP — Historias de Usuario extendidas"],"duration":9,"failing":false,"failureDetails":[],"failureMessages":[],"fullName":"ACEP — Historias de Usuario extendidas HU-07/P2 | admin no puede guardar configuración con email inválido","invocations":1,"location":null,"numPassingAsserts":1,"retryReasons":[],"startAt":1780679327455,"status":"passed","title":"HU-07/P2 | admin no puede guardar configuración con email inválido"},{"ancestorTitles":["ACEP — Historias de Usuario extendidas"],"duration":14,"failing":false,"failureDetails":[],"failureMessages":[],"fullName":"ACEP — Historias de Usuario extendidas HU-07/P3 | formato año académico YYYY-YYYY es requerido","invocations":1,"location":null,"numPassingAsserts":1,"retryReasons":[],"startAt":1780679327465,"status":"passed","title":"HU-07/P3 | formato año académico YYYY-YYYY es requerido"},{"ancestorTitles":["ACEP — Historias de Usuario extendidas"],"duration":60,"failing":false,"failureDetails":[],"failureMessages":[],"fullName":"ACEP — Historias de Usuario extendidas HU-08/P1 | StatCard muestra estadísticas del sistema correctamente","invocations":1,"location":null,"numPassingAsserts":2,"retryReasons":[],"startAt":1780679327479,"status":"passed","title":"HU-08/P1 | StatCard muestra estadísticas del sistema correctamente"},{"ancestorTitles":["ACEP — Historias de Usuario extendidas"],"duration":54,"failing":false,"failureDetails":[],"failureMessages":[],"fullName":"ACEP — Historias de Usuario extendidas HU-08/P2 | múltiples StatCards se renderizan sin conflicto","invocations":1,"location":null,"numPassingAsserts":3,"retryReasons":[],"startAt":1780679327540,"status":"passed","title":"HU-08/P2 | múltiples StatCards se renderizan sin conflicto"},{"ancestorTitles":["ACEP — Historias de Usuario extendidas"],"duration":154,"failing":false,"failureDetails":[],"failureMessages":[],"fullName":"ACEP — Historias de Usuario extendidas HU-09/P1 | nota 5.0 se muestra como Aprobado","invocations":1,"location":null,"numPassingAsserts":1,"retryReasons":[],"startAt":1780679327595,"status":"passed","title":"HU-09/P1 | nota 5.0 se muestra como Aprobado"},{"ancestorTitles":["ACEP — Historias de Usuario extendidas"],"duration":19,"failing":false,"failureDetails":[],"failureMessages":[],"fullName":"ACEP — Historias de Usuario extendidas HU-09/P2 | nota 1.0 se muestra como No aprobado","invocations":1,"location":null,"numPassingAsserts":1,"retryReasons":[],"startAt":1780679327749,"status":"passed","title":"HU-09/P2 | nota 1.0 se muestra como No aprobado"},{"ancestorTitles":["ACEP — Historias de Usuario extendidas"],"duration":9,"failing":false,"failureDetails":[],"failureMessages":[],"fullName":"ACEP — Historias de Usuario extendidas HU-09/P3 | nota exactamente 3.0 es el límite de aprobación","invocations":1,"location":null,"numPassingAsserts":1,"retryReasons":[],"startAt":1780679327769,"status":"passed","title":"HU-09/P3 | nota exactamente 3.0 es el límite de aprobación"},{"ancestorTitles":["ACEP — Historias de Usuario extendidas"],"duration":8,"failing":false,"failureDetails":[],"failureMessages":[],"fullName":"ACEP — Historias de Usuario extendidas HU-09/P4 | nota 2.9 está justo bajo el límite","invocations":1,"location":null,"numPassingAsserts":1,"retryReasons":[],"startAt":1780679327778,"status":"passed","title":"HU-09/P4 | nota 2.9 está justo bajo el límite"},{"ancestorTitles":["ACEP — Historias de Usuario extendidas"],"duration":33,"failing":false,"failureDetails":[],"failureMessages":[],"fullName":"ACEP — Historias de Usuario extendidas HU-10/P1 | badge Presente se muestra correctamente","invocations":1,"location":null,"numPassingAsserts":1,"retryReasons":[],"startAt":1780679327787,"status":"passed","title":"HU-10/P1 | badge Presente se muestra correctamente"},{"ancestorTitles":["ACEP — Historias de Usuario extendidas"],"duration":10,"failing":false,"failureDetails":[],"failureMessages":[],"fullName":"ACEP — Historias de Usuario extendidas HU-10/P2 | badge Ausente se muestra correctamente","invocations":1,"location":null,"numPassingAsserts":1,"retryReasons":[],"startAt":1780679327831,"status":"passed","title":"HU-10/P2 | badge Ausente se muestra correctamente"},{"ancestorTitles":["ACEP — Historias de Usuario extendidas"],"duration":9,"failing":false,"failureDetails":[],"failureMessages":[],"fullName":"ACEP — Historias de Usuario extendidas HU-11/P1 | badge Entregado se muestra para materiales entregados","invocations":1,"location":null,"numPassingAsserts":1,"retryReasons":[],"startAt":1780679327841,"status":"passed","title":"HU-11/P1 | badge Entregado se muestra para materiales entregados"},{"ancestorTitles":["ACEP — Historias de Usuario extendidas"],"duration":11,"failing":false,"failureDetails":[],"failureMessages":[],"fullName":"ACEP — Historias de Usuario extendidas HU-11/P2 | badge Pendiente se muestra para materiales pendientes","invocations":1,"location":null,"numPassingAsserts":1,"retryReasons":[],"startAt":1780679327851,"status":"passed","title":"HU-11/P2 | badge Pendiente se muestra para materiales pendientes"},{"ancestorTitles":["ACEP — Historias de Usuario extendidas"],"duration":47,"failing":false,"failureDetails":[],"failureMessages":[],"fullName":"ACEP — Historias de Usuario extendidas HU-12/P1 | contraseña nunca viaja en texto plano","invocations":1,"location":null,"numPassingAsserts":2,"retryReasons":[],"startAt":1780679327862,"status":"passed","title":"HU-12/P1 | contraseña nunca viaja en texto plano"},{"ancestorTitles":["ACEP — Historias de Usuario extendidas"],"duration":3,"failing":false,"failureDetails":[],"failureMessages":[],"fullName":"ACEP — Historias de Usuario extendidas HU-13/P1 | usuario puede cerrar sesión y limpiar credenciales","invocations":1,"location":null,"numPassingAsserts":2,"retryReasons":[],"startAt":1780679327909,"status":"passed","title":"HU-13/P1 | usuario puede cerrar sesión y limpiar credenciales"},{"ancestorTitles":["ACEP — Historias de Usuario extendidas"],"duration":6,"failing":false,"failureDetails":[],"failureMessages":[],"fullName":"ACEP — Historias de Usuario extendidas HU-14/P1 | validación detecta todos los errores de estudiante a la vez","invocations":1,"location":null,"numPassingAsserts":1,"retryReasons":[],"startAt":1780679327912,"status":"passed","title":"HU-14/P1 | validación detecta todos los errores de estudiante a la vez"},{"ancestorTitles":["ACEP — Historias de Usuario extendidas"],"duration":443,"failing":false,"failureDetails":[],"failureMessages":[],"fullName":"ACEP — Historias de Usuario extendidas HU-14/P2 | formulario de login bloquea envío con correo vacío","invocations":1,"location":null,"numPassingAsserts":1,"retryReasons":[],"startAt":1780679327919,"status":"passed","title":"HU-14/P2 | formulario de login bloquea envío con correo vacío"}],"endTime":1780679328397,"message":"","name":"C:\\Users\\Reinel Alfaro\\Desktop\\proyec-EduCampus\\EduCampus\\src\\tests\\acep_hu_extended.test.jsx","startTime":1780679323127,"status":"passed","summary":""},{"assertionResults":[{"ancestorTitles":["ACEP — Pruebas de Aceptación (Historias de Usuario)"],"duration":561,"failing":false,"failureDetails":[],"failureMessages":[],"fullName":"ACEP — Pruebas de Aceptación (Historias de Usuario) HU-01/P1 | administrador intenta ingresar sin datos → error de campos","invocations":1,"location":null,"numPassingAsserts":1,"retryReasons":[],"startAt":1780679327346,"status":"passed","title":"HU-01/P1 | administrador intenta ingresar sin datos → error de campos"},{"ancestorTitles":["ACEP — Pruebas de Aceptación (Historias de Usuario)"],"duration":210,"failing":false,"failureDetails":[],"failureMessages":[],"fullName":"ACEP — Pruebas de Aceptación (Historias de Usuario) HU-01/P2 | correo con dominio no permitido → error de dominio","invocations":1,"location":null,"numPassingAsserts":1,"retryReasons":[],"startAt":1780679327910,"status":"passed","title":"HU-01/P2 | correo con dominio no permitido → error de dominio"},{"ancestorTitles":["ACEP — Pruebas de Aceptación (Historias de Usuario)"],"duration":204,"failing":false,"failureDetails":[],"failureMessages":[],"fullName":"ACEP — Pruebas de Aceptación (Historias de Usuario) HU-01/P3 | credenciales correctas invocan el servicio de login","invocations":1,"location":null,"numPassingAsserts":1,"retryReasons":[],"startAt":1780679328124,"status":"passed","title":"HU-01/P3 | credenciales correctas invocan el servicio de login"},{"ancestorTitles":["ACEP — Pruebas de Aceptación (Historias de Usuario)"],"duration":24,"failing":false,"failureDetails":[],"failureMessages":[],"fullName":"ACEP — Pruebas de Aceptación (Historias de Usuario) HU-02/P1 | crear estudiante con datos válidos pasa validación","invocations":1,"location":null,"numPassingAsserts":1,"retryReasons":[],"startAt":1780679328328,"status":"passed","title":"HU-02/P1 | crear estudiante con datos válidos pasa validación"},{"ancestorTitles":["ACEP — Pruebas de Aceptación (Historias de Usuario)"],"duration":12,"failing":false,"failureDetails":[],"failureMessages":[],"fullName":"ACEP — Pruebas de Aceptación (Historias de Usuario) HU-02/P2 | crear estudiante sin nombre falla validación","invocations":1,"location":null,"numPassingAsserts":1,"retryReasons":[],"startAt":1780679328353,"status":"passed","title":"HU-02/P2 | crear estudiante sin nombre falla validación"},{"ancestorTitles":["ACEP — Pruebas de Aceptación (Historias de Usuario)"],"duration":14,"failing":false,"failureDetails":[],"failureMessages":[],"fullName":"ACEP — Pruebas de Aceptación (Historias de Usuario) HU-03/P1 | crear docente con especialidad válida pasa validación","invocations":1,"location":null,"numPassingAsserts":1,"retryReasons":[],"startAt":1780679328368,"status":"passed","title":"HU-03/P1 | crear docente con especialidad válida pasa validación"},{"ancestorTitles":["ACEP — Pruebas de Aceptación (Historias de Usuario)"],"duration":7,"failing":false,"failureDetails":[],"failureMessages":[],"fullName":"ACEP — Pruebas de Aceptación (Historias de Usuario) HU-03/P2 | crear docente sin especialidad falla validación","invocations":1,"location":null,"numPassingAsserts":1,"retryReasons":[],"startAt":1780679328382,"status":"passed","title":"HU-03/P2 | crear docente sin especialidad falla validación"},{"ancestorTitles":["ACEP — Pruebas de Aceptación (Historias de Usuario)"],"duration":7,"failing":false,"failureDetails":[],"failureMessages":[],"fullName":"ACEP — Pruebas de Aceptación (Historias de Usuario) HU-04/P1 | crear curso con todos los datos válidos pasa validación","invocations":1,"location":null,"numPassingAsserts":1,"retryReasons":[],"startAt":1780679328390,"status":"passed","title":"HU-04/P1 | crear curso con todos los datos válidos pasa validación"},{"ancestorTitles":["ACEP — Pruebas de Aceptación (Historias de Usuario)"],"duration":7,"failing":false,"failureDetails":[],"failureMessages":[],"fullName":"ACEP — Pruebas de Aceptación (Historias de Usuario) HU-04/P2 | crear curso sin docente asignado falla validación","invocations":1,"location":null,"numPassingAsserts":1,"retryReasons":[],"startAt":1780679328397,"status":"passed","title":"HU-04/P2 | crear curso sin docente asignado falla validación"},{"ancestorTitles":["ACEP — Pruebas de Aceptación (Historias de Usuario)"],"duration":22,"failing":false,"failureDetails":[],"failureMessages":[],"fullName":"ACEP — Pruebas de Aceptación (Historias de Usuario) HU-05/P1 | nota >= 3.0 muestra estado Aprobado","invocations":1,"location":null,"numPassingAsserts":1,"retryReasons":[],"startAt":1780679328404,"status":"passed","title":"HU-05/P1 | nota >= 3.0 muestra estado Aprobado"},{"ancestorTitles":["ACEP — Pruebas de Aceptación (Historias de Usuario)"],"duration":11,"failing":false,"failureDetails":[],"failureMessages":[],"fullName":"ACEP — Pruebas de Aceptación (Historias de Usuario) HU-05/P2 | nota < 3.0 muestra estado No aprobado","invocations":1,"location":null,"numPassingAsserts":1,"retryReasons":[],"startAt":1780679328427,"status":"passed","title":"HU-05/P2 | nota < 3.0 muestra estado No aprobado"},{"ancestorTitles":["ACEP — Pruebas de Aceptación (Historias de Usuario)"],"duration":8,"failing":false,"failureDetails":[],"failureMessages":[],"fullName":"ACEP — Pruebas de Aceptación (Historias de Usuario) HU-06/P1 | badge presente muestra estado correcto","invocations":1,"location":null,"numPassingAsserts":1,"retryReasons":[],"startAt":1780679328438,"status":"passed","title":"HU-06/P1 | badge presente muestra estado correcto"},{"ancestorTitles":["ACEP — Pruebas de Aceptación (Historias de Usuario)"],"duration":10,"failing":false,"failureDetails":[],"failureMessages":[],"fullName":"ACEP — Pruebas de Aceptación (Historias de Usuario) HU-06/P2 | badge ausente muestra estado correcto","invocations":1,"location":null,"numPassingAsserts":1,"retryReasons":[],"startAt":1780679328446,"status":"passed","title":"HU-06/P2 | badge ausente muestra estado correcto"}],"endTime":1780679328461,"message":"","name":"C:\\Users\\Reinel Alfaro\\Desktop\\proyec-EduCampus\\EduCampus\\src\\tests\\acep_hu.test.jsx","startTime":1780679323099,"status":"passed","summary":""},{"assertionResults":[{"ancestorTitles":["Login — pruebas de componente"],"duration":225,"failing":false,"failureDetails":[],"failureMessages":[],"fullName":"Login — pruebas de componente CP-L01 | muestra el título EduCampus","invocations":1,"location":null,"numPassingAsserts":1,"retryReasons":[],"startAt":1780679327179,"status":"passed","title":"CP-L01 | muestra el título EduCampus"},{"ancestorTitles":["Login — pruebas de componente"],"duration":65,"failing":false,"failureDetails":[],"failureMessages":[],"fullName":"Login — pruebas de componente CP-L02 | muestra campo de correo","invocations":1,"location":null,"numPassingAsserts":1,"retryReasons":[],"startAt":1780679327406,"status":"passed","title":"CP-L02 | muestra campo de correo"},{"ancestorTitles":["Login — pruebas de componente"],"duration":68,"failing":false,"failureDetails":[],"failureMessages":[],"fullName":"Login — pruebas de componente CP-L03 | muestra campo de contraseña","invocations":1,"location":null,"numPassingAsserts":1,"retryReasons":[],"startAt":1780679327472,"status":"passed","title":"CP-L03 | muestra campo de contraseña"},{"ancestorTitles":["Login — pruebas de componente"],"duration":295,"failing":false,"failureDetails":[],"failureMessages":[],"fullName":"Login — pruebas de componente CP-L04 | muestra botón Ingresar","invocations":1,"location":null,"numPassingAsserts":1,"retryReasons":[],"startAt":1780679327541,"status":"passed","title":"CP-L04 | muestra botón Ingresar"},{"ancestorTitles":["Login — pruebas de componente"],"duration":103,"failing":false,"failureDetails":[],"failureMessages":[],"fullName":"Login — pruebas de componente CP-L05 | muestra botón Limpiar","invocations":1,"location":null,"numPassingAsserts":1,"retryReasons":[],"startAt":1780679327837,"status":"passed","title":"CP-L05 | muestra botón Limpiar"},{"ancestorTitles":["Login — pruebas de componente"],"duration":198,"failing":false,"failureDetails":[],"failureMessages":[],"fullName":"Login — pruebas de componente CP-L06 | correo inválido muestra error","invocations":1,"location":null,"numPassingAsserts":1,"retryReasons":[],"startAt":1780679327942,"status":"passed","title":"CP-L06 | correo inválido muestra error"},{"ancestorTitles":["Login — pruebas de componente"],"duration":171,"failing":false,"failureDetails":[],"failureMessages":[],"fullName":"Login — pruebas de componente CP-L07 | campos vacíos muestran error de validación","invocations":1,"location":null,"numPassingAsserts":1,"retryReasons":[],"startAt":1780679328141,"status":"passed","title":"CP-L07 | campos vacíos muestran error de validación"},{"ancestorTitles":["Login — pruebas de componente"],"duration":150,"failing":false,"failureDetails":[],"failureMessages":[],"fullName":"Login — pruebas de componente CP-L08 | botón Limpiar vacía los campos","invocations":1,"location":null,"numPassingAsserts":1,"retryReasons":[],"startAt":1780679328312,"status":"passed","title":"CP-L08 | botón Limpiar vacía los campos"}],"endTime":1780679328467,"message":"","name":"C:\\Users\\Reinel Alfaro\\Desktop\\proyec-EduCampus\\EduCampus\\src\\tests\\Login.test.jsx","startTime":1780679323102,"status":"passed","summary":""},{"assertionResults":[{"ancestorTitles":["BUG — Pruebas de regresión"],"duration":588,"failing":false,"failureDetails":[],"failureMessages":[],"fullName":"BUG — Pruebas de regresión BUG-01 | correo con espacios en blanco no pasa validación","invocations":1,"location":null,"numPassingAsserts":1,"retryReasons":[],"startAt":1780679327265,"status":"passed","title":"BUG-01 | correo con espacios en blanco no pasa validación"},{"ancestorTitles":["BUG — Pruebas de regresión"],"duration":11,"failing":false,"failureDetails":[],"failureMessages":[],"fullName":"BUG — Pruebas de regresión BUG-02 | EstadoBadge con tipo null no rompe la app","invocations":1,"location":null,"numPassingAsserts":1,"retryReasons":[],"startAt":1780679327854,"status":"passed","title":"BUG-02 | EstadoBadge con tipo null no rompe la app"},{"ancestorTitles":["BUG — Pruebas de regresión"],"duration":7,"failing":false,"failureDetails":[],"failureMessages":[],"fullName":"BUG — Pruebas de regresión BUG-03 | EstadoBadge con tipo undefined no rompe la app","invocations":1,"location":null,"numPassingAsserts":1,"retryReasons":[],"startAt":1780679327866,"status":"passed","title":"BUG-03 | EstadoBadge con tipo undefined no rompe la app"},{"ancestorTitles":["BUG — Pruebas de regresión"],"duration":20,"failing":false,"failureDetails":[],"failureMessages":[],"fullName":"BUG — Pruebas de regresión BUG-04 | nota 0 muestra No aprobado (no error)","invocations":1,"location":null,"numPassingAsserts":1,"retryReasons":[],"startAt":1780679327873,"status":"passed","title":"BUG-04 | nota 0 muestra No aprobado (no error)"},{"ancestorTitles":["BUG — Pruebas de regresión"],"duration":25,"failing":false,"failureDetails":[],"failureMessages":[],"fullName":"BUG — Pruebas de regresión BUG-05 | nota 5.0 muestra Aprobado","invocations":1,"location":null,"numPassingAsserts":1,"retryReasons":[],"startAt":1780679327893,"status":"passed","title":"BUG-05 | nota 5.0 muestra Aprobado"},{"ancestorTitles":["BUG — Pruebas de regresión"],"duration":10,"failing":false,"failureDetails":[],"failureMessages":[],"fullName":"BUG — Pruebas de regresión BUG-06 | validar estudiante con null no lanza excepción","invocations":1,"location":null,"numPassingAsserts":1,"retryReasons":[],"startAt":1780679327922,"status":"passed","title":"BUG-06 | validar estudiante con null no lanza excepción"},{"ancestorTitles":["BUG — Pruebas de regresión"],"duration":223,"failing":false,"failureDetails":[],"failureMessages":[],"fullName":"BUG — Pruebas de regresión BUG-07 | limpiar login después de error borra el mensaje","invocations":1,"location":null,"numPassingAsserts":2,"retryReasons":[],"startAt":1780679327933,"status":"passed","title":"BUG-07 | limpiar login después de error borra el mensaje"},{"ancestorTitles":["BUG — Pruebas de regresión"],"duration":217,"failing":false,"failureDetails":[],"failureMessages":[],"fullName":"BUG — Pruebas de regresión BUG-08 | correo con mayúsculas es normalizado a minúsculas internamente","invocations":1,"location":null,"numPassingAsserts":1,"retryReasons":[],"startAt":1780679328157,"status":"passed","title":"BUG-08 | correo con mayúsculas es normalizado a minúsculas internamente"},{"ancestorTitles":["BUG — Pruebas de regresión"],"duration":26,"failing":false,"failureDetails":[],"failureMessages":[],"fullName":"BUG — Pruebas de regresión BUG-09 | cupo negativo en curso es rechazado por validador","invocations":1,"location":null,"numPassingAsserts":1,"retryReasons":[],"startAt":1780679328375,"status":"passed","title":"BUG-09 | cupo negativo en curso es rechazado por validador"},{"ancestorTitles":["BUG — Pruebas de regresión"],"duration":76,"failing":false,"failureDetails":[],"failureMessages":[],"fullName":"BUG — Pruebas de regresión BUG-10 | Login no muestra error de correo al cargar por primera vez","invocations":1,"location":null,"numPassingAsserts":2,"retryReasons":[],"startAt":1780679328401,"status":"passed","title":"BUG-10 | Login no muestra error de correo al cargar por primera vez"}],"endTime":1780679328480,"message":"","name":"C:\\Users\\Reinel Alfaro\\Desktop\\proyec-EduCampus\\EduCampus\\src\\tests\\bugs.test.jsx","startTime":1780679323098,"status":"passed","summary":""},{"assertionResults":[{"ancestorTitles":["EstadoBadge — pruebas de componente"],"duration":134,"failing":false,"failureDetails":[],"failureMessages":[],"fullName":"EstadoBadge — pruebas de componente CP-EB01 | muestra 'Aprobado' con tipo aprobado","invocations":1,"location":null,"numPassingAsserts":1,"retryReasons":[],"startAt":1780679328150,"status":"passed","title":"CP-EB01 | muestra 'Aprobado' con tipo aprobado"},{"ancestorTitles":["EstadoBadge — pruebas de componente"],"duration":19,"failing":false,"failureDetails":[],"failureMessages":[],"fullName":"EstadoBadge — pruebas de componente CP-EB02 | muestra 'Reprobado' con tipo reprobado","invocations":1,"location":null,"numPassingAsserts":1,"retryReasons":[],"startAt":1780679328285,"status":"passed","title":"CP-EB02 | muestra 'Reprobado' con tipo reprobado"},{"ancestorTitles":["EstadoBadge — pruebas de componente"],"duration":43,"failing":false,"failureDetails":[],"failureMessages":[],"fullName":"EstadoBadge — pruebas de componente CP-EB03 | muestra 'En Progreso' con tipo en_progreso","invocations":1,"location":null,"numPassingAsserts":1,"retryReasons":[],"startAt":1780679328304,"status":"passed","title":"CP-EB03 | muestra 'En Progreso' con tipo en_progreso"},{"ancestorTitles":["EstadoBadge — pruebas de componente"],"duration":47,"failing":false,"failureDetails":[],"failureMessages":[],"fullName":"EstadoBadge — pruebas de componente CP-EB04 | muestra 'Presente' con tipo presente","invocations":1,"location":null,"numPassingAsserts":1,"retryReasons":[],"startAt":1780679328347,"status":"passed","title":"CP-EB04 | muestra 'Presente' con tipo presente"},{"ancestorTitles":["EstadoBadge — pruebas de componente"],"duration":9,"failing":false,"failureDetails":[],"failureMessages":[],"fullName":"EstadoBadge — pruebas de componente CP-EB05 | muestra 'Ausente' con tipo ausente","invocations":1,"location":null,"numPassingAsserts":1,"retryReasons":[],"startAt":1780679328395,"status":"passed","title":"CP-EB05 | muestra 'Ausente' con tipo ausente"},{"ancestorTitles":["EstadoBadge — pruebas de componente"],"duration":16,"failing":false,"failureDetails":[],"failureMessages":[],"fullName":"EstadoBadge — pruebas de componente CP-EB06 | muestra 'Pendiente' con tipo pendiente","invocations":1,"location":null,"numPassingAsserts":1,"retryReasons":[],"startAt":1780679328404,"status":"passed","title":"CP-EB06 | muestra 'Pendiente' con tipo pendiente"},{"ancestorTitles":["EstadoBadge — pruebas de componente"],"duration":11,"failing":false,"failureDetails":[],"failureMessages":[],"fullName":"EstadoBadge — pruebas de componente CP-EB07 | muestra 'Activo' con tipo activo","invocations":1,"location":null,"numPassingAsserts":1,"retryReasons":[],"startAt":1780679328421,"status":"passed","title":"CP-EB07 | muestra 'Activo' con tipo activo"},{"ancestorTitles":["EstadoBadge — pruebas de componente"],"duration":12,"failing":false,"failureDetails":[],"failureMessages":[],"fullName":"EstadoBadge — pruebas de componente CP-EB08 | nota >= 3.0 muestra Aprobado","invocations":1,"location":null,"numPassingAsserts":1,"retryReasons":[],"startAt":1780679328432,"status":"passed","title":"CP-EB08 | nota >= 3.0 muestra Aprobado"},{"ancestorTitles":["EstadoBadge — pruebas de componente"],"duration":62,"failing":false,"failureDetails":[],"failureMessages":[],"fullName":"EstadoBadge — pruebas de componente CP-EB09 | nota < 3.0 muestra No aprobado","invocations":1,"location":null,"numPassingAsserts":1,"retryReasons":[],"startAt":1780679328444,"status":"passed","title":"CP-EB09 | nota < 3.0 muestra No aprobado"},{"ancestorTitles":["EstadoBadge — pruebas de componente"],"duration":12,"failing":false,"failureDetails":[],"failureMessages":[],"fullName":"EstadoBadge — pruebas de componente CP-EB10 | nota exactamente 3.0 muestra Aprobado","invocations":1,"location":null,"numPassingAsserts":1,"retryReasons":[],"startAt":1780679328507,"status":"passed","title":"CP-EB10 | nota exactamente 3.0 muestra Aprobado"},{"ancestorTitles":["EstadoBadge — pruebas de componente"],"duration":4,"failing":false,"failureDetails":[],"failureMessages":[],"fullName":"EstadoBadge — pruebas de componente CP-EB11 | tipo desconocido no renderiza nada","invocations":1,"location":null,"numPassingAsserts":1,"retryReasons":[],"startAt":1780679328519,"status":"passed","title":"CP-EB11 | tipo desconocido no renderiza nada"},{"ancestorTitles":["EstadoBadge — pruebas de componente"],"duration":7,"failing":false,"failureDetails":[],"failureMessages":[],"fullName":"EstadoBadge — pruebas de componente CP-EB12 | nota formatea el número con un decimal","invocations":1,"location":null,"numPassingAsserts":1,"retryReasons":[],"startAt":1780679328524,"status":"passed","title":"CP-EB12 | nota formatea el número con un decimal"}],"endTime":1780679328533,"message":"","name":"C:\\Users\\Reinel Alfaro\\Desktop\\proyec-EduCampus\\EduCampus\\src\\tests\\EstadoBadge.test.jsx","startTime":1780679327436,"status":"passed","summary":""},{"assertionResults":[{"ancestorTitles":["SIS — Pruebas de Seguridad"],"duration":67,"failing":false,"failureDetails":[],"failureMessages":[],"fullName":"SIS — Pruebas de Seguridad SEG-01 | hashPassword produce hash irreversible (no contiene la clave)","invocations":1,"location":null,"numPassingAsserts":1,"retryReasons":[],"startAt":1780679327349,"status":"passed","title":"SEG-01 | hashPassword produce hash irreversible (no contiene la clave)"},{"ancestorTitles":["SIS — Pruebas de Seguridad"],"duration":3,"failing":false,"failureDetails":[],"failureMessages":[],"fullName":"SIS — Pruebas de Seguridad SEG-02 | hashPassword produce SHA-256 de 64 chars hex","invocations":1,"location":null,"numPassingAsserts":1,"retryReasons":[],"startAt":1780679327417,"status":"passed","title":"SEG-02 | hashPassword produce SHA-256 de 64 chars hex"},{"ancestorTitles":["SIS — Pruebas de Seguridad"],"duration":3,"failing":false,"failureDetails":[],"failureMessages":[],"fullName":"SIS — Pruebas de Seguridad SEG-03 | dos contraseñas distintas producen hashes distintos","invocations":1,"location":null,"numPassingAsserts":1,"retryReasons":[],"startAt":1780679327420,"status":"passed","title":"SEG-03 | dos contraseñas distintas producen hashes distintos"},{"ancestorTitles":["SIS — Pruebas de Seguridad"],"duration":236,"failing":false,"failureDetails":[],"failureMessages":[],"fullName":"SIS — Pruebas de Seguridad SEG-04 | el campo contraseña en el login es de tipo password (no visible)","invocations":1,"location":null,"numPassingAsserts":1,"retryReasons":[],"startAt":1780679327424,"status":"passed","title":"SEG-04 | el campo contraseña en el login es de tipo password (no visible)"},{"ancestorTitles":["SIS — Pruebas de Seguridad"],"duration":432,"failing":false,"failureDetails":[],"failureMessages":[],"fullName":"SIS — Pruebas de Seguridad SEG-05 | el login solo acepta correos @gmail.com y @outlook.com","invocations":1,"location":null,"numPassingAsserts":1,"retryReasons":[],"startAt":1780679327661,"status":"passed","title":"SEG-05 | el login solo acepta correos @gmail.com y @outlook.com"},{"ancestorTitles":["SIS — Pruebas de Seguridad"],"duration":175,"failing":false,"failureDetails":[],"failureMessages":[],"fullName":"SIS — Pruebas de Seguridad SEG-06 | inyección de script en correo no ejecuta código","invocations":1,"location":null,"numPassingAsserts":1,"retryReasons":[],"startAt":1780679328094,"status":"passed","title":"SEG-06 | inyección de script en correo no ejecuta código"},{"ancestorTitles":["SIS — Pruebas de Seguridad"],"duration":20,"failing":false,"failureDetails":[],"failureMessages":[],"fullName":"SIS — Pruebas de Seguridad SEG-07 | autocomplete del formulario está desactivado","invocations":1,"location":null,"numPassingAsserts":1,"retryReasons":[],"startAt":1780679328269,"status":"passed","title":"SEG-07 | autocomplete del formulario está desactivado"},{"ancestorTitles":["SIS — Pruebas de Seguridad"],"duration":54,"failing":false,"failureDetails":[],"failureMessages":[],"fullName":"SIS — Pruebas de Seguridad SEG-08 | localStorage no contiene contraseñas en texto plano","invocations":1,"location":null,"numPassingAsserts":1,"retryReasons":[],"startAt":1780679328290,"status":"passed","title":"SEG-08 | localStorage no contiene contraseñas en texto plano"},{"ancestorTitles":["SIS — Pruebas de Seguridad"],"duration":11,"failing":false,"failureDetails":[],"failureMessages":[],"fullName":"SIS — Pruebas de Seguridad SEG-09 | ProtectedRoute bloquea acceso sin autenticación","invocations":1,"location":null,"numPassingAsserts":1,"retryReasons":[],"startAt":1780679328344,"status":"passed","title":"SEG-09 | ProtectedRoute bloquea acceso sin autenticación"},{"ancestorTitles":["SIS — Pruebas de Seguridad"],"duration":204,"failing":false,"failureDetails":[],"failureMessages":[],"fullName":"SIS — Pruebas de Seguridad SEG-10 | correo SQL injection no pasa la validación de dominio","invocations":1,"location":null,"numPassingAsserts":1,"retryReasons":[],"startAt":1780679328355,"status":"passed","title":"SEG-10 | correo SQL injection no pasa la validación de dominio"}],"endTime":1780679328567,"message":"","name":"C:\\Users\\Reinel Alfaro\\Desktop\\proyec-EduCampus\\EduCampus\\src\\tests\\sis_seguridad.test.jsx","startTime":1780679323219,"status":"passed","summary":""},{"assertionResults":[{"ancestorTitles":["SIS — Pruebas de Rendimiento"],"duration":275,"failing":false,"failureDetails":[],"failureMessages":[],"fullName":"SIS — Pruebas de Rendimiento REN-01 | Login renderiza en menos de 1000ms","invocations":1,"location":null,"numPassingAsserts":1,"retryReasons":[],"startAt":1780679328148,"status":"passed","title":"REN-01 | Login renderiza en menos de 1000ms"},{"ancestorTitles":["SIS — Pruebas de Rendimiento"],"duration":75,"failing":false,"failureDetails":[],"failureMessages":[],"fullName":"SIS — Pruebas de Rendimiento REN-02 | EstadoBadge renderiza en menos de 300ms","invocations":1,"location":null,"numPassingAsserts":1,"retryReasons":[],"startAt":1780679328424,"status":"passed","title":"REN-02 | EstadoBadge renderiza en menos de 300ms"},{"ancestorTitles":["SIS — Pruebas de Rendimiento"],"duration":14,"failing":false,"failureDetails":[],"failureMessages":[],"fullName":"SIS — Pruebas de Rendimiento REN-03 | StatCard renderiza en menos de 300ms","invocations":1,"location":null,"numPassingAsserts":1,"retryReasons":[],"startAt":1780679328500,"status":"passed","title":"REN-03 | StatCard renderiza en menos de 300ms"},{"ancestorTitles":["SIS — Pruebas de Rendimiento"],"duration":4,"failing":false,"failureDetails":[],"failureMessages":[],"fullName":"SIS — Pruebas de Rendimiento REN-04 | hashPassword completa en menos de 1000ms","invocations":1,"location":null,"numPassingAsserts":1,"retryReasons":[],"startAt":1780679328514,"status":"passed","title":"REN-04 | hashPassword completa en menos de 1000ms"},{"ancestorTitles":["SIS — Pruebas de Rendimiento"],"duration":94,"failing":false,"failureDetails":[],"failureMessages":[],"fullName":"SIS — Pruebas de Rendimiento REN-05 | renderizar 10 EstadoBadge consecutivos tarda menos de 1000ms","invocations":1,"location":null,"numPassingAsserts":1,"retryReasons":[],"startAt":1780679328518,"status":"passed","title":"REN-05 | renderizar 10 EstadoBadge consecutivos tarda menos de 1000ms"},{"ancestorTitles":["SIS — Pruebas de Rendimiento"],"duration":47,"failing":false,"failureDetails":[],"failureMessages":[],"fullName":"SIS — Pruebas de Rendimiento REN-06 | renderizar 10 StatCard consecutivos tarda menos de 1000ms","invocations":1,"location":null,"numPassingAsserts":1,"retryReasons":[],"startAt":1780679328612,"status":"passed","title":"REN-06 | renderizar 10 StatCard consecutivos tarda menos de 1000ms"},{"ancestorTitles":["SIS — Pruebas de Rendimiento"],"duration":8,"failing":false,"failureDetails":[],"failureMessages":[],"fullName":"SIS — Pruebas de Rendimiento REN-07 | validación de estudiante se completa en menos de 100ms","invocations":1,"location":null,"numPassingAsserts":1,"retryReasons":[],"startAt":1780679328659,"status":"passed","title":"REN-07 | validación de estudiante se completa en menos de 100ms"},{"ancestorTitles":["SIS — Pruebas de Rendimiento"],"duration":21,"failing":false,"failureDetails":[],"failureMessages":[],"fullName":"SIS — Pruebas de Rendimiento REN-08 | 100 validaciones consecutivas se completan en menos de 2000ms","invocations":1,"location":null,"numPassingAsserts":1,"retryReasons":[],"startAt":1780679328667,"status":"passed","title":"REN-08 | 100 validaciones consecutivas se completan en menos de 2000ms"}],"endTime":1780679328690,"message":"","name":"C:\\Users\\Reinel Alfaro\\Desktop\\proyec-EduCampus\\EduCampus\\src\\tests\\sis_rendimiento.test.jsx","startTime":1780679326918,"status":"passed","summary":""},{"assertionResults":[{"ancestorTitles":["BannerPage — pruebas de componente"],"duration":162,"failing":false,"failureDetails":[],"failureMessages":[],"fullName":"BannerPage — pruebas de componente CP-BP01 | renderiza el título correctamente","invocations":1,"location":null,"numPassingAsserts":1,"retryReasons":[],"startAt":1780679328237,"status":"passed","title":"CP-BP01 | renderiza el título correctamente"},{"ancestorTitles":["BannerPage — pruebas de componente"],"duration":17,"failing":false,"failureDetails":[],"failureMessages":[],"fullName":"BannerPage — pruebas de componente CP-BP02 | renderiza el subtítulo","invocations":1,"location":null,"numPassingAsserts":1,"retryReasons":[],"startAt":1780679328400,"status":"passed","title":"CP-BP02 | renderiza el subtítulo"},{"ancestorTitles":["BannerPage — pruebas de componente"],"duration":13,"failing":false,"failureDetails":[],"failureMessages":[],"fullName":"BannerPage — pruebas de componente CP-BP03 | renderiza el ícono","invocations":1,"location":null,"numPassingAsserts":1,"retryReasons":[],"startAt":1780679328417,"status":"passed","title":"CP-BP03 | renderiza el ícono"},{"ancestorTitles":["BannerPage — pruebas de componente"],"duration":14,"failing":false,"failureDetails":[],"failureMessages":[],"fullName":"BannerPage — pruebas de componente CP-BP04 | renderiza sin errores con props mínimas","invocations":1,"location":null,"numPassingAsserts":1,"retryReasons":[],"startAt":1780679328431,"status":"passed","title":"CP-BP04 | renderiza sin errores con props mínimas"},{"ancestorTitles":["CursoCardEstudiante — pruebas de componente"],"duration":32,"failing":false,"failureDetails":[],"failureMessages":[],"fullName":"CursoCardEstudiante — pruebas de componente CP-CCE01 | renderiza el nombre del curso","invocations":1,"location":null,"numPassingAsserts":1,"retryReasons":[],"startAt":1780679328446,"status":"passed","title":"CP-CCE01 | renderiza el nombre del curso"},{"ancestorTitles":["CursoCardEstudiante — pruebas de componente"],"duration":26,"failing":false,"failureDetails":[],"failureMessages":[],"fullName":"CursoCardEstudiante — pruebas de componente CP-CCE02 | muestra el nombre del docente","invocations":1,"location":null,"numPassingAsserts":1,"retryReasons":[],"startAt":1780679328479,"status":"passed","title":"CP-CCE02 | muestra el nombre del docente"},{"ancestorTitles":["CursoCardEstudiante — pruebas de componente"],"duration":36,"failing":false,"failureDetails":[],"failureMessages":[],"fullName":"CursoCardEstudiante — pruebas de componente CP-CCE0
[...]
:["useDocenteValidator — pruebas unitarias"],"duration":5,"failing":false,"failureDetails":[],"failureMessages":[],"fullName":"useDocenteValidator — pruebas unitarias UT-D12 | especialidad vacía genera error","invocations":1,"location":null,"numPassingAsserts":1,"retryReasons":[],"startAt":1780679329202,"status":"passed","title":"UT-D12 | especialidad vacía genera error"},{"ancestorTitles":["useDocenteValidator — pruebas unitarias"],"duration":3,"failing":false,"failureDetails":[],"failureMessages":[],"fullName":"useDocenteValidator — pruebas unitarias UT-D13 | especialidad muy corta genera error","invocations":1,"location":null,"numPassingAsserts":1,"retryReasons":[],"startAt":1780679329207,"status":"passed","title":"UT-D13 | especialidad muy corta genera error"},{"ancestorTitles":["useDocenteValidator — pruebas unitarias"],"duration":3,"failing":false,"failureDetails":[],"failureMessages":[],"fullName":"useDocenteValidator — pruebas unitarias UT-D14 | estado no booleano genera error","invocations":1,"location":null,"numPassingAsserts":1,"retryReasons":[],"startAt":1780679329211,"status":"passed","title":"UT-D14 | estado no booleano genera error"},{"ancestorTitles":["useDocenteValidator — pruebas unitarias"],"duration":2,"failing":false,"failureDetails":[],"failureMessages":[],"fullName":"useDocenteValidator — pruebas unitarias UT-D15 | estado false es válido","invocations":1,"location":null,"numPassingAsserts":1,"retryReasons":[],"startAt":1780679329214,"status":"passed","title":"UT-D15 | estado false es válido"},{"ancestorTitles":["useDocenteValidator — pruebas unitarias"],"duration":3,"failing":false,"failureDetails":[],"failureMessages":[],"fullName":"useDocenteValidator — pruebas unitarias UT-D16 | múltiples errores a la vez","invocations":1,"location":null,"numPassingAsserts":1,"retryReasons":[],"startAt":1780679329216,"status":"passed","title":"UT-D16 | múltiples errores a la vez"},{"ancestorTitles":["useDocenteValidator — pruebas unitarias"],"duration":2,"failing":false,"failureDetails":[],"failureMessages":[],"fullName":"useDocenteValidator — pruebas unitarias UT-D17 | retorna false con datos inválidos","invocations":1,"location":null,"numPassingAsserts":1,"retryReasons":[],"startAt":1780679329220,"status":"passed","title":"UT-D17 | retorna false con datos inválidos"},{"ancestorTitles":["useDocenteValidator — pruebas unitarias"],"duration":3,"failing":false,"failureDetails":[],"failureMessages":[],"fullName":"useDocenteValidator — pruebas unitarias UT-D18 | errores se limpian tras validación exitosa","invocations":1,"location":null,"numPassingAsserts":2,"retryReasons":[],"startAt":1780679329222,"status":"passed","title":"UT-D18 | errores se limpian tras validación exitosa"},{"ancestorTitles":["useDocenteValidator — pruebas unitarias"],"duration":3,"failing":false,"failureDetails":[],"failureMessages":[],"fullName":"useDocenteValidator — pruebas unitarias UT-D19 | correo con formato correcto es aceptado","invocations":1,"location":null,"numPassingAsserts":1,"retryReasons":[],"startAt":1780679329225,"status":"passed","title":"UT-D19 | correo con formato correcto es aceptado"}],"endTime":1780679329230,"message":"","name":"C:\\Users\\Reinel Alfaro\\Desktop\\proyec-EduCampus\\EduCampus\\src\\tests\\useDocenteValidator.test.jsx","startTime":1780679328444,"status":"passed","summary":""},{"assertionResults":[{"ancestorTitles":["useCursoValidator — pruebas unitarias"],"duration":14,"failing":false,"failureDetails":[],"failureMessages":[],"fullName":"useCursoValidator — pruebas unitarias UT-C01 | datos válidos retorna true","invocations":1,"location":null,"numPassingAsserts":1,"retryReasons":[],"startAt":1780679329126,"status":"passed","title":"UT-C01 | datos válidos retorna true"},{"ancestorTitles":["useCursoValidator — pruebas unitarias"],"duration":33,"failing":false,"failureDetails":[],"failureMessages":[],"fullName":"useCursoValidator — pruebas unitarias UT-C02 | nombre vacío genera error","invocations":1,"location":null,"numPassingAsserts":1,"retryReasons":[],"startAt":1780679329142,"status":"passed","title":"UT-C02 | nombre vacío genera error"},{"ancestorTitles":["useCursoValidator — pruebas unitarias"],"duration":7,"failing":false,"failureDetails":[],"failureMessages":[],"fullName":"useCursoValidator — pruebas unitarias UT-C03 | nombre muy corto genera error","invocations":1,"location":null,"numPassingAsserts":1,"retryReasons":[],"startAt":1780679329175,"status":"passed","title":"UT-C03 | nombre muy corto genera error"},{"ancestorTitles":["useCursoValidator — pruebas unitarias"],"duration":7,"failing":false,"failureDetails":[],"failureMessages":[],"fullName":"useCursoValidator — pruebas unitarias UT-C04 | cupo cero genera error","invocations":1,"location":null,"numPassingAsserts":1,"retryReasons":[],"startAt":1780679329182,"status":"passed","title":"UT-C04 | cupo cero genera error"},{"ancestorTitles":["useCursoValidator — pruebas unitarias"],"duration":4,"failing":false,"failureDetails":[],"failureMessages":[],"fullName":"useCursoValidator — pruebas unitarias UT-C05 | cupo negativo genera error","invocations":1,"location":null,"numPassingAsserts":1,"retryReasons":[],"startAt":1780679329189,"status":"passed","title":"UT-C05 | cupo negativo genera error"},{"ancestorTitles":["useCursoValidator — pruebas unitarias"],"duration":5,"failing":false,"failureDetails":[],"failureMessages":[],"fullName":"useCursoValidator — pruebas unitarias UT-C06 | cupo decimal genera error","invocations":1,"location":null,"numPassingAsserts":1,"retryReasons":[],"startAt":1780679329194,"status":"passed","title":"UT-C06 | cupo decimal genera error"},{"ancestorTitles":["useCursoValidator — pruebas unitarias"],"duration":4,"failing":false,"failureDetails":[],"failureMessages":[],"fullName":"useCursoValidator — pruebas unitarias UT-C07 | cupo texto genera error","invocations":1,"location":null,"numPassingAsserts":1,"retryReasons":[],"startAt":1780679329199,"status":"passed","title":"UT-C07 | cupo texto genera error"},{"ancestorTitles":["useCursoValidator — pruebas unitarias"],"duration":4,"failing":false,"failureDetails":[],"failureMessages":[],"fullName":"useCursoValidator — pruebas unitarias UT-C08 | sin docente genera error","invocations":1,"location":null,"numPassingAsserts":1,"retryReasons":[],"startAt":1780679329204,"status":"passed","title":"UT-C08 | sin docente genera error"},{"ancestorTitles":["useCursoValidator — pruebas unitarias"],"duration":3,"failing":false,"failureDetails":[],"failureMessages":[],"fullName":"useCursoValidator — pruebas unitarias UT-C09 | horario vacío genera error","invocations":1,"location":null,"numPassingAsserts":1,"retryReasons":[],"startAt":1780679329209,"status":"passed","title":"UT-C09 | horario vacío genera error"},{"ancestorTitles":["useCursoValidator — pruebas unitarias"],"duration":4,"failing":false,"failureDetails":[],"failureMessages":[],"fullName":"useCursoValidator — pruebas unitarias UT-C10 | horario null genera error","invocations":1,"location":null,"numPassingAsserts":1,"retryReasons":[],"startAt":1780679329212,"status":"passed","title":"UT-C10 | horario null genera error"},{"ancestorTitles":["useCursoValidator — pruebas unitarias"],"duration":2,"failing":false,"failureDetails":[],"failureMessages":[],"fullName":"useCursoValidator — pruebas unitarias UT-C11 | horario no array genera error","invocations":1,"location":null,"numPassingAsserts":1,"retryReasons":[],"startAt":1780679329216,"status":"passed","title":"UT-C11 | horario no array genera error"},{"ancestorTitles":["useCursoValidator — pruebas unitarias"],"duration":4,"failing":false,"failureDetails":[],"failureMessages":[],"fullName":"useCursoValidator — pruebas unitarias UT-C12 | estado no booleano genera error","invocations":1,"location":null,"numPassingAsserts":1,"retryReasons":[],"startAt":1780679329218,"status":"passed","title":"UT-C12 | estado no booleano genera error"},{"ancestorTitles":["useCursoValidator — pruebas unitarias"],"duration":2,"failing":false,"failureDetails":[],"failureMessages":[],"fullName":"useCursoValidator — pruebas unitarias UT-C13 | estado false es válido","invocations":1,"location":null,"numPassingAsserts":1,"retryReasons":[],"startAt":1780679329222,"status":"passed","title":"UT-C13 | estado false es válido"},{"ancestorTitles":["useCursoValidator — pruebas unitarias"],"duration":3,"failing":false,"failureDetails":[],"failureMessages":[],"fullName":"useCursoValidator — pruebas unitarias UT-C14 | cupo mínimo de 1 es válido","invocations":1,"location":null,"numPassingAsserts":1,"retryReasons":[],"startAt":1780679329224,"status":"passed","title":"UT-C14 | cupo mínimo de 1 es válido"},{"ancestorTitles":["useCursoValidator — pruebas unitarias"],"duration":2,"failing":false,"failureDetails":[],"failureMessages":[],"fullName":"useCursoValidator — pruebas unitarias UT-C15 | múltiples horarios son válidos","invocations":1,"location":null,"numPassingAsserts":1,"retryReasons":[],"startAt":1780679329228,"status":"passed","title":"UT-C15 | múltiples horarios son válidos"},{"ancestorTitles":["useCursoValidator — pruebas unitarias"],"duration":2,"failing":false,"failureDetails":[],"failureMessages":[],"fullName":"useCursoValidator — pruebas unitarias UT-C16 | retorna false con datos inválidos","invocations":1,"location":null,"numPassingAsserts":1,"retryReasons":[],"startAt":1780679329230,"status":"passed","title":"UT-C16 | retorna false con datos inválidos"},{"ancestorTitles":["useCursoValidator — pruebas unitarias"],"duration":4,"failing":false,"failureDetails":[],"failureMessages":[],"fullName":"useCursoValidator — pruebas unitarias UT-C17 | errores se limpian tras validación exitosa","invocations":1,"location":null,"numPassingAsserts":2,"retryReasons":[],"startAt":1780679329232,"status":"passed","title":"UT-C17 | errores se limpian tras validación exitosa"}],"endTime":1780679329237,"message":"","name":"C:\\Users\\Reinel Alfaro\\Desktop\\proyec-EduCampus\\EduCampus\\src\\tests\\useCursoValidator.test.jsx","startTime":1780679328552,"status":"passed","summary":""},{"assertionResults":[{"ancestorTitles":["asistenciaService — pruebas unitarias"],"duration":4,"failing":false,"failureDetails":[],"failureMessages":[],"fullName":"asistenciaService — pruebas unitarias UT-ASIS01 | obtenerReporteAsistenciaGeneral retorna datos","invocations":1,"location":null,"numPassingAsserts":1,"retryReasons":[],"startAt":1780679329224,"status":"passed","title":"UT-ASIS01 | obtenerReporteAsistenciaGeneral retorna datos"},{"ancestorTitles":["asistenciaService — pruebas unitarias"],"duration":1,"failing":false,"failureDetails":[],"failureMessages":[],"fullName":"asistenciaService — pruebas unitarias UT-ASIS02 | obtenerReporteAsistenciaGeneral retorna error si falla","invocations":1,"location":null,"numPassingAsserts":1,"retryReasons":[],"startAt":1780679329229,"status":"passed","title":"UT-ASIS02 | obtenerReporteAsistenciaGeneral retorna error si falla"},{"ancestorTitles":["asistenciaService — pruebas unitarias"],"duration":3,"failing":false,"failureDetails":[],"failureMessages":[],"fullName":"asistenciaService — pruebas unitarias UT-ASIS03 | obtenerAsistenciaPorCurso llama al endpoint correcto","invocations":1,"location":null,"numPassingAsserts":1,"retryReasons":[],"startAt":1780679329230,"status":"passed","title":"UT-ASIS03 | obtenerAsistenciaPorCurso llama al endpoint correcto"},{"ancestorTitles":["asistenciaService — pruebas unitarias"],"duration":1,"failing":false,"failureDetails":[],"failureMessages":[],"fullName":"asistenciaService — pruebas unitarias UT-ASIS04 | obtenerAsistenciaPorEstudiante llama al endpoint correcto","invocations":1,"location":null,"numPassingAsserts":1,"retryReasons":[],"startAt":1780679329234,"status":"passed","title":"UT-ASIS04 | obtenerAsistenciaPorEstudiante llama al endpoint correcto"},{"ancestorTitles":["asistenciaService — pruebas unitarias"],"duration":1,"failing":false,"failureDetails":[],"failureMessages":[],"fullName":"asistenciaService — pruebas unitarias UT-ASIS05 | obtenerAsistenciaPorCurso retorna error en fallo de red","invocations":1,"location":null,"numPassingAsserts":1,"retryReasons":[],"startAt":1780679329235,"status":"passed","title":"UT-ASIS05 | obtenerAsistenciaPorCurso retorna error en fallo de red"},{"ancestorTitles":["materialService — pruebas unitarias"],"duration":2,"failing":false,"failureDetails":[],"failureMessages":[],"fullName":"materialService — pruebas unitarias UT-MAT01 | subirMaterial usa método POST","invocations":1,"location":null,"numPassingAsserts":1,"retryReasons":[],"startAt":1780679329236,"status":"passed","title":"UT-MAT01 | subirMaterial usa método POST"},{"ancestorTitles":["materialService — pruebas unitarias"],"duration":1,"failing":false,"failureDetails":[],"failureMessages":[],"fullName":"materialService — pruebas unitarias UT-MAT02 | obtenerMaterialPorCurso retorna lista","invocations":1,"location":null,"numPassingAsserts":2,"retryReasons":[],"startAt":1780679329238,"status":"passed","title":"UT-MAT02 | obtenerMaterialPorCurso retorna lista"},{"ancestorTitles":["materialService — pruebas unitarias"],"duration":1,"failing":false,"failureDetails":[],"failureMessages":[],"fullName":"materialService — pruebas unitarias UT-MAT03 | obtenerMaterialPorDocente retorna lista","invocations":1,"location":null,"numPassingAsserts":1,"retryReasons":[],"startAt":1780679329239,"status":"passed","title":"UT-MAT03 | obtenerMaterialPorDocente retorna lista"},{"ancestorTitles":["materialService — pruebas unitarias"],"duration":2,"failing":false,"failureDetails":[],"failureMessages":[],"fullName":"materialService — pruebas unitarias UT-MAT04 | eliminarMaterial usa método DELETE","invocations":1,"location":null,"numPassingAsserts":1,"retryReasons":[],"startAt":1780679329240,"status":"passed","title":"UT-MAT04 | eliminarMaterial usa método DELETE"},{"ancestorTitles":["materialService — pruebas unitarias"],"duration":0,"failing":false,"failureDetails":[],"failureMessages":[],"fullName":"materialService — pruebas unitarias UT-MAT05 | subirMaterial retorna error si falla la API","invocations":1,"location":null,"numPassingAsserts":1,"retryReasons":[],"startAt":1780679329242,"status":"passed","title":"UT-MAT05 | subirMaterial retorna error si falla la API"}],"endTime":1780679329243,"message":"","name":"C:\\Users\\Reinel Alfaro\\Desktop\\proyec-EduCampus\\EduCampus\\src\\tests\\services_asistencia_material.test.js","startTime":1780679328856,"status":"passed","summary":""},{"assertionResults":[{"ancestorTitles":["DashboardAdmin — pruebas unitarias"],"duration":2,"failing":false,"failureDetails":[],"failureMessages":[],"fullName":"DashboardAdmin — pruebas unitarias UT-DA01 | constructor crea instancia con valores por defecto","invocations":1,"location":null,"numPassingAsserts":6,"retryReasons":[],"startAt":1780679329238,"status":"passed","title":"UT-DA01 | constructor crea instancia con valores por defecto"},{"ancestorTitles":["DashboardAdmin — pruebas unitarias"],"duration":1,"failing":false,"failureDetails":[],"failureMessages":[],"fullName":"DashboardAdmin — pruebas unitarias UT-DA02 | constructor asigna valores proporcionados","invocations":1,"location":null,"numPassingAsserts":4,"retryReasons":[],"startAt":1780679329240,"status":"passed","title":"UT-DA02 | constructor asigna valores proporcionados"},{"ancestorTitles":["DashboardAdmin — pruebas unitarias"],"duration":1,"failing":false,"failureDetails":[],"failureMessages":[],"fullName":"DashboardAdmin — pruebas unitarias UT-DA03 | instancia es de tipo DashboardAdmin","invocations":1,"location":null,"numPassingAsserts":1,"retryReasons":[],"startAt":1780679329241,"status":"passed","title":"UT-DA03 | instancia es de tipo DashboardAdmin"},{"ancestorTitles":["DashboardAdmin — pruebas unitarias"],"duration":0,"failing":false,"failureDetails":[],"failureMessages":[],"fullName":"DashboardAdmin — pruebas unitarias UT-DA04 | acepta porcentaje_asistencia como número","invocations":1,"location":null,"numPassingAsserts":1,"retryReasons":[],"startAt":1780679329242,"status":"passed","title":"UT-DA04 | acepta porcentaje_asistencia como número"},{"ancestorTitles":["DashboardAdmin — pruebas unitarias"],"duration":0,"failing":false,"failureDetails":[],"failureMessages":[],"fullName":"DashboardAdmin — pruebas unitarias UT-DA05 | valores parciales usan defecto 0 para los faltantes","invocations":1,"location":null,"numPassingAsserts":2,"retryReasons":[],"startAt":1780679329242,"status":"passed","title":"UT-DA05 | valores parciales usan defecto 0 para los faltantes"},{"ancestorTitles":["DashboardAdmin — pruebas unitarias"],"duration":1,"failing":false,"failureDetails":[],"failureMessages":[],"fullName":"DashboardAdmin — pruebas unitarias UT-DA06 | dos instancias son independientes","invocations":1,"location":null,"numPassingAsserts":2,"retryReasons":[],"startAt":1780679329242,"status":"passed","title":"UT-DA06 | dos instancias son independientes"},{"ancestorTitles":["Configuracion — pruebas unitarias"],"duration":0,"failing":false,"failureDetails":[],"failureMessages":[],"fullName":"Configuracion — pruebas unitarias UT-CO01 | constructor crea instancia con valores por defecto","invocations":1,"location":null,"numPassingAsserts":4,"retryReasons":[],"startAt":1780679329243,"status":"passed","title":"UT-CO01 | constructor crea instancia con valores por defecto"},{"ancestorTitles":["Configuracion — pruebas unitarias"],"duration":1,"failing":false,"failureDetails":[],"failureMessages":[],"fullName":"Configuracion — pruebas unitarias UT-CO02 | constructor asigna valores proporcionados","invocations":1,"location":null,"numPassingAsserts":3,"retryReasons":[],"startAt":1780679329243,"status":"passed","title":"UT-CO02 | constructor asigna valores proporcionados"},{"ancestorTitles":["Configuracion — pruebas unitarias"],"duration":0,"failing":false,"failureDetails":[],"failureMessages":[],"fullName":"Configuracion — pruebas unitarias UT-CO03 | esValido retorna true con todos los campos","invocations":1,"location":null,"numPassingAsserts":1,"retryReasons":[],"startAt":1780679329244,"status":"passed","title":"UT-CO03 | esValido retorna true con todos los campos"},{"ancestorTitles":["Configuracion — pruebas unitarias"],"duration":1,"failing":false,"failureDetails":[],"failureMessages":[],"fullName":"Configuracion — pruebas unitarias UT-CO04 | esValido retorna false con nombre vacío","invocations":1,"location":null,"numPassingAsserts":1,"retryReasons":[],"startAt":1780679329244,"status":"passed","title":"UT-CO04 | esValido retorna false con nombre vacío"},{"ancestorTitles":["Configuracion — pruebas unitarias"],"duration":1,"failing":false,"failureDetails":[],"failureMessages":[],"fullName":"Configuracion — pruebas unitarias UT-CO05 | tieneEmailValido retorna true con email correcto","invocations":1,"location":null,"numPassingAsserts":1,"retryReasons":[],"startAt":1780679329245,"status":"passed","title":"UT-CO05 | tieneEmailValido retorna true con email correcto"},{"ancestorTitles":["Configuracion — pruebas unitarias"],"duration":0,"failing":false,"failureDetails":[],"failureMessages":[],"fullName":"Configuracion — pruebas unitarias UT-CO06 | tieneEmailValido retorna false con email inválido","invocations":1,"location":null,"numPassingAsserts":1,"retryReasons":[],"startAt":1780679329246,"status":"passed","title":"UT-CO06 | tieneEmailValido retorna false con email inválido"},{"ancestorTitles":["Configuracion — pruebas unitarias"],"duration":1,"failing":false,"failureDetails":[],"failureMessages":[],"fullName":"Configuracion — pruebas unitarias UT-CO07 | instancia es de tipo Configuracion","invocations":1,"location":null,"numPassingAsserts":1,"retryReasons":[],"startAt":1780679329246,"status":"passed","title":"UT-CO07 | instancia es de tipo Configuracion"}],"endTime":1780679329248,"message":"","name":"C:\\Users\\Reinel Alfaro\\Desktop\\proyec-EduCampus\\EduCampus\\src\\tests\\models_extended.test.js","startTime":1780679328893,"status":"passed","summary":""}],"wasInterrupted":false}
