{"numTotalTestSuites":58,"numPassedTestSuites":58,"numFailedTestSuites":0,"numPendingTestSuites":0,"numTotalTests":137,"numPassedTests":137,"numFailedTests":0,"numPendingTests":0,"numTodoTests":0,"snapshot":{"added":0,"failure":false,"filesAdded":0,"filesRemoved":0,"filesRemovedList":[],"filesUnmatched":0,"filesUpdated":0,"matched":0,"total":0,"unchecked":0,"uncheckedKeysByFile":[],"unmatched":0,"updated":0,"didUpdate":false},"startTime":1779892226307,"success":true,"testResults":[{"assertionResults":[{"ancestorTitles":["HU-01 | El usuario ve el formulario de login al abrir la app"],"fullName":"HU-01 | El usuario ve el formulario de login al abrir la app HU-01/P1 | se muestra el nombre del sistema EduCampus como encabezado","status":"passed","title":"HU-01/P1 | se muestra el nombre del sistema EduCampus como encabezado","duration":69.58539999999994,"failureMessages":[],"meta":{}},{"ancestorTitles":["HU-01 | El usuario ve el formulario de login al abrir la app"],"fullName":"HU-01 | El usuario ve el formulario de login al abrir la app HU-01/P2 | se muestran los campos de correo y contrasena","status":"passed","title":"HU-01/P2 | se muestran los campos de correo y contrasena","duration":25.830699999999524,"failureMessages":[],"meta":{}},{"ancestorTitles":["HU-01 | El usuario ve el formulario de login al abrir la app"],"fullName":"HU-01 | El usuario ve el formulario de login al abrir la app HU-01/P3 | se muestran los tres roles disponibles para seleccionar","status":"passed","title":"HU-01/P3 | se muestran los tres roles disponibles para seleccionar","duration":32.144499999999425,"failureMessages":[],"meta":{}},{"ancestorTitles":["HU-02 | El docente accede a su menu al ingresar"],"fullName":"HU-02 | El docente accede a su menu al ingresar HU-02/P1 | sidebar docente muestra Mis Cursos para gestionar sus cursos","status":"passed","title":"HU-02/P1 | sidebar docente muestra Mis Cursos para gestionar sus cursos","duration":242.7494999999999,"failureMessages":[],"meta":{}},{"ancestorTitles":["HU-02 | El docente accede a su menu al ingresar"],"fullName":"HU-02 | El docente accede a su menu al ingresar HU-02/P2 | sidebar docente muestra Calificaciones para registrar notas","status":"passed","title":"HU-02/P2 | sidebar docente muestra Calificaciones para registrar notas","duration":74.76859999999942,"failureMessages":[],"meta":{}},{"ancestorTitles":["HU-02 | El docente accede a su menu al ingresar"],"fullName":"HU-02 | El docente accede a su menu al ingresar HU-02/P3 | sidebar docente muestra Estudiantes para ver sus inscritos","status":"passed","title":"HU-02/P3 | sidebar docente muestra Estudiantes para ver sus inscritos","duration":36.737199999999575,"failureMessages":[],"meta":{}},{"ancestorTitles":["HU-03 | El estudiante accede a su menu al ingresar"],"fullName":"HU-03 | El estudiante accede a su menu al ingresar HU-03/P1 | sidebar estudiante muestra Mis Cursos para ver sus inscripciones","status":"passed","title":"HU-03/P1 | sidebar estudiante muestra Mis Cursos para ver sus inscripciones","duration":36.771999999999935,"failureMessages":[],"meta":{}},{"ancestorTitles":["HU-03 | El estudiante accede a su menu al ingresar"],"fullName":"HU-03 | El estudiante accede a su menu al ingresar HU-03/P2 | sidebar estudiante muestra Horario para consultar sus clases","status":"passed","title":"HU-03/P2 | sidebar estudiante muestra Horario para consultar sus clases","duration":39.64670000000024,"failureMessages":[],"meta":{}},{"ancestorTitles":["HU-03 | El estudiante accede a su menu al ingresar"],"fullName":"HU-03 | El estudiante accede a su menu al ingresar HU-03/P3 | sidebar admin NO muestra Horario (opcion exclusiva del estudiante)","status":"passed","title":"HU-03/P3 | sidebar admin NO muestra Horario (opcion exclusiva del estudiante)","duration":35.8128999999999,"failureMessages":[],"meta":{}},{"ancestorTitles":["HU-04 | El usuario recibe mensajes de error comprensibles"],"fullName":"HU-04 | El usuario recibe mensajes de error comprensibles HU-04/P1 | intentar ingresar sin datos → aparece mensaje de campos obligatorios","status":"passed","title":"HU-04/P1 | intentar ingresar sin datos → aparece mensaje de campos obligatorios","duration":336.08389999999963,"failureMessages":[],"meta":{}},{"ancestorTitles":["HU-04 | El usuario recibe mensajes de error comprensibles"],"fullName":"HU-04 | El usuario recibe mensajes de error comprensibles HU-04/P2 | correo con dominio no permitido → mensaje de formato de correo","status":"passed","title":"HU-04/P2 | correo con dominio no permitido → mensaje de formato de correo","duration":111.57680000000073,"failureMessages":[],"meta":{}},{"ancestorTitles":["HU-04 | El usuario recibe mensajes de error comprensibles"],"fullName":"HU-04 | El usuario recibe mensajes de error comprensibles HU-04/P3 | boton Limpiar permite al usuario reiniciar el formulario facilmente","status":"passed","title":"HU-04/P3 | boton Limpiar permite al usuario reiniciar el formulario facilmente","duration":75.35940000000028,"failureMessages":[],"meta":{}}],"startTime":1779892230893,"endTime":1779892232012.3594,"status":"passed","message":"","name":"C:/Users/Reinel Alfaro/Desktop/proyec-EduCampus/EduCampus/src/tests/acep_hu_frontend.test.jsx"},{"assertionResults":[{"ancestorTitles":[],"fullName":"renderiza la página de login por defecto","status":"passed","title":"renderiza la página de login por defecto","duration":49.406599999999344,"failureMessages":[],"meta":{}}],"startTime":1779892232434,"endTime":1779892232483.4065,"status":"passed","message":"","name":"C:/Users/Reinel Alfaro/Desktop/proyec-EduCampus/EduCampus/src/tests/App.test.jsx"},{"assertionResults":[{"ancestorTitles":[],"fullName":"renderiza la página de login por defecto","status":"passed","title":"renderiza la página de login por defecto","duration":263.60509999999977,"failureMessages":[],"meta":{}},{"ancestorTitles":[],"fullName":"dashboard admin se renderiza correctamente","status":"passed","title":"dashboard admin se renderiza correctamente","duration":94.72420000000056,"failureMessages":[],"meta":{}},{"ancestorTitles":[],"fullName":"dashboard docente se renderiza correctamente","status":"passed","title":"dashboard docente se renderiza correctamente","duration":76.1905999999999,"failureMessages":[],"meta":{}},{"ancestorTitles":[],"fullName":"dashboard estudiante se renderiza correctamente","status":"passed","title":"dashboard estudiante se renderiza correctamente","duration":56.38670000000002,"failureMessages":[],"meta":{}},{"ancestorTitles":[],"fullName":"redirige de '/' a '/login'","status":"passed","title":"redirige de '/' a '/login'","duration":37.4991,"failureMessages":[],"meta":{}}],"startTime":1779892230893,"endTime":1779892231421.499,"status":"passed","message":"","name":"C:/Users/Reinel Alfaro/Desktop/proyec-EduCampus/EduCampus/src/tests/AppRoles.test.jsx"},{"assertionResults":[{"ancestorTitles":["BUG-01 | nombres con solo espacios"],"fullName":"BUG-01 | nombres con solo espacios nombre='   ' (3 espacios) debe ser INVALIDO","status":"passed","title":"nombre='   ' (3 espacios) debe ser INVALIDO","duration":35.077200000000175,"failureMessages":[],"meta":{}},{"ancestorTitles":["BUG-01 | nombres con solo espacios"],"fullName":"BUG-01 | nombres con solo espacios apellido='   ' (3 espacios) debe ser INVALIDO","status":"passed","title":"apellido='   ' (3 espacios) debe ser INVALIDO","duration":6.2323999999998705,"failureMessages":[],"meta":{}},{"ancestorTitles":["BUG-02 | cupo_estudiante no numerico"],"fullName":"BUG-02 | cupo_estudiante no numerico cupo='abc' (texto) debe ser INVALIDO","status":"passed","title":"cupo='abc' (texto) debe ser INVALIDO","duration":4.195499999999811,"failureMessages":[],"meta":{}},{"ancestorTitles":["BUG-02 | cupo_estudiante no numerico"],"fullName":"BUG-02 | cupo_estudiante no numerico cupo=0.5 (fraccion) debe ser INVALIDO","status":"passed","title":"cupo=0.5 (fraccion) debe ser INVALIDO","duration":2.5877000000000407,"failureMessages":[],"meta":{}},{"ancestorTitles":["BUG-03 | correo con espacios"],"fullName":"BUG-03 | correo con espacios correo con espacio antes del @ debe ser INVALIDO","status":"passed","title":"correo con espacio antes del @ debe ser INVALIDO","duration":2.8356999999996333,"failureMessages":[],"meta":{}},{"ancestorTitles":["BUG-03 | correo con espacios"],"fullName":"BUG-03 | correo con espacios correo con espacio despues del @ debe ser INVALIDO","status":"passed","title":"correo con espacio despues del @ debe ser INVALIDO","duration":3.1971999999996115,"failureMessages":[],"meta":{}},{"ancestorTitles":["BUG-04 | cedula con solo espacios"],"fullName":"BUG-04 | cedula con solo espacios cedula='      ' (6 espacios) debe ser INVALIDO","status":"passed","title":"cedula='      ' (6 espacios) debe ser INVALIDO","duration":3.673200000000179,"failureMessages":[],"meta":{}},{"ancestorTitles":["BUG-05 | contraseña con solo espacios"],"fullName":"BUG-05 | contraseña con solo espacios contraseña='      ' (6 espacios) debe ser INVALIDO","status":"passed","title":"contraseña='      ' (6 espacios) debe ser INVALIDO","duration":4.284599999999955,"failureMessages":[],"meta":{}},{"ancestorTitles":["BUG-05 | contraseña con solo espacios"],"fullName":"BUG-05 | contraseña con solo espacios contraseña docente='      ' debe ser INVALIDO","status":"passed","title":"contraseña docente='      ' debe ser INVALIDO","duration":3.928899999999885,"failureMessages":[],"meta":{}},{"ancestorTitles":["BUG-06 | especialidad con solo espacios"],"fullName":"BUG-06 | especialidad con solo espacios especialidad='   ' (3 espacios) debe ser INVALIDO","status":"passed","title":"especialidad='   ' (3 espacios) debe ser INVALIDO","duration":1.48529999999937,"failureMessages":[],"meta":{}}],"startTime":1779892230573,"endTime":1779892230642.4854,"status":"passed","message":"","name":"C:/Users/Reinel Alfaro/Desktop/proyec-EduCampus/EduCampus/src/tests/bugs.test.jsx"},{"assertionResults":[{"ancestorTitles":["CE — tipo de estado conocido"],"fullName":"CE — tipo de estado conocido CE-01 | tipo='aprobado' → muestra texto Aprobado","status":"passed","title":"CE-01 | tipo='aprobado' → muestra texto Aprobado","duration":144.9625000000001,"failureMessages":[],"meta":{}},{"ancestorTitles":["CE — tipo de estado conocido"],"fullName":"CE — tipo de estado conocido CE-02 | tipo='reprobado' → muestra texto Reprobado","status":"passed","title":"CE-02 | tipo='reprobado' → muestra texto Reprobado","duration":11.345000000000255,"failureMessages":[],"meta":{}},{"ancestorTitles":["CE — tipo de estado conocido"],"fullName":"CE — tipo de estado conocido CE-03 | tipo='presente' → muestra texto Presente","status":"passed","title":"CE-03 | tipo='presente' → muestra texto Presente","duration":7.006200000000717,"failureMessages":[],"meta":{}},{"ancestorTitles":["CE — tipo de estado conocido"],"fullName":"CE — tipo de estado conocido CE-04 | tipo='ausente' → muestra texto Ausente","status":"passed","title":"CE-04 | tipo='ausente' → muestra texto Ausente","duration":4.762499999999818,"failureMessages":[],"meta":{}},{"ancestorTitles":["CE — tipo de estado conocido"],"fullName":"CE — tipo de estado conocido CE-05 | tipo='pendiente' → muestra texto Pendiente","status":"passed","title":"CE-05 | tipo='pendiente' → muestra texto Pendiente","duration":6.919700000000375,"failureMessages":[],"meta":{}},{"ancestorTitles":["CE — tipo de estado conocido"],"fullName":"CE — tipo de estado conocido CE-06 | tipo='entregado' → muestra texto Entregado","status":"passed","title":"CE-06 | tipo='entregado' → muestra texto Entregado","duration":11.826200000000426,"failureMessages":[],"meta":{}},{"ancestorTitles":["CE — tipo de estado conocido"],"fullName":"CE — tipo de estado conocido CE-07 | tipo desconocido → no renderiza nada","status":"passed","title":"CE-07 | tipo desconocido → no renderiza nada","duration":0.7528000000002066,"failureMessages":[],"meta":{}},{"ancestorTitles":["CE — tipo nota (escala 0-5)"],"fullName":"CE — tipo nota (escala 0-5) CE-08 | nota=4.5 → muestra Aprobado","status":"passed","title":"CE-08 | nota=4.5 → muestra Aprobado","duration":3.7532000000001062,"failureMessages":[],"meta":{}},{"ancestorTitles":["CE — tipo nota (escala 0-5)"],"fullName":"CE — tipo nota (escala 0-5) CE-09 | nota=1.5 → muestra No aprobado","status":"passed","title":"CE-09 | nota=1.5 → muestra No aprobado","duration":2.685699999999997,"failureMessages":[],"meta":{}},{"ancestorTitles":["VL — nota (limite 3.0)"],"fullName":"VL — nota (limite 3.0) VL-01 | nota=2.9 → No aprobado","status":"passed","title":"VL-01 | nota=2.9 → No aprobado","duration":3.4875999999994747,"failureMessages":[],"meta":{}},{"ancestorTitles":["VL — nota (limite 3.0)"],"fullName":"VL — nota (limite 3.0) VL-02 | nota=3.0 exactamente → Aprobado","status":"passed","title":"VL-02 | nota=3.0 exactamente → Aprobado","duration":4.066499999999905,"failureMessages":[],"meta":{}},{"ancestorTitles":["VL — nota (limite 3.0)"],"fullName":"VL — nota (limite 3.0) VL-03 | nota=3.1 → Aprobado","status":"passed","title":"VL-03 | nota=3.1 → Aprobado","duration":3.0646000000006097,"failureMessages":[],"meta":{}}],"startTime":1779892230503,"endTime":1779892230709.0647,"status":"passed","message":"","name":"C:/Users/Reinel Alfaro/Desktop/proyec-EduCampus/EduCampus/src/tests/EstadoBadge.test.jsx"},{"assertionResults":[{"ancestorTitles":["INT — Formulario + Validacion (incremento 1 y 2)"],"fullName":"INT — Formulario + Validacion (incremento 1 y 2) INT-01 | correo y contrasena vacios bloquean el envio al contexto","status":"passed","title":"INT-01 | correo y contrasena vacios bloquean el envio al contexto","duration":668.4421000000002,"failureMessages":[],"meta":{}},{"ancestorTitles":["INT — Formulario + Validacion (incremento 1 y 2)"],"fullName":"INT — Formulario + Validacion (incremento 1 y 2) INT-02 | correo con dominio no permitido bloquea el envio al contexto","status":"passed","title":"INT-02 | correo con dominio no permitido bloquea el envio al contexto","duration":152.09159999999974,"failureMessages":[],"meta":{}},{"ancestorTitles":["INT — Formulario + Validacion (incremento 1 y 2)"],"fullName":"INT — Formulario + Validacion (incremento 1 y 2) INT-03 | boton Limpiar resetea correo y contrasena al mismo tiempo","status":"passed","title":"INT-03 | boton Limpiar resetea correo y contrasena al mismo tiempo","duration":101.22929999999997,"failureMessages":[],"meta":{}},{"ancestorTitles":["INT — Formulario + Validacion + AuthContext (incremento 3)"],"fullName":"INT — Formulario + Validacion + AuthContext (incremento 3) INT-04 | formulario valido invoca iniciarSesion con correo y contrasena correctos","status":"passed","title":"INT-04 | formulario valido invoca iniciarSesion con correo y contrasena correctos","duration":90.76270000000022,"failureMessages":[],"meta":{}},{"ancestorTitles":["INT — Formulario + Validacion + AuthContext (incremento 3)"],"fullName":"INT — Formulario + Validacion + AuthContext (incremento 3) INT-05 | formulario valido con outlook.com invoca iniciarSesion con los datos correctos","status":"passed","title":"INT-05 | formulario valido con outlook.com invoca iniciarSesion con los datos correctos","duration":99.35260000000017,"failureMessages":[],"meta":{}}],"startTime":1779892230851,"endTime":1779892231964.3525,"status":"passed","message":"","name":"C:/Users/Reinel Alfaro/Desktop/proyec-EduCampus/EduCampus/src/tests/int_flujo_login.test.jsx"},{"assertionResults":[{"ancestorTitles":["INT — Incremento 1: Sidebar Admin"],"fullName":"INT — Incremento 1: Sidebar Admin INT-01 | rol admin → muestra opcion Usuarios","status":"passed","title":"INT-01 | rol admin → muestra opcion Usuarios","duration":235.71380000000045,"failureMessages":[],"meta":{}},{"ancestorTitles":["INT — Incremento 1: Sidebar Admin"],"fullName":"INT — Incremento 1: Sidebar Admin INT-02 | rol admin → muestra opcion Cursos","status":"passed","title":"INT-02 | rol admin → muestra opcion Cursos","duration":108.92509999999947,"failureMessages":[],"meta":{}},{"ancestorTitles":["INT — Incremento 1: Sidebar Admin"],"fullName":"INT — Incremento 1: Sidebar Admin INT-03 | rol admin → muestra opcion Reportes","status":"passed","title":"INT-03 | rol admin → muestra opcion Reportes","duration":74.85490000000027,"failureMessages":[],"meta":{}},{"ancestorTitles":["INT — Incremento 2: Sidebar Docente"],"fullName":"INT — Incremento 2: Sidebar Docente INT-04 | rol docente → muestra opcion Mis Cursos","status":"passed","title":"INT-04 | rol docente → muestra opcion Mis Cursos","duration":38.884799999999814,"failureMessages":[],"meta":{}},{"ancestorTitles":["INT — Incremento 2: Sidebar Docente"],"fullName":"INT — Incremento 2: Sidebar Docente INT-05 | rol docente → muestra opcion Calificaciones","status":"passed","title":"INT-05 | rol docente → muestra opcion Calificaciones","duration":28.555999999999585,"failureMessages":[],"meta":{}},{"ancestorTitles":["INT — Incremento 2: Sidebar Docente"],"fullName":"INT — Incremento 2: Sidebar Docente INT-06 | rol docente → muestra opcion Material Didactico","status":"passed","title":"INT-06 | rol docente → muestra opcion Material Didactico","duration":35.496900000000096,"failureMessages":[],"meta":{}},{"ancestorTitles":["INT — Incremento 3: Sidebar Estudiante"],"fullName":"INT — Incremento 3: Sidebar Estudiante INT-07 | rol estudiante → muestra opcion Mis Cursos","status":"passed","title":"INT-07 | rol estudiante → muestra opcion Mis Cursos","duration":22.999400000000605,"failureMessages":[],"meta":{}},{"ancestorTitles":["INT — Incremento 3: Sidebar Estudiante"],"fullName":"INT — Incremento 3: Sidebar Estudiante INT-08 | rol estudiante → muestra opcion Horario","status":"passed","title":"INT-08 | rol estudiante → muestra opcion Horario","duration":27.347999999999956,"failureMessages":[],"meta":{}},{"ancestorTitles":["INT — Incremento 4: Exclusividad de menus por rol"],"fullName":"INT — Incremento 4: Exclusividad de menus por rol INT-09 | rol estudiante NO muestra opcion exclusiva de admin (Configuracion)","status":"passed","title":"INT-09 | rol estudiante NO muestra opcion exclusiva de admin (Configuracion)","duration":22.64969999999994,"failureMessages":[],"meta":{}},{"ancestorTitles":["INT — Incremento 4: Exclusividad de menus por rol"],"fullName":"INT — Incremento 4: Exclusividad de menus por rol INT-10 | rol estudiante NO muestra opcion exclusiva de docente (Material Didactico)","status":"passed","title":"INT-10 | rol estudiante NO muestra opcion exclusiva de docente (Material Didactico)","duration":26.76209999999992,"failureMessages":[],"meta":{}}],"startTime":1779892230893,"endTime":1779892231518.7622,"status":"passed","message":"","name":"C:/Users/Reinel Alfaro/Desktop/proyec-EduCampus/EduCampus/src/tests/int_flujo_roles.test.jsx"},{"assertionResults":[{"ancestorTitles":["CE — renderizado del formulario"],"fullName":"CE — renderizado del formulario CE-01 | muestra el titulo EduCampus","status":"passed","title":"CE-01 | muestra el titulo EduCampus","duration":69.77260000000024,"failureMessages":[],"meta":{}},{"ancestorTitles":["CE — renderizado del formulario"],"fullName":"CE — renderizado del formulario CE-02 | muestra el campo de correo","status":"passed","title":"CE-02 | muestra el campo de correo","duration":25.816800000000512,"failureMessages":[],"meta":{}},{"ancestorTitles":["CE — renderizado del formulario"],"fullName":"CE — renderizado del formulario CE-03 | muestra el campo de contraseña","status":"passed","title":"CE-03 | muestra el campo de contraseña","duration":13.237900000000081,"failureMessages":[],"meta":{}},{"ancestorTitles":["CE — renderizado del formulario"],"fullName":"CE — renderizado del formulario CE-04 | muestra los tres roles disponibles","status":"passed","title":"CE-04 | muestra los tres roles disponibles","duration":21.060099999999693,"failureMessages":[],"meta":{}},{"ancestorTitles":["CE — renderizado del formulario"],"fullName":"CE — renderizado del formulario CE-05 | muestra los botones Limpiar e Ingresar","status":"passed","title":"CE-05 | muestra los botones Limpiar e Ingresar","duration":541.0641000000005,"failureMessages":[],"meta":{}},{"ancestorTitles":["CE — validaciones al enviar el formulario"],"fullName":"CE — validaciones al enviar el formulario CE-06 | campos vacios → muestra error de campos obligatorios","status":"passed","title":"CE-06 | campos vacios → muestra error de campos obligatorios","duration":147.07970000000023,"failureMessages":[],"meta":{}},{"ancestorTitles":["CE — validaciones al enviar el formulario"],"fullName":"CE — validaciones al enviar el formulario CE-07 | correo con dominio no permitido → muestra error de formato","status":"passed","title":"CE-07 | correo con dominio no permitido → muestra error de formato","duration":124.04250000000047,"failureMessages":[],"meta":{}},{"ancestorTitles":["CE — validaciones al enviar el formulario"],"fullName":"CE — validaciones al enviar el formulario CE-08 | boton Limpiar resetea el campo de correo","status":"passed","title":"CE-08 | boton Limpiar resetea el campo de correo","duration":79.65329999999994,"failureMessages":[],"meta":{}}],"startTime":1779892230851,"endTime":1779892231874.6533,"status":"passed","message":"","name":"C:/Users/Reinel Alfaro/Desktop/proyec-EduCampus/EduCampus/src/tests/Login.test.jsx"},{"assertionResults":[{"ancestorTitles":["SIS-PORT | Login portable en cualquier entorno"],"fullName":"SIS-PORT | Login portable en cualquier entorno SIS-01 | Login se renderiza sin errores en entorno jsdom","status":"passed","title":"SIS-01 | Login se renderiza sin errores en entorno jsdom","duration":56.33169999999973,"failureMessages":[],"meta":{}},{"ancestorTitles":["SIS-PORT | Login portable en cualquier entorno"],"fullName":"SIS-PORT | Login portable en cualquier entorno SIS-02 | Login muestra el titulo EduCampus como encabezado principal","status":"passed","title":"SIS-02 | Login muestra el titulo EduCampus como encabezado principal","duration":36.970900000000256,"failureMessages":[],"meta":{}},{"ancestorTitles":["SIS-PORT | Sidebar portable para todos los roles"],"fullName":"SIS-PORT | Sidebar portable para todos los roles SIS-03 | Sidebar con rol admin se renderiza sin errores","status":"passed","title":"SIS-03 | Sidebar con rol admin se renderiza sin errores","duration":333.1095999999998,"failureMessages":[],"meta":{}},{"ancestorTitles":["SIS-PORT | Sidebar portable para todos los roles"],"fullName":"SIS-PORT | Sidebar portable para todos los roles SIS-04 | Sidebar con rol docente se renderiza sin errores","status":"passed","title":"SIS-04 | Sidebar con rol docente se renderiza sin errores","duration":49.52900000000045,"failureMessages":[],"meta":{}},{"ancestorTitles":["SIS-PORT | Sidebar portable para todos los roles"],"fullName":"SIS-PORT | Sidebar portable para todos los roles SIS-05 | Sidebar con rol estudiante se renderiza sin errores","status":"passed","title":"SIS-05 | Sidebar con rol estudiante se renderiza sin errores","duration":31.251499999999396,"failureMessages":[],"meta":{}},{"ancestorTitles":["SIS-PORT | EstadoBadge portable con todos sus tipos"],"fullName":"SIS-PORT | EstadoBadge portable con todos sus tipos SIS-06 | EstadoBadge tipo='aprobado' se renderiza sin errores","status":"passed","title":"SIS-06 | EstadoBadge tipo='aprobado' se renderiza sin errores","duration":26.20170000000053,"failureMessages":[],"meta":{}},{"ancestorTitles":["SIS-PORT | EstadoBadge portable con todos sus tipos"],"fullName":"SIS-PORT | EstadoBadge portable con todos sus tipos SIS-07 | EstadoBadge tipo='nota' con nota=3.0 se renderiza sin errores","status":"passed","title":"SIS-07 | EstadoBadge tipo='nota' con nota=3.0 se renderiza sin errores","duration":12.439300000000003,"failureMessages":[],"meta":{}},{"ancestorTitles":["SIS-PORT | EstadoBadge portable con todos sus tipos"],"fullName":"SIS-PORT | EstadoBadge portable con todos sus tipos SIS-08 | EstadoBadge con tipo desconocido no lanza excepcion","status":"passed","title":"SIS-08 | EstadoBadge con tipo desconocido no lanza excepcion","duration":3.1171999999996842,"failureMessages":[],"meta":{}}],"startTime":1779892230896,"endTime":1779892231446.1172,"status":"passed","message":"","name":"C:/Users/Reinel Alfaro/Desktop/proyec-EduCampus/EduCampus/src/tests/sis_portabilidad.test.jsx"},{"assertionResults":[{"ancestorTitles":["SIS-USAB | Etiquetas y campos accesibles"],"fullName":"SIS-USAB | Etiquetas y campos accesibles SIS-01 | campo correo tiene etiqueta visible asociada","status":"passed","title":"SIS-01 | campo correo tiene etiqueta visible asociada","duration":70.70049999999992,"failureMessages":[],"meta":{}},{"ancestorTitles":["SIS-USAB | Etiquetas y campos accesibles"],"fullName":"SIS-USAB | Etiquetas y campos accesibles SIS-02 | campo contrasena tiene etiqueta visible asociada","status":"passed","title":"SIS-02 | campo contrasena tiene etiqueta visible asociada","duration":21.964200000000346,"failureMessages":[],"meta":{}},{"ancestorTitles":["SIS-USAB | Etiquetas y campos accesibles"],"fullName":"SIS-USAB | Etiquetas y campos accesibles SIS-03 | boton principal tiene texto descriptivo Ingresar","status":"passed","title":"SIS-03 | boton principal tiene texto descriptivo Ingresar","duration":560.3005000000003,"failureMessages":[],"meta":{}},{"ancestorTitles":["SIS-USAB | Etiquetas y campos accesibles"],"fullName":"SIS-USAB | Etiquetas y campos accesibles SIS-04 | boton secundario tiene texto descriptivo Limpiar","status":"passed","title":"SIS-04 | boton secundario tiene texto descriptivo Limpiar","duration":106.84779999999955,"failureMessages":[],"meta":{}},{"ancestorTitles":["SIS-USAB | Mensajes de error visibles y comprensibles"],"fullName":"SIS-USAB | Mensajes de error visibles y comprensibles SIS-05 | campos vacios al enviar → mensaje de error legible aparece en pantalla","status":"passed","title":"SIS-05 | campos vacios al enviar → mensaje de error legible aparece en pantalla","duration":111.38550000000032,"failureMessages":[],"meta":{}},{"ancestorTitles":["SIS-USAB | Mensajes de error visibles y comprensibles"],"fullName":"SIS-USAB | Mensajes de error visibles y comprensibles SIS-06 | correo con dominio invalido → mensaje especifico aparece en pantalla","status":"passed","title":"SIS-06 | correo con dominio invalido → mensaje especifico aparece en pantalla","duration":109.5646999999999,"failureMessages":[],"meta":{}},{"ancestorTitles":["SIS-USAB | Indicadores de estado con texto identificable"],"fullName":"SIS-USAB | Indicadores de estado con texto identificable SIS-07 | EstadoBadge tipo='aprobado' muestra texto Aprobado","status":"passed","title":"SIS-07 | EstadoBadge tipo='aprobado' muestra texto Aprobado","duration":14.674200000000383,"failureMessages":[],"meta":{}},{"ancestorTitles":["SIS-USAB | Indicadores de estado con texto identificable"],"fullName":"SIS-USAB | Indicadores de estado con texto identificable SIS-08 | EstadoBadge tipo='reprobado' muestra texto Reprobado","status":"passed","title":"SIS-08 | EstadoBadge tipo='reprobado' muestra texto Reprobado","duration":9.443199999999706,"failureMessages":[],"meta":{}}],"startTime":1779892230855,"endTime":1779892231861.443,"status":"passed","message":"","name":"C:/Users/Reinel Alfaro/Desktop/proyec-EduCampus/EduCampus/src/tests/sis_usabilidad.test.jsx"},{"assertionResults":[{"ancestorTitles":["CE — campo nombre"],"fullName":"CE — campo nombre CE-01 | valido: nombre con 3 o mas caracteres","status":"passed","title":"CE-01 | valido: nombre con 3 o mas caracteres","duration":23.45010000000002,"failureMessages":[],"meta":{}},{"ancestorTitles":["CE — campo nombre"],"fullName":"CE — campo nombre CE-02 | invalido: nombre con menos de 3 caracteres","status":"passed","title":"CE-02 | invalido: nombre con menos de 3 caracteres","duration":4.3375999999998385,"failureMessages":[],"meta":{}},{"ancestorTitles":["CE — campo nombre"],"fullName":"CE — campo nombre CE-03 | invalido: nombre vacio","status":"passed","title":"CE-03 | invalido: nombre vacio","duration":4.069499999999607,"failureMessages":[],"meta":{}},{"ancestorTitles":["CE — campo cupo_estudiante"],"fullName":"CE — campo cupo_estudiante CE-04 | valido: cupo mayor a 0","status":"passed","title":"CE-04 | valido: cupo mayor a 0","duration":3.915899999999965,"failureMessages":[],"meta":{}},{"ancestorTitles":["CE — campo cupo_estudiante"],"fullName":"CE — campo cupo_estudiante CE-05 | invalido: cupo igual a 0","status":"passed","title":"CE-05 | invalido: cupo igual a 0","duration":5.336800000000039,"failureMessages":[],"meta":{}},{"ancestorTitles":["CE — campo cupo_estudiante"],"fullName":"CE — campo cupo_estudiante CE-06 | invalido: cupo negativo","status":"passed","title":"CE-06 | invalido: cupo negativo","duration":3.699500000000171,"failureMessages":[],"meta":{}},{"ancestorTitles":["CE — campo horario"],"fullName":"CE — campo horario CE-07 | valido: horario con al menos un elemento","status":"passed","title":"CE-07 | valido: horario con al menos un elemento","duration":2.757000000000062,"failureMessages":[],"meta":{}},{"ancestorTitles":["CE — campo horario"],"fullName":"CE — campo horario CE-08 | invalido: horario array vacio","status":"passed","title":"CE-08 | invalido: horario array vacio","duration":2.5328999999996995,"failureMessages":[],"meta":{}},{"ancestorTitles":["CE — campo horario"],"fullName":"CE — campo horario CE-09 | invalido: horario nulo","status":"passed","title":"CE-09 | invalido: horario nulo","duration":3.9539999999997235,"failureMessages":[],"meta":{}},{"ancestorTitles":["CE — campo horario"],"fullName":"CE — campo horario CE-10 | invalido: horario no es array","status":"passed","title":"CE-10 | invalido: horario no es array","duration":3.8297999999995227,"failureMessages":[],"meta":{}},{"ancestorTitles":["VL — campo cupo_estudiante (limite 1)"],"fullName":"VL — campo cupo_estudiante (limite 1) VL-01 | cupo 0 → invalido","status":"passed","title":"VL-01 | cupo 0 → invalido","duration":2.6141000000006898,"failureMessages":[],"meta":{}},{"ancestorTitles":["VL — campo cupo_estudiante (limite 1)"],"fullName":"VL — campo cupo_estudiante (limite 1) VL-02 | cupo exactamente 1 → valido","status":"passed","title":"VL-02 | cupo exactamente 1 → valido","duration":4.647399999999834,"failureMessages":[],"meta":{}},{"ancestorTitles":["VL — campo cupo_estudiante (limite 1)"],"fullName":"VL — campo cupo_estudiante (limite 1) VL-03 | cupo 2 → valido","status":"passed","title":"VL-03 | cupo 2 → valido","duration":2.5727999999999156,"failureMessages":[],"meta":{}},{"ancestorTitles":["CB — camino basico del validate()"],"fullName":"CB — camino basico del validate() CB-01 | camino feliz: todos los campos validos → retorna true","status":"passed","title":"CB-01 | camino feliz: todos los campos validos → retorna true","duration":4.351400000000467,"failureMessages":[],"meta":{}},{"ancestorTitles":["CB — camino basico del validate()"],"fullName":"CB — camino basico del validate() CB-02 | sin docente asignado → error en id_docente","status":"passed","title":"CB-02 | sin docente asignado → error en id_docente","duration":4.28440000000046,"failureMessages":[],"meta":{}},{"ancestorTitles":["CB — camino basico del validate()"],"fullName":"CB — camino basico del validate() CB-03 | estado no booleano → error en estado","status":"passed","title":"CB-03 | estado no booleano → error en estado","duration":3.1323999999995067,"failureMessages":[],"meta":{}},{"ancestorTitles":["CB — camino basico del validate()"],"fullName":"CB — camino basico del validate() CB-04 | varios campos invalidos simultaneamente → multiples errores","status":"passed","title":"CB-04 | varios campos invalidos simultaneamente → multiples errores","duration":7.009500000000116,"failureMessages":[],"meta":{}}],"startTime":1779892230524,"endTime":1779892230612.0095,"status":"passed","message":"","name":"C:/Users/Reinel Alfaro/Desktop/proyec-EduCampus/EduCampus/src/tests/useCursoValidator.test.jsx"},{"assertionResults":[{"ancestorTitles":["CE — campo nombres"],"fullName":"CE — campo nombres CE-01 | valido: nombre con 3 o mas caracteres","status":"passed","title":"CE-01 | valido: nombre con 3 o mas caracteres","duration":25.07259999999951,"failureMessages":[],"meta":{}},{"ancestorTitles":["CE — campo nombres"],"fullName":"CE — campo nombres CE-02 | invalido: nombre con menos de 3 caracteres","status":"passed","title":"CE-02 | invalido: nombre con menos de 3 caracteres","duration":3.6437999999998283,"failureMessages":[],"meta":{}},{"ancestorTitles":["CE — campo nombres"],"fullName":"CE — campo nombres CE-03 | invalido: nombre vacio","status":"passed","title":"CE-03 | invalido: nombre vacio","duration":7.356800000000476,"failureMessages":[],"meta":{}},{"ancestorTitles":["CE — campo especialidad"],"fullName":"CE — campo especialidad CE-04 | valido: especialidad con 3 o mas caracteres","status":"passed","title":"CE-04 | valido: especialidad con 3 o mas caracteres","duration":6.5461999999997715,"failureMessages":[],"meta":{}},{"ancestorTitles":["CE — campo especialidad"],"fullName":"CE — campo especialidad CE-05 | invalido: especialidad con menos de 3 caracteres","status":"passed","title":"CE-05 | invalido: especialidad con menos de 3 caracteres","duration":9.482299999999668,"failureMessages":[],"meta":{}},{"ancestorTitles":["CE — campo especialidad"],"fullName":"CE — campo especialidad CE-06 | invalido: especialidad vacia","status":"passed","title":"CE-06 | invalido: especialidad vacia","duration":5.9465000000000146,"failureMessages":[],"meta":{}},{"ancestorTitles":["CE — campo correo"],"fullName":"CE — campo correo CE-07 | valido: correo con formato correcto","status":"passed","title":"CE-07 | valido: correo con formato correcto","duration":4.100600000000668,"failureMessages":[],"meta":{}},{"ancestorTitles":["CE — campo correo"],"fullName":"CE — campo correo CE-08 | invalido: correo sin dominio","status":"passed","title":"CE-08 | invalido: correo sin dominio","duration":6.3121000000001,"failureMessages":[],"meta":{}},{"ancestorTitles":["CE — campo correo"],"fullName":"CE — campo correo CE-09 | invalido: correo vacio","status":"passed","title":"CE-09 | invalido: correo vacio","duration":12.70510000000013,"failureMessages":[],"meta":{}},{"ancestorTitles":["VL — campo especialidad (limite 3 chars)"],"fullName":"VL — campo especialidad (limite 3 chars) VL-01 | 2 caracteres → invalido","status":"passed","title":"VL-01 | 2 caracteres → invalido","duration":2.4390000000003056,"failureMessages":[],"meta":{}},{"ancestorTitles":["VL — campo especialidad (limite 3 chars)"],"fullName":"VL — campo especialidad (limite 3 chars) VL-02 | exactamente 3 caracteres → valido","status":"passed","title":"VL-02 | exactamente 3 caracteres → valido","duration":2.125,"failureMessages":[],"meta":{}},{"ancestorTitles":["VL — campo especialidad (limite 3 chars)"],"fullName":"VL — campo especialidad (limite 3 chars) VL-03 | 4 caracteres → valido","status":"passed","title":"VL-03 | 4 caracteres → valido","duration":2.05829999999969,"failureMessages":[],"meta":{}},{"ancestorTitles":["VL — campo cedula (limite 6 chars)"],"fullName":"VL — campo cedula (limite 6 chars) VL-04 | 5 caracteres → invalido","status":"passed","title":"VL-04 | 5 caracteres → invalido","duration":1.0636999999996988,"failureMessages":[],"meta":{}},{"ancestorTitles":["VL — campo cedula (limite 6 chars)"],"fullName":"VL — campo cedula (limite 6 chars) VL-05 | exactamente 6 caracteres → valido","status":"passed","title":"VL-05 | exactamente 6 caracteres → valido","duration":0.7845000000006621,"failureMessages":[],"meta":{}},{"ancestorTitles":["VL — campo cedula (limite 6 chars)"],"fullName":"VL — campo cedula (limite 6 chars) VL-06 | 10 caracteres → valido","status":"passed","title":"VL-06 | 10 caracteres → valido","duration":1.8647000000000844,"failureMessages":[],"meta":{}},{"ancestorTitles":["CB — camino basico del validate()"],"fullName":"CB — camino basico del validate() CB-01 | camino feliz: todos los campos validos → retorna true","status":"passed","title":"CB-01 | camino feliz: todos los campos validos → retorna true","duration":3.0286999999998443,"failureMessages":[],"meta":{}},{"ancestorTitles":["CB — camino basico del validate()"],"fullName":"CB — camino basico del validate() CB-02 | todos los campos invalidos → multiples errores","status":"passed","title":"CB-02 | todos los campos invalidos → multiples errores","duration":2.3896999999997206,"failureMessages":[],"meta":{}},{"ancestorTitles":["CB — camino basico del validate()"],"fullName":"CB — camino basico del validate() CB-03 | modo edicion sin contraseña → no valida contraseña","status":"passed","title":"CB-03 | modo edicion sin contraseña → no valida contraseña","duration":3.302900000000591,"failureMessages":[],"meta":{}},{"ancestorTitles":["CB — camino basico del validate()"],"fullName":"CB — camino basico del validate() CB-04 | estado no booleano → genera error de estado","status":"passed","title":"CB-04 | estado no booleano → genera error de estado","duration":2.0700000000006185,"failureMessages":[],"meta":{}}],"startTime":1779892230531,"endTime":1779892230636.07,"status":"passed","message":"","name":"C:/Users/Reinel Alfaro/Desktop/proyec-EduCampus/EduCampus/src/tests/useDocenteValidator.test.jsx"},{"assertionResults":[{"ancestorTitles":["CE — campo nombres"],"fullName":"CE — campo nombres CE-01 | valido: nombre con 3 o mas caracteres","status":"passed","title":"CE-01 | valido: nombre con 3 o mas caracteres","duration":34.58620000000019,"failureMessages":[],"meta":{}},{"ancestorTitles":["CE — campo nombres"],"fullName":"CE — campo nombres CE-02 | invalido: nombre con menos de 3 caracteres","status":"passed","title":"CE-02 | invalido: nombre con menos de 3 caracteres","duration":5.568299999999908,"failureMessages":[],"meta":{}},{"ancestorTitles":["CE — campo nombres"],"fullName":"CE — campo nombres CE-03 | invalido: nombre vacio","status":"passed","title":"CE-03 | invalido: nombre vacio","duration":5.450099999999111,"failureMessages":[],"meta":{}},{"ancestorTitles":["CE — campo cedula"],"fullName":"CE — campo cedula CE-04 | valido: cedula con 6 o mas caracteres","status":"passed","title":"CE-04 | valido: cedula con 6 o mas caracteres","duration":4.472099999999955,"failureMessages":[],"meta":{}},{"ancestorTitles":["CE — campo cedula"],"fullName":"CE — campo cedula CE-05 | invalido: cedula con menos de 6 caracteres","status":"passed","title":"CE-05 | invalido: cedula con menos de 6 caracteres","duration":2.982600000000275,"failureMessages":[],"meta":{}},{"ancestorTitles":["CE — campo cedula"],"fullName":"CE — campo cedula CE-06 | invalido: cedula vacia","status":"passed","title":"CE-06 | invalido: cedula vacia","duration":2.955800000000636,"failureMessages":[],"meta":{}},{"ancestorTitles":["CE — campo correo"],"fullName":"CE — campo correo CE-07 | valido: correo con formato correcto","status":"passed","title":"CE-07 | valido: correo con formato correcto","duration":1.8675999999995838,"failureMessages":[],"meta":{}},{"ancestorTitles":["CE — campo correo"],"fullName":"CE — campo correo CE-08 | invalido: correo sin arroba","status":"passed","title":"CE-08 | invalido: correo sin arroba","duration":3.0821999999998297,"failureMessages":[],"meta":{}},{"ancestorTitles":["CE — campo correo"],"fullName":"CE — campo correo CE-09 | invalido: correo vacio","status":"passed","title":"CE-09 | invalido: correo vacio","duration":1.970700000000761,"failureMessages":[],"meta":{}},{"ancestorTitles":["CE — campo contraseña"],"fullName":"CE — campo contraseña CE-10 | valido: contraseña con 6 o mas caracteres","status":"passed","title":"CE-10 | valido: contraseña con 6 o mas caracteres","duration":1.929599999999482,"failureMessages":[],"meta":{}},{"ancestorTitles":["CE — campo contraseña"],"fullName":"CE — campo contraseña CE-11 | invalido: contraseña con menos de 6 caracteres","status":"passed","title":"CE-11 | invalido: contraseña con menos de 6 caracteres","duration":5.195600000000013,"failureMessages":[],"meta":{}},{"ancestorTitles":["CE — campo contraseña"],"fullName":"CE — campo contraseña CE-12 | invalido: contraseña vacia en registro","status":"passed","title":"CE-12 | invalido: contraseña vacia en registro","duration":2.3771999999999025,"failureMessages":[],"meta":{}},{"ancestorTitles":["VL — campo nombres (limite 3 chars)"],"fullName":"VL — campo nombres (limite 3 chars) VL-01 | justo debajo del limite: 2 caracteres → invalido","status":"passed","title":"VL-01 | justo debajo del limite: 2 caracteres → invalido","duration":1.8913000000002285,"failureMessages":[],"meta":{}},{"ancestorTitles":["VL — campo nombres (limite 3 chars)"],"fullName":"VL — campo nombres (limite 3 chars) VL-02 | exactamente en el limite: 3 caracteres → valido","status":"passed","title":"VL-02 | exactamente en el limite: 3 caracteres → valido","duration":1.4048000000002503,"failureMessages":[],"meta":{}},{"ancestorTitles":["VL — campo nombres (limite 3 chars)"],"fullName":"VL — campo nombres (limite 3 chars) VL-03 | justo encima del limite: 4 caracteres → valido","status":"passed","title":"VL-03 | justo encima del limite: 4 caracteres → valido","duration":1.008600000000115,"failureMessages":[],"meta":{}},{"ancestorTitles":["VL — campo contraseña (limite 6 chars)"],"fullName":"VL — campo contraseña (limite 6 chars) VL-04 | 5 caracteres → invalido","status":"passed","title":"VL-04 | 5 caracteres → invalido","duration":0.8831999999993059,"failureMessages":[],"meta":{}},{"ancestorTitles":["VL — campo contraseña (limite 6 chars)"],"fullName":"VL — campo contraseña (limite 6 chars) VL-05 | exactamente 6 caracteres → valido","status":"passed","title":"VL-05 | exactamente 6 caracteres → valido","duration":0.9737999999997555,"failureMessages":[],"meta":{}},{"ancestorTitles":["VL — campo contraseña (limite 6 chars)"],"fullName":"VL — campo contraseña (limite 6 chars) VL-06 | 7 caracteres → valido","status":"passed","title":"VL-06 | 7 caracteres → valido","duration":1.2900000000008731,"failureMessages":[],"meta":{}},{"ancestorTitles":["CB — camino basico del validate()"],"fullName":"CB — camino basico del validate() CB-01 | camino feliz: todos los campos validos → retorna true sin errores","status":"passed","title":"CB-01 | camino feliz: todos los campos validos → retorna true sin errores","duration":2.1785999999992782,"failureMessages":[],"meta":{}},{"ancestorTitles":["CB — camino basico del validate()"],"fullName":"CB — camino basico del validate() CB-02 | multiples campos invalidos → retorna false con varios errores","status":"passed","title":"CB-02 | multiples campos invalidos → retorna false con varios errores","duration":1.279500000000553,"failureMessages":[],"meta":{}},{"ancestorTitles":["CB — camino basico del validate()"],"fullName":"CB — camino basico del validate() CB-03 | modo edicion sin contraseña → no valida contraseña","status":"passed","title":"CB-03 | modo edicion sin contraseña → no valida contraseña","duration":0.7019000000000233,"failureMessages":[],"meta":{}},{"ancestorTitles":["CB — camino basico del validate()"],"fullName":"CB — camino basico del validate() CB-04 | modo edicion con contraseña corta → si valida contraseña","status":"passed","title":"CB-04 | modo edicion con contraseña corta → si valida contraseña","duration":0.6426999999994223,"failureMessages":[],"meta":{}}],"startTime":1779892230564,"endTime":1779892230650.6426,"status":"passed","message":"","name":"C:/Users/Reinel Alfaro/Desktop/proyec-EduCampus/EduCampus/src/tests/useEstudianteValidator.test.jsx"}]}